<?xml version="1.0" ?>
<coverage version="7.11.0" timestamp="1762852249160" lines-valid="6136" lines-covered="15" line-rate="0.002445" branches-valid="2410" branches-covered="0" branch-rate="0" complexity="0">
	<!-- Generated by coverage.py: https://coverage.readthedocs.io/en/7.11.0 -->
	<!-- Based on https://raw.githubusercontent.com/cobertura/web/master/htdocs/xml/coverage-04.dtd -->
	<sources>
		<source>/Users/roelvangils/zen_bridge/zen</source>
	</sources>
	<packages>
		<package name="." line-rate="0.005727" branch-rate="0" complexity="0">
			<classes>
				<class name="__init__.py" filename="__init__.py" complexity="0" line-rate="1" branch-rate="1">
					<methods/>
					<lines>
						<line number="5" hits="1"/>
					</lines>
				</class>
				<class name="bridge_ws.py" filename="bridge_ws.py" complexity="0" line-rate="0" branch-rate="0">
					<methods/>
					<lines>
						<line number="6" hits="0"/>
						<line number="7" hits="0"/>
						<line number="8" hits="0"/>
						<line number="9" hits="0"/>
						<line number="10" hits="0"/>
						<line number="12" hits="0"/>
						<line number="14" hits="0"/>
						<line number="15" hits="0"/>
						<line number="16" hits="0"/>
						<line number="17" hits="0"/>
						<line number="18" hits="0"/>
						<line number="19" hits="0"/>
						<line number="21" hits="0"/>
						<line number="30" hits="0"/>
						<line number="32" hits="0"/>
						<line number="33" hits="0"/>
						<line number="36" hits="0"/>
						<line number="39" hits="0"/>
						<line number="42" hits="0"/>
						<line number="45" hits="0"/>
						<line number="48" hits="0"/>
						<line number="51" hits="0"/>
						<line number="54" hits="0"/>
						<line number="57" hits="0"/>
						<line number="60" hits="0"/>
						<line number="62" hits="0"/>
						<line number="63" hits="0"/>
						<line number="68" hits="0" branch="true" condition-coverage="0% (0/2)" missing-branches="69,71"/>
						<line number="69" hits="0"/>
						<line number="71" hits="0"/>
						<line number="76" hits="0" branch="true" condition-coverage="0% (0/2)" missing-branches="exit,77"/>
						<line number="77" hits="0"/>
						<line number="80" hits="0"/>
						<line number="83" hits="0"/>
						<line number="84" hits="0"/>
						<line number="86" hits="0"/>
						<line number="88" hits="0"/>
						<line number="89" hits="0"/>
						<line number="90" hits="0"/>
						<line number="94" hits="0" branch="true" condition-coverage="0% (0/2)" missing-branches="95,106"/>
						<line number="95" hits="0"/>
						<line number="96" hits="0" branch="true" condition-coverage="0% (0/2)" missing-branches="97,106"/>
						<line number="97" hits="0"/>
						<line number="98" hits="0"/>
						<line number="101" hits="0"/>
						<line number="102" hits="0"/>
						<line number="103" hits="0"/>
						<line number="104" hits="0"/>
						<line number="106" hits="0"/>
						<line number="107" hits="0" branch="true" condition-coverage="0% (0/2)" missing-branches="108,208"/>
						<line number="108" hits="0" branch="true" condition-coverage="0% (0/2)" missing-branches="109,204"/>
						<line number="109" hits="0"/>
						<line number="110" hits="0"/>
						<line number="113" hits="0"/>
						<line number="114" hits="0"/>
						<line number="115" hits="0"/>
						<line number="116" hits="0"/>
						<line number="117" hits="0"/>
						<line number="119" hits="0"/>
						<line number="122" hits="0" branch="true" condition-coverage="0% (0/2)" missing-branches="123,125"/>
						<line number="123" hits="0"/>
						<line number="125" hits="0" branch="true" condition-coverage="0% (0/2)" missing-branches="128,143"/>
						<line number="128" hits="0"/>
						<line number="130" hits="0"/>
						<line number="131" hits="0" branch="true" condition-coverage="0% (0/2)" missing-branches="107,132"/>
						<line number="132" hits="0"/>
						<line number="133" hits="0"/>
						<line number="141" hits="0"/>
						<line number="143" hits="0" branch="true" condition-coverage="0% (0/2)" missing-branches="145,172"/>
						<line number="145" hits="0"/>
						<line number="146" hits="0"/>
						<line number="148" hits="0"/>
						<line number="150" hits="0"/>
						<line number="155" hits="0"/>
						<line number="160" hits="0"/>
						<line number="161" hits="0"/>
						<line number="164" hits="0"/>
						<line number="165" hits="0"/>
						<line number="167" hits="0"/>
						<line number="168" hits="0"/>
						<line number="169" hits="0"/>
						<line number="170" hits="0"/>
						<line number="172" hits="0" branch="true" condition-coverage="0% (0/2)" missing-branches="174,183"/>
						<line number="174" hits="0"/>
						<line number="180" hits="0"/>
						<line number="181" hits="0"/>
						<line number="183" hits="0" branch="true" condition-coverage="0% (0/2)" missing-branches="185,187"/>
						<line number="185" hits="0"/>
						<line number="187" hits="0" branch="true" condition-coverage="0% (0/2)" missing-branches="107,189"/>
						<line number="189" hits="0"/>
						<line number="195" hits="0"/>
						<line number="196" hits="0"/>
						<line number="197" hits="0"/>
						<line number="199" hits="0"/>
						<line number="200" hits="0"/>
						<line number="201" hits="0"/>
						<line number="202" hits="0"/>
						<line number="204" hits="0" branch="true" condition-coverage="0% (0/2)" missing-branches="107,205"/>
						<line number="205" hits="0"/>
						<line number="208" hits="0"/>
						<line number="209" hits="0"/>
						<line number="210" hits="0" branch="true" condition-coverage="0% (0/2)" missing-branches="211,212"/>
						<line number="211" hits="0"/>
						<line number="212" hits="0"/>
						<line number="213" hits="0"/>
						<line number="215" hits="0"/>
						<line number="218" hits="0"/>
						<line number="221" hits="0"/>
						<line number="222" hits="0"/>
						<line number="225" hits="0"/>
						<line number="228" hits="0"/>
						<line number="230" hits="0" branch="true" condition-coverage="0% (0/2)" missing-branches="232,235"/>
						<line number="232" hits="0"/>
						<line number="233" hits="0"/>
						<line number="235" hits="0" branch="true" condition-coverage="0% (0/2)" missing-branches="236,253"/>
						<line number="236" hits="0"/>
						<line number="237" hits="0"/>
						<line number="239" hits="0"/>
						<line number="240" hits="0"/>
						<line number="241" hits="0"/>
						<line number="242" hits="0" branch="true" condition-coverage="0% (0/2)" missing-branches="243,245"/>
						<line number="243" hits="0"/>
						<line number="245" hits="0"/>
						<line number="246" hits="0"/>
						<line number="247" hits="0"/>
						<line number="248" hits="0"/>
						<line number="249" hits="0"/>
						<line number="250" hits="0" branch="true" condition-coverage="0% (0/2)" missing-branches="251,255"/>
						<line number="251" hits="0"/>
						<line number="253" hits="0"/>
						<line number="255" hits="0"/>
						<line number="258" hits="0"/>
						<line number="260" hits="0"/>
						<line number="262" hits="0"/>
						<line number="263" hits="0"/>
						<line number="264" hits="0"/>
						<line number="266" hits="0" branch="true" condition-coverage="0% (0/2)" missing-branches="267,269"/>
						<line number="267" hits="0"/>
						<line number="269" hits="0"/>
						<line number="271" hits="0"/>
						<line number="273" hits="0"/>
						<line number="274" hits="0"/>
						<line number="277" hits="0"/>
						<line number="279" hits="0"/>
						<line number="281" hits="0" branch="true" condition-coverage="0% (0/2)" missing-branches="282,284"/>
						<line number="282" hits="0"/>
						<line number="284" hits="0" branch="true" condition-coverage="0% (0/2)" missing-branches="285,286"/>
						<line number="285" hits="0"/>
						<line number="286" hits="0" branch="true" condition-coverage="0% (0/2)" missing-branches="288,297"/>
						<line number="288" hits="0"/>
						<line number="289" hits="0" branch="true" condition-coverage="0% (0/2)" missing-branches="291,295"/>
						<line number="291" hits="0"/>
						<line number="292" hits="0"/>
						<line number="295" hits="0"/>
						<line number="297" hits="0"/>
						<line number="300" hits="0"/>
						<line number="302" hits="0"/>
						<line number="303" hits="0"/>
						<line number="304" hits="0"/>
						<line number="306" hits="0"/>
						<line number="309" hits="0"/>
						<line number="314" hits="0"/>
						<line number="319" hits="0"/>
						<line number="321" hits="0"/>
						<line number="323" hits="0"/>
						<line number="325" hits="0"/>
						<line number="326" hits="0"/>
						<line number="327" hits="0"/>
						<line number="328" hits="0"/>
						<line number="329" hits="0"/>
						<line number="332" hits="0"/>
						<line number="337" hits="0"/>
						<line number="339" hits="0"/>
						<line number="341" hits="0"/>
						<line number="344" hits="0"/>
						<line number="346" hits="0"/>
						<line number="347" hits="0"/>
						<line number="358" hits="0"/>
						<line number="360" hits="0"/>
						<line number="361" hits="0"/>
						<line number="362" hits="0"/>
						<line number="363" hits="0"/>
						<line number="366" hits="0"/>
						<line number="367" hits="0"/>
						<line number="368" hits="0"/>
						<line number="369" hits="0"/>
						<line number="370" hits="0"/>
						<line number="371" hits="0"/>
						<line number="372" hits="0"/>
						<line number="373" hits="0"/>
						<line number="376" hits="0"/>
						<line number="379" hits="0"/>
						<line number="380" hits="0"/>
						<line number="381" hits="0"/>
						<line number="382" hits="0"/>
						<line number="383" hits="0"/>
						<line number="386" hits="0"/>
						<line number="389" hits="0"/>
						<line number="390" hits="0"/>
						<line number="393" hits="0"/>
						<line number="394" hits="0"/>
						<line number="395" hits="0"/>
						<line number="398" hits="0"/>
						<line number="399" hits="0"/>
						<line number="400" hits="0"/>
						<line number="401" hits="0"/>
						<line number="404" hits="0"/>
					</lines>
				</class>
				<class name="cli.py" filename="cli.py" complexity="0" line-rate="0" branch-rate="0">
					<methods/>
					<lines>
						<line number="6" hits="0"/>
						<line number="7" hits="0"/>
						<line number="8" hits="0"/>
						<line number="9" hits="0"/>
						<line number="10" hits="0"/>
						<line number="11" hits="0"/>
						<line number="12" hits="0"/>
						<line number="14" hits="0"/>
						<line number="16" hits="0"/>
						<line number="17" hits="0"/>
						<line number="18" hits="0"/>
						<line number="21" hits="0"/>
						<line number="22" hits="0"/>
						<line number="25" hits="0"/>
						<line number="27" hits="0" branch="true" condition-coverage="0% (0/2)" missing-branches="28,31"/>
						<line number="28" hits="0"/>
						<line number="29" hits="0"/>
						<line number="31" hits="0"/>
						<line number="33" hits="0" branch="true" condition-coverage="0% (0/2)" missing-branches="34,35"/>
						<line number="34" hits="0"/>
						<line number="35" hits="0" branch="true" condition-coverage="0% (0/2)" missing-branches="36,38"/>
						<line number="36" hits="0"/>
						<line number="38" hits="0" branch="true" condition-coverage="0% (0/2)" missing-branches="39,40"/>
						<line number="39" hits="0"/>
						<line number="40" hits="0" branch="true" condition-coverage="0% (0/2)" missing-branches="41,42"/>
						<line number="41" hits="0"/>
						<line number="42" hits="0" branch="true" condition-coverage="0% (0/2)" missing-branches="43,45"/>
						<line number="43" hits="0"/>
						<line number="45" hits="0"/>
						<line number="48" hits="0"/>
						<line number="66" hits="0" branch="true" condition-coverage="0% (0/2)" missing-branches="67,70"/>
						<line number="67" hits="0"/>
						<line number="70" hits="0"/>
						<line number="71" hits="0"/>
						<line number="74" hits="0" branch="true" condition-coverage="0% (0/2)" missing-branches="75,78"/>
						<line number="75" hits="0"/>
						<line number="78" hits="0" branch="true" condition-coverage="0% (0/2)" missing-branches="79,82"/>
						<line number="79" hits="0"/>
						<line number="82" hits="0"/>
						<line number="85" hits="0"/>
						<line number="88" hits="0"/>
						<line number="89" hits="0"/>
						<line number="90" hits="0"/>
						<line number="91" hits="0"/>
						<line number="92" hits="0"/>
						<line number="93" hits="0"/>
						<line number="95" hits="0"/>
						<line number="97" hits="0"/>
						<line number="99" hits="0" branch="true" condition-coverage="0% (0/2)" missing-branches="exit,100"/>
						<line number="100" hits="0"/>
						<line number="101" hits="0"/>
						<line number="102" hits="0"/>
						<line number="104" hits="0" branch="true" condition-coverage="0% (0/2)" missing-branches="exit,105"/>
						<line number="105" hits="0"/>
						<line number="106" hits="0" branch="true" condition-coverage="0% (0/2)" missing-branches="107,110"/>
						<line number="107" hits="0"/>
						<line number="110" hits="0"/>
						<line number="111" hits="0"/>
						<line number="112" hits="0" branch="true" condition-coverage="0% (0/2)" missing-branches="113,116"/>
						<line number="113" hits="0"/>
						<line number="116" hits="0"/>
						<line number="117" hits="0" branch="true" condition-coverage="0% (0/2)" missing-branches="118,126"/>
						<line number="118" hits="0" branch="true" condition-coverage="0% (0/2)" missing-branches="119,126"/>
						<line number="119" hits="0"/>
						<line number="120" hits="0"/>
						<line number="121" hits="0"/>
						<line number="122" hits="0" branch="true" condition-coverage="0% (0/2)" missing-branches="123,124"/>
						<line number="123" hits="0"/>
						<line number="124" hits="0"/>
						<line number="126" hits="0"/>
						<line number="129" hits="0"/>
						<line number="130" hits="0"/>
						<line number="131" hits="0"/>
						<line number="133" hits="0"/>
						<line number="136" hits="0"/>
						<line number="137" hits="0"/>
						<line number="138" hits="0"/>
						<line number="139" hits="0"/>
						<line number="140" hits="0"/>
						<line number="143" hits="0"/>
						<line number="144" hits="0"/>
						<line number="145" hits="0"/>
						<line number="159" hits="0"/>
						<line number="162" hits="0" branch="true" condition-coverage="0% (0/2)" missing-branches="163,171"/>
						<line number="163" hits="0" branch="true" condition-coverage="0% (0/2)" missing-branches="164,166"/>
						<line number="164" hits="0"/>
						<line number="166" hits="0"/>
						<line number="169" hits="0"/>
						<line number="171" hits="0"/>
						<line number="172" hits="0" branch="true" condition-coverage="0% (0/2)" missing-branches="173,175"/>
						<line number="173" hits="0"/>
						<line number="175" hits="0"/>
						<line number="178" hits="0" branch="true" condition-coverage="0% (0/2)" missing-branches="179,180"/>
						<line number="179" hits="0"/>
						<line number="180" hits="0" branch="true" condition-coverage="0% (0/2)" missing-branches="181,184"/>
						<line number="181" hits="0"/>
						<line number="184" hits="0"/>
						<line number="185" hits="0"/>
						<line number="188" hits="0" branch="true" condition-coverage="0% (0/2)" missing-branches="exit,189"/>
						<line number="189" hits="0"/>
						<line number="191" hits="0"/>
						<line number="192" hits="0"/>
						<line number="193" hits="0"/>
						<line number="196" hits="0"/>
						<line number="197" hits="0"/>
						<line number="198" hits="0"/>
						<line number="199" hits="0"/>
						<line number="202" hits="0"/>
						<line number="210" hits="0"/>
						<line number="212" hits="0"/>
						<line number="213" hits="0"/>
						<line number="214" hits="0"/>
						<line number="215" hits="0"/>
						<line number="217" hits="0" branch="true" condition-coverage="0% (0/2)" missing-branches="exit,218"/>
						<line number="218" hits="0"/>
						<line number="220" hits="0"/>
						<line number="221" hits="0"/>
						<line number="222" hits="0"/>
						<line number="225" hits="0"/>
						<line number="227" hits="0" branch="true" condition-coverage="0% (0/2)" missing-branches="228,230"/>
						<line number="228" hits="0"/>
						<line number="230" hits="0"/>
						<line number="232" hits="0"/>
						<line number="233" hits="0"/>
						<line number="234" hits="0"/>
						<line number="235" hits="0"/>
						<line number="237" hits="0"/>
						<line number="240" hits="0"/>
						<line number="241" hits="0"/>
						<line number="242" hits="0"/>
						<line number="245" hits="0"/>
						<line number="246" hits="0"/>
						<line number="247" hits="0" branch="true" condition-coverage="0% (0/2)" missing-branches="248,264"/>
						<line number="248" hits="0"/>
						<line number="249" hits="0" branch="true" condition-coverage="0% (0/2)" missing-branches="250,264"/>
						<line number="250" hits="0"/>
						<line number="257" hits="0"/>
						<line number="258" hits="0"/>
						<line number="260" hits="0"/>
						<line number="261" hits="0"/>
						<line number="264" hits="0"/>
						<line number="265" hits="0"/>
						<line number="266" hits="0"/>
						<line number="267" hits="0"/>
						<line number="268" hits="0"/>
						<line number="271" hits="0"/>
						<line number="272" hits="0"/>
						<line number="277" hits="0"/>
						<line number="278" hits="0" branch="true" condition-coverage="0% (0/2)" missing-branches="279,291"/>
						<line number="279" hits="0"/>
						<line number="280" hits="0"/>
						<line number="282" hits="0"/>
						<line number="287" hits="0"/>
						<line number="288" hits="0"/>
						<line number="291" hits="0"/>
						<line number="292" hits="0"/>
						<line number="294" hits="0"/>
						<line number="295" hits="0"/>
						<line number="298" hits="0"/>
						<line number="299" hits="0" branch="true" condition-coverage="0% (0/2)" missing-branches="300,301"/>
						<line number="300" hits="0"/>
						<line number="301" hits="0" branch="true" condition-coverage="0% (0/2)" missing-branches="302,308"/>
						<line number="302" hits="0"/>
						<line number="308" hits="0"/>
						<line number="309" hits="0" branch="true" condition-coverage="0% (0/2)" missing-branches="310,311"/>
						<line number="310" hits="0"/>
						<line number="311" hits="0" branch="true" condition-coverage="0% (0/2)" missing-branches="312,318"/>
						<line number="312" hits="0"/>
						<line number="318" hits="0" branch="true" condition-coverage="0% (0/2)" missing-branches="319,327"/>
						<line number="319" hits="0"/>
						<line number="327" hits="0" branch="true" condition-coverage="0% (0/2)" missing-branches="328,337"/>
						<line number="328" hits="0"/>
						<line number="329" hits="0"/>
						<line number="330" hits="0"/>
						<line number="331" hits="0"/>
						<line number="332" hits="0"/>
						<line number="334" hits="0"/>
						<line number="335" hits="0"/>
						<line number="337" hits="0"/>
						<line number="340" hits="0"/>
						<line number="342" hits="0"/>
						<line number="343" hits="0"/>
						<line number="345" hits="0"/>
						<line number="346" hits="0"/>
						<line number="349" hits="0"/>
						<line number="365" hits="0"/>
						<line number="366" hits="0"/>
						<line number="369" hits="0"/>
						<line number="371" hits="0"/>
						<line number="372" hits="0"/>
						<line number="374" hits="0"/>
						<line number="376" hits="0"/>
						<line number="377" hits="0"/>
						<line number="379" hits="0"/>
						<line number="380" hits="0" branch="true" condition-coverage="0% (0/2)" missing-branches="381,415"/>
						<line number="381" hits="0"/>
						<line number="382" hits="0"/>
						<line number="385" hits="0"/>
						<line number="396" hits="0"/>
						<line number="397" hits="0" branch="true" condition-coverage="0% (0/2)" missing-branches="398,413"/>
						<line number="398" hits="0"/>
						<line number="399" hits="0" branch="true" condition-coverage="0% (0/2)" missing-branches="400,404"/>
						<line number="400" hits="0"/>
						<line number="401" hits="0" branch="true" condition-coverage="0% (0/2)" missing-branches="402,403"/>
						<line number="402" hits="0"/>
						<line number="403" hits="0"/>
						<line number="404" hits="0" branch="true" condition-coverage="0% (0/2)" missing-branches="405,406"/>
						<line number="405" hits="0"/>
						<line number="406" hits="0" branch="true" condition-coverage="0% (0/2)" missing-branches="407,408"/>
						<line number="407" hits="0"/>
						<line number="408" hits="0" branch="true" condition-coverage="0% (0/2)" missing-branches="397,409"/>
						<line number="409" hits="0"/>
						<line number="410" hits="0" branch="true" condition-coverage="0% (0/2)" missing-branches="397,411"/>
						<line number="411" hits="0"/>
						<line number="413" hits="0"/>
						<line number="415" hits="0"/>
						<line number="417" hits="0"/>
						<line number="418" hits="0"/>
						<line number="421" hits="0"/>
						<line number="422" hits="0"/>
						<line number="425" hits="0"/>
						<line number="426" hits="0"/>
						<line number="428" hits="0"/>
						<line number="430" hits="0" branch="true" condition-coverage="0% (0/2)" missing-branches="431,701"/>
						<line number="431" hits="0"/>
						<line number="701" hits="0"/>
						<line number="713" hits="0"/>
						<line number="714" hits="0"/>
						<line number="716" hits="0" branch="true" condition-coverage="0% (0/2)" missing-branches="717,1415"/>
						<line number="717" hits="0"/>
						<line number="720" hits="0"/>
						<line number="721" hits="0"/>
						<line number="725" hits="0" branch="true" condition-coverage="0% (0/2)" missing-branches="726,729"/>
						<line number="726" hits="0"/>
						<line number="727" hits="0"/>
						<line number="729" hits="0"/>
						<line number="730" hits="0"/>
						<line number="731" hits="0"/>
						<line number="732" hits="0"/>
						<line number="733" hits="0"/>
						<line number="736" hits="0" branch="true" condition-coverage="0% (0/2)" missing-branches="737,790"/>
						<line number="737" hits="0"/>
						<line number="738" hits="0"/>
						<line number="739" hits="0" branch="true" condition-coverage="0% (0/2)" missing-branches="740,751"/>
						<line number="740" hits="0"/>
						<line number="741" hits="0"/>
						<line number="742" hits="0"/>
						<line number="743" hits="0" branch="true" condition-coverage="0% (0/2)" missing-branches="744,751"/>
						<line number="744" hits="0"/>
						<line number="746" hits="0"/>
						<line number="747" hits="0"/>
						<line number="748" hits="0"/>
						<line number="751" hits="0" branch="true" condition-coverage="0% (0/2)" missing-branches="753,790"/>
						<line number="753" hits="0"/>
						<line number="754" hits="0" branch="true" condition-coverage="0% (0/2)" missing-branches="755,758"/>
						<line number="755" hits="0"/>
						<line number="758" hits="0"/>
						<line number="759" hits="0" branch="true" condition-coverage="0% (0/2)" missing-branches="760,763"/>
						<line number="760" hits="0"/>
						<line number="763" hits="0"/>
						<line number="764" hits="0" branch="true" condition-coverage="0% (0/2)" missing-branches="765,768"/>
						<line number="765" hits="0"/>
						<line number="768" hits="0"/>
						<line number="769" hits="0"/>
						<line number="771" hits="0"/>
						<line number="772" hits="0"/>
						<line number="773" hits="0" branch="true" condition-coverage="0% (0/2)" missing-branches="774,790"/>
						<line number="774" hits="0"/>
						<line number="775" hits="0" branch="true" condition-coverage="0% (0/2)" missing-branches="776,790"/>
						<line number="776" hits="0"/>
						<line number="777" hits="0"/>
						<line number="778" hits="0"/>
						<line number="781" hits="0"/>
						<line number="782" hits="0" branch="true" condition-coverage="0% (0/2)" missing-branches="783,790"/>
						<line number="783" hits="0"/>
						<line number="784" hits="0"/>
						<line number="785" hits="0"/>
						<line number="786" hits="0"/>
						<line number="787" hits="0"/>
						<line number="790" hits="0" branch="true" condition-coverage="0% (0/2)" missing-branches="791,799"/>
						<line number="791" hits="0"/>
						<line number="793" hits="0"/>
						<line number="794" hits="0"/>
						<line number="795" hits="0"/>
						<line number="796" hits="0"/>
						<line number="799" hits="0"/>
						<line number="800" hits="0"/>
						<line number="801" hits="0"/>
						<line number="802" hits="0"/>
						<line number="803" hits="0"/>
						<line number="804" hits="0"/>
						<line number="806" hits="0" branch="true" condition-coverage="0% (0/2)" missing-branches="807,1409"/>
						<line number="807" hits="0"/>
						<line number="808" hits="0"/>
						<line number="809" hits="0"/>
						<line number="812" hits="0"/>
						<line number="813" hits="0"/>
						<line number="816" hits="0"/>
						<line number="817" hits="0"/>
						<line number="820" hits="0"/>
						<line number="821" hits="0"/>
						<line number="822" hits="0" branch="true" condition-coverage="0% (0/2)" missing-branches="823,848"/>
						<line number="823" hits="0"/>
						<line number="824" hits="0" branch="true" condition-coverage="0% (0/2)" missing-branches="825,848"/>
						<line number="825" hits="0"/>
						<line number="826" hits="0"/>
						<line number="829" hits="0" branch="true" condition-coverage="0% (0/2)" missing-branches="831,848"/>
						<line number="831" hits="0" branch="true" condition-coverage="0% (0/2)" missing-branches="835,840"/>
						<line number="835" hits="0"/>
						<line number="836" hits="0"/>
						<line number="840" hits="0"/>
						<line number="841" hits="0"/>
						<line number="842" hits="0"/>
						<line number="843" hits="0"/>
						<line number="844" hits="0"/>
						<line number="845" hits="0"/>
						<line number="846" hits="0"/>
						<line number="848" hits="0"/>
						<line number="851" hits="0"/>
						<line number="852" hits="0"/>
						<line number="853" hits="0"/>
						<line number="854" hits="0"/>
						<line number="855" hits="0"/>
						<line number="856" hits="0"/>
						<line number="857" hits="0"/>
						<line number="858" hits="0"/>
						<line number="861" hits="0"/>
						<line number="862" hits="0"/>
						<line number="863" hits="0" branch="true" condition-coverage="0% (0/2)" missing-branches="864,880"/>
						<line number="864" hits="0"/>
						<line number="865" hits="0"/>
						<line number="866" hits="0" branch="true" condition-coverage="0% (0/2)" missing-branches="867,868"/>
						<line number="867" hits="0"/>
						<line number="868" hits="0" branch="true" condition-coverage="0% (0/2)" missing-branches="869,870"/>
						<line number="869" hits="0"/>
						<line number="870" hits="0" branch="true" condition-coverage="0% (0/2)" missing-branches="871,872"/>
						<line number="871" hits="0"/>
						<line number="872" hits="0" branch="true" condition-coverage="0% (0/2)" missing-branches="873,874"/>
						<line number="873" hits="0"/>
						<line number="874" hits="0" branch="true" condition-coverage="0% (0/2)" missing-branches="875,876"/>
						<line number="875" hits="0"/>
						<line number="876" hits="0" branch="true" condition-coverage="0% (0/2)" missing-branches="877,880"/>
						<line number="877" hits="0"/>
						<line number="880" hits="0"/>
						<line number="881" hits="0" branch="true" condition-coverage="0% (0/2)" missing-branches="886,896"/>
						<line number="886" hits="0"/>
						<line number="887" hits="0"/>
						<line number="888" hits="0" branch="true" condition-coverage="0% (0/2)" missing-branches="889,890"/>
						<line number="889" hits="0"/>
						<line number="890" hits="0" branch="true" condition-coverage="0% (0/2)" missing-branches="891,892"/>
						<line number="891" hits="0"/>
						<line number="892" hits="0" branch="true" condition-coverage="0% (0/2)" missing-branches="893,896"/>
						<line number="893" hits="0"/>
						<line number="896" hits="0"/>
						<line number="897" hits="0" branch="true" condition-coverage="0% (0/2)" missing-branches="898,914"/>
						<line number="898" hits="0"/>
						<line number="899" hits="0"/>
						<line number="900" hits="0" branch="true" condition-coverage="0% (0/2)" missing-branches="901,902"/>
						<line number="901" hits="0"/>
						<line number="902" hits="0" branch="true" condition-coverage="0% (0/2)" missing-branches="903,906"/>
						<line number="903" hits="0"/>
						<line number="906" hits="0" branch="true" condition-coverage="0% (0/2)" missing-branches="907,908"/>
						<line number="907" hits="0"/>
						<line number="908" hits="0" branch="true" condition-coverage="0% (0/2)" missing-branches="909,910"/>
						<line number="909" hits="0"/>
						<line number="910" hits="0" branch="true" condition-coverage="0% (0/2)" missing-branches="911,914"/>
						<line number="911" hits="0"/>
						<line number="914" hits="0"/>
						<line number="915" hits="0"/>
						<line number="916" hits="0"/>
						<line number="917" hits="0"/>
						<line number="920" hits="0"/>
						<line number="921" hits="0"/>
						<line number="922" hits="0"/>
						<line number="923" hits="0"/>
						<line number="926" hits="0" branch="true" condition-coverage="0% (0/2)" missing-branches="927,940"/>
						<line number="927" hits="0"/>
						<line number="928" hits="0"/>
						<line number="929" hits="0"/>
						<line number="930" hits="0" branch="true" condition-coverage="0% (0/2)" missing-branches="931,940"/>
						<line number="931" hits="0"/>
						<line number="932" hits="0" branch="true" condition-coverage="0% (0/2)" missing-branches="933,940"/>
						<line number="933" hits="0" branch="true" condition-coverage="0% (0/2)" missing-branches="934,935"/>
						<line number="934" hits="0"/>
						<line number="935" hits="0" branch="true" condition-coverage="0% (0/2)" missing-branches="936,940"/>
						<line number="936" hits="0"/>
						<line number="937" hits="0"/>
						<line number="938" hits="0"/>
						<line number="940" hits="0"/>
						<line number="941" hits="0"/>
						<line number="944" hits="0" branch="true" condition-coverage="0% (0/2)" missing-branches="945,958"/>
						<line number="945" hits="0"/>
						<line number="946" hits="0"/>
						<line number="947" hits="0"/>
						<line number="948" hits="0" branch="true" condition-coverage="0% (0/2)" missing-branches="949,958"/>
						<line number="949" hits="0"/>
						<line number="950" hits="0" branch="true" condition-coverage="0% (0/2)" missing-branches="951,958"/>
						<line number="951" hits="0" branch="true" condition-coverage="0% (0/2)" missing-branches="952,953"/>
						<line number="952" hits="0"/>
						<line number="953" hits="0" branch="true" condition-coverage="0% (0/2)" missing-branches="954,958"/>
						<line number="954" hits="0"/>
						<line number="955" hits="0"/>
						<line number="956" hits="0"/>
						<line number="958" hits="0"/>
						<line number="959" hits="0"/>
						<line number="962" hits="0" branch="true" condition-coverage="0% (0/2)" missing-branches="963,976"/>
						<line number="963" hits="0"/>
						<line number="964" hits="0"/>
						<line number="965" hits="0"/>
						<line number="966" hits="0" branch="true" condition-coverage="0% (0/2)" missing-branches="967,976"/>
						<line number="967" hits="0"/>
						<line number="968" hits="0" branch="true" condition-coverage="0% (0/2)" missing-branches="969,976"/>
						<line number="969" hits="0" branch="true" condition-coverage="0% (0/2)" missing-branches="970,971"/>
						<line number="970" hits="0"/>
						<line number="971" hits="0" branch="true" condition-coverage="0% (0/2)" missing-branches="972,976"/>
						<line number="972" hits="0"/>
						<line number="973" hits="0"/>
						<line number="974" hits="0"/>
						<line number="976" hits="0"/>
						<line number="979" hits="0"/>
						<line number="980" hits="0" branch="true" condition-coverage="0% (0/2)" missing-branches="981,995"/>
						<line number="981" hits="0"/>
						<line number="982" hits="0"/>
						<line number="983" hits="0"/>
						<line number="984" hits="0" branch="true" condition-coverage="0% (0/2)" missing-branches="985,986"/>
						<line number="985" hits="0"/>
						<line number="986" hits="0" branch="true" condition-coverage="0% (0/2)" missing-branches="987,991"/>
						<line number="987" hits="0"/>
						<line number="988" hits="0" branch="true" condition-coverage="0% (0/2)" missing-branches="989,990"/>
						<line number="989" hits="0"/>
						<line number="990" hits="0"/>
						<line number="991" hits="0" branch="true" condition-coverage="0% (0/2)" missing-branches="992,995"/>
						<line number="992" hits="0"/>
						<line number="995" hits="0"/>
						<line number="996" hits="0" branch="true" condition-coverage="0% (0/2)" missing-branches="997,1045"/>
						<line number="997" hits="0"/>
						<line number="998" hits="0"/>
						<line number="999" hits="0"/>
						<line number="1000" hits="0"/>
						<line number="1001" hits="0" branch="true" condition-coverage="0% (0/2)" missing-branches="1002,1006"/>
						<line number="1002" hits="0" branch="true" condition-coverage="0% (0/2)" missing-branches="1003,1006"/>
						<line number="1003" hits="0"/>
						<line number="1006" hits="0"/>
						<line number="1007" hits="0"/>
						<line number="1008" hits="0" branch="true" condition-coverage="0% (0/2)" missing-branches="1009,1016"/>
						<line number="1009" hits="0"/>
						<line number="1010" hits="0" branch="true" condition-coverage="0% (0/2)" missing-branches="1011,1016"/>
						<line number="1011" hits="0"/>
						<line number="1012" hits="0" branch="true" condition-coverage="0% (0/2)" missing-branches="1010,1013"/>
						<line number="1013" hits="0"/>
						<line number="1016" hits="0"/>
						<line number="1017" hits="0" branch="true" condition-coverage="0% (0/2)" missing-branches="1018,1020"/>
						<line number="1018" hits="0"/>
						<line number="1020" hits="0"/>
						<line number="1021" hits="0" branch="true" condition-coverage="0% (0/2)" missing-branches="1022,1027"/>
						<line number="1022" hits="0"/>
						<line number="1027" hits="0"/>
						<line number="1028" hits="0" branch="true" condition-coverage="0% (0/2)" missing-branches="1029,1045"/>
						<line number="1029" hits="0" branch="true" condition-coverage="0% (0/2)" missing-branches="1030,1031"/>
						<line number="1030" hits="0"/>
						<line number="1031" hits="0" branch="true" condition-coverage="0% (0/2)" missing-branches="1032,1035"/>
						<line number="1032" hits="0"/>
						<line number="1035" hits="0" branch="true" condition-coverage="0% (0/2)" missing-branches="1036,1037"/>
						<line number="1036" hits="0"/>
						<line number="1037" hits="0" branch="true" condition-coverage="0% (0/2)" missing-branches="1038,1039"/>
						<line number="1038" hits="0"/>
						<line number="1039" hits="0" branch="true" condition-coverage="0% (0/2)" missing-branches="1040,1045"/>
						<line number="1040" hits="0"/>
						<line number="1045" hits="0"/>
						<line number="1046" hits="0" branch="true" condition-coverage="0% (0/2)" missing-branches="1049,1060"/>
						<line number="1049" hits="0"/>
						<line number="1050" hits="0"/>
						<line number="1051" hits="0" branch="true" condition-coverage="0% (0/2)" missing-branches="1052,1056"/>
						<line number="1052" hits="0"/>
						<line number="1053" hits="0"/>
						<line number="1054" hits="0" branch="true" condition-coverage="0% (0/2)" missing-branches="1055,1056"/>
						<line number="1055" hits="0"/>
						<line number="1056" hits="0" branch="true" condition-coverage="0% (0/2)" missing-branches="1057,1060"/>
						<line number="1057" hits="0"/>
						<line number="1060" hits="0"/>
						<line number="1061" hits="0" branch="true" condition-coverage="0% (0/2)" missing-branches="1062,1121"/>
						<line number="1062" hits="0"/>
						<line number="1063" hits="0"/>
						<line number="1064" hits="0" branch="true" condition-coverage="0% (0/2)" missing-branches="1065,1069"/>
						<line number="1065" hits="0"/>
						<line number="1066" hits="0" branch="true" condition-coverage="0% (0/2)" missing-branches="1067,1068"/>
						<line number="1067" hits="0"/>
						<line number="1068" hits="0"/>
						<line number="1069" hits="0" branch="true" condition-coverage="0% (0/2)" missing-branches="1070,1074"/>
						<line number="1070" hits="0"/>
						<line number="1071" hits="0" branch="true" condition-coverage="0% (0/2)" missing-branches="1072,1073"/>
						<line number="1072" hits="0"/>
						<line number="1073" hits="0"/>
						<line number="1074" hits="0" branch="true" condition-coverage="0% (0/2)" missing-branches="1075,1079"/>
						<line number="1075" hits="0"/>
						<line number="1076" hits="0" branch="true" condition-coverage="0% (0/2)" missing-branches="1077,1078"/>
						<line number="1077" hits="0"/>
						<line number="1078" hits="0"/>
						<line number="1079" hits="0" branch="true" condition-coverage="0% (0/2)" missing-branches="1080,1083"/>
						<line number="1080" hits="0"/>
						<line number="1083" hits="0"/>
						<line number="1084" hits="0" branch="true" condition-coverage="0% (0/2)" missing-branches="1085,1094"/>
						<line number="1085" hits="0"/>
						<line number="1086" hits="0" branch="true" condition-coverage="0% (0/2)" missing-branches="1087,1094"/>
						<line number="1087" hits="0" branch="true" condition-coverage="0% (0/2)" missing-branches="1086,1088"/>
						<line number="1088" hits="0"/>
						<line number="1089" hits="0" branch="true" condition-coverage="0% (0/2)" missing-branches="1090,1091"/>
						<line number="1090" hits="0"/>
						<line number="1091" hits="0"/>
						<line number="1094" hits="0"/>
						<line number="1095" hits="0" branch="true" condition-coverage="0% (0/2)" missing-branches="1096,1105"/>
						<line number="1096" hits="0"/>
						<line number="1097" hits="0" branch="true" condition-coverage="0% (0/2)" missing-branches="1098,1105"/>
						<line number="1098" hits="0" branch="true" condition-coverage="0% (0/2)" missing-branches="1097,1099"/>
						<line number="1099" hits="0"/>
						<line number="1100" hits="0" branch="true" condition-coverage="0% (0/2)" missing-branches="1101,1102"/>
						<line number="1101" hits="0"/>
						<line number="1102" hits="0"/>
						<line number="1105" hits="0"/>
						<line number="1106" hits="0" branch="true" condition-coverage="0% (0/2)" missing-branches="1107,1121"/>
						<line number="1107" hits="0" branch="true" condition-coverage="0% (0/2)" missing-branches="1108,1109"/>
						<line number="1108" hits="0"/>
						<line number="1109" hits="0" branch="true" condition-coverage="0% (0/2)" missing-branches="1110,1114"/>
						<line number="1110" hits="0"/>
						<line number="1111" hits="0" branch="true" condition-coverage="0% (0/2)" missing-branches="1112,1113"/>
						<line number="1112" hits="0"/>
						<line number="1113" hits="0"/>
						<line number="1114" hits="0"/>
						<line number="1115" hits="0" branch="true" condition-coverage="0% (0/2)" missing-branches="1116,1121"/>
						<line number="1116" hits="0"/>
						<line number="1117" hits="0" branch="true" condition-coverage="0% (0/2)" missing-branches="1118,1121"/>
						<line number="1118" hits="0"/>
						<line number="1121" hits="0"/>
						<line number="1122" hits="0" branch="true" condition-coverage="0% (0/2)" missing-branches="1123,1148"/>
						<line number="1123" hits="0"/>
						<line number="1124" hits="0"/>
						<line number="1125" hits="0"/>
						<line number="1126" hits="0"/>
						<line number="1129" hits="0" branch="true" condition-coverage="0% (0/2)" missing-branches="1130,1135"/>
						<line number="1130" hits="0"/>
						<line number="1131" hits="0" branch="true" condition-coverage="0% (0/2)" missing-branches="1132,1134"/>
						<line number="1132" hits="0"/>
						<line number="1134" hits="0"/>
						<line number="1135" hits="0" branch="true" condition-coverage="0% (0/2)" missing-branches="1136,1137"/>
						<line number="1136" hits="0"/>
						<line number="1137" hits="0" branch="true" condition-coverage="0% (0/2)" missing-branches="1138,1139"/>
						<line number="1138" hits="0"/>
						<line number="1139" hits="0" branch="true" condition-coverage="0% (0/2)" missing-branches="1140,1148"/>
						<line number="1140" hits="0"/>
						<line number="1141" hits="0"/>
						<line number="1142" hits="0" branch="true" condition-coverage="0% (0/2)" missing-branches="1143,1148"/>
						<line number="1143" hits="0" branch="true" condition-coverage="0% (0/2)" missing-branches="1144,1145"/>
						<line number="1144" hits="0"/>
						<line number="1145" hits="0"/>
						<line number="1148" hits="0"/>
						<line number="1149" hits="0" branch="true" condition-coverage="0% (0/2)" missing-branches="1150,1159"/>
						<line number="1150" hits="0"/>
						<line number="1151" hits="0"/>
						<line number="1152" hits="0"/>
						<line number="1153" hits="0"/>
						<line number="1154" hits="0" branch="true" condition-coverage="0% (0/2)" missing-branches="1155,1159"/>
						<line number="1155" hits="0" branch="true" condition-coverage="0% (0/2)" missing-branches="1156,1159"/>
						<line number="1156" hits="0"/>
						<line number="1159" hits="0"/>
						<line number="1160" hits="0" branch="true" condition-coverage="0% (0/2)" missing-branches="1161,1191"/>
						<line number="1161" hits="0"/>
						<line number="1162" hits="0"/>
						<line number="1163" hits="0"/>
						<line number="1164" hits="0"/>
						<line number="1165" hits="0"/>
						<line number="1166" hits="0"/>
						<line number="1167" hits="0"/>
						<line number="1168" hits="0"/>
						<line number="1171" hits="0"/>
						<line number="1174" hits="0"/>
						<line number="1178" hits="0"/>
						<line number="1179" hits="0" branch="true" condition-coverage="0% (0/2)" missing-branches="1180,1191"/>
						<line number="1180" hits="0" branch="true" condition-coverage="0% (0/2)" missing-branches="1182,1188"/>
						<line number="1182" hits="0"/>
						<line number="1183" hits="0"/>
						<line number="1184" hits="0" branch="true" condition-coverage="0% (0/2)" missing-branches="1185,1186"/>
						<line number="1185" hits="0"/>
						<line number="1186" hits="0"/>
						<line number="1188" hits="0"/>
						<line number="1191" hits="0"/>
						<line number="1192" hits="0" branch="true" condition-coverage="0% (0/2)" missing-branches="1193,1202"/>
						<line number="1193" hits="0"/>
						<line number="1194" hits="0"/>
						<line number="1195" hits="0" branch="true" condition-coverage="0% (0/2)" missing-branches="1196,1202"/>
						<line number="1196" hits="0" branch="true" condition-coverage="0% (0/2)" missing-branches="1195,1197"/>
						<line number="1197" hits="0"/>
						<line number="1198" hits="0" branch="true" condition-coverage="0% (0/2)" missing-branches="1195,1199"/>
						<line number="1199" hits="0"/>
						<line number="1202" hits="0"/>
						<line number="1203" hits="0" branch="true" condition-coverage="0% (0/2)" missing-branches="1204,1244"/>
						<line number="1204" hits="0"/>
						<line number="1205" hits="0"/>
						<line number="1207" hits="0" branch="true" condition-coverage="0% (0/2)" missing-branches="1208,1210"/>
						<line number="1208" hits="0"/>
						<line number="1210" hits="0"/>
						<line number="1211" hits="0" branch="true" condition-coverage="0% (0/2)" missing-branches="1212,1221"/>
						<line number="1212" hits="0"/>
						<line number="1213" hits="0"/>
						<line number="1214" hits="0" branch="true" condition-coverage="0% (0/2)" missing-branches="1215,1216"/>
						<line number="1215" hits="0"/>
						<line number="1216" hits="0" branch="true" condition-coverage="0% (0/2)" missing-branches="1217,1218"/>
						<line number="1217" hits="0"/>
						<line number="1218" hits="0" branch="true" condition-coverage="0% (0/2)" missing-branches="1219,1221"/>
						<line number="1219" hits="0"/>
						<line number="1221" hits="0"/>
						<line number="1222" hits="0" branch="true" condition-coverage="0% (0/2)" missing-branches="1223,1230"/>
						<line number="1223" hits="0" branch="true" condition-coverage="0% (0/2)" missing-branches="1224,1225"/>
						<line number="1224" hits="0"/>
						<line number="1225" hits="0" branch="true" condition-coverage="0% (0/2)" missing-branches="1226,1227"/>
						<line number="1226" hits="0"/>
						<line number="1227" hits="0" branch="true" condition-coverage="0% (0/2)" missing-branches="1228,1230"/>
						<line number="1228" hits="0"/>
						<line number="1230" hits="0"/>
						<line number="1231" hits="0" branch="true" condition-coverage="0% (0/2)" missing-branches="1232,1244"/>
						<line number="1232" hits="0" branch="true" condition-coverage="0% (0/2)" missing-branches="1233,1234"/>
						<line number="1233" hits="0"/>
						<line number="1234" hits="0" branch="true" condition-coverage="0% (0/2)" missing-branches="1235,1236"/>
						<line number="1235" hits="0"/>
						<line number="1236" hits="0" branch="true" condition-coverage="0% (0/2)" missing-branches="1237,1244"/>
						<line number="1237" hits="0"/>
						<line number="1238" hits="0" branch="true" condition-coverage="0% (0/2)" missing-branches="1239,1241"/>
						<line number="1239" hits="0"/>
						<line number="1241" hits="0"/>
						<line number="1244" hits="0"/>
						<line number="1245" hits="0" branch="true" condition-coverage="0% (0/2)" missing-branches="1246,1259"/>
						<line number="1246" hits="0"/>
						<line number="1247" hits="0"/>
						<line number="1248" hits="0" branch="true" condition-coverage="0% (0/2)" missing-branches="1249,1250"/>
						<line number="1249" hits="0"/>
						<line number="1250" hits="0" branch="true" condition-coverage="0% (0/2)" missing-branches="1251,1253"/>
						<line number="1251" hits="0"/>
						<line number="1252" hits="0"/>
						<line number="1253" hits="0"/>
						<line number="1254" hits="0" branch="true" condition-coverage="0% (0/2)" missing-branches="1255,1259"/>
						<line number="1255" hits="0"/>
						<line number="1256" hits="0"/>
						<line number="1259" hits="0"/>
						<line number="1260" hits="0" branch="true" condition-coverage="0% (0/2)" missing-branches="1265,1285"/>
						<line number="1265" hits="0"/>
						<line number="1266" hits="0"/>
						<line number="1267" hits="0"/>
						<line number="1268" hits="0" branch="true" condition-coverage="0% (0/2)" missing-branches="1269,1274"/>
						<line number="1269" hits="0"/>
						<line number="1270" hits="0" branch="true" condition-coverage="0% (0/2)" missing-branches="1271,1272"/>
						<line number="1271" hits="0"/>
						<line number="1272" hits="0" branch="true" condition-coverage="0% (0/2)" missing-branches="1273,1274"/>
						<line number="1273" hits="0"/>
						<line number="1274" hits="0"/>
						<line number="1275" hits="0" branch="true" condition-coverage="0% (0/2)" missing-branches="1276,1281"/>
						<line number="1276" hits="0"/>
						<line number="1277" hits="0" branch="true" condition-coverage="0% (0/2)" missing-branches="1278,1279"/>
						<line number="1278" hits="0"/>
						<line number="1279" hits="0" branch="true" condition-coverage="0% (0/2)" missing-branches="1280,1281"/>
						<line number="1280" hits="0"/>
						<line number="1281" hits="0" branch="true" condition-coverage="0% (0/2)" missing-branches="1282,1285"/>
						<line number="1282" hits="0"/>
						<line number="1285" hits="0"/>
						<line number="1286" hits="0" branch="true" condition-coverage="0% (0/2)" missing-branches="1287,1306"/>
						<line number="1287" hits="0"/>
						<line number="1288" hits="0"/>
						<line number="1289" hits="0" branch="true" condition-coverage="0% (0/2)" missing-branches="1290,1306"/>
						<line number="1290" hits="0"/>
						<line number="1291" hits="0"/>
						<line number="1292" hits="0" branch="true" condition-coverage="0% (0/2)" missing-branches="1293,1297"/>
						<line number="1293" hits="0"/>
						<line number="1294" hits="0" branch="true" condition-coverage="0% (0/2)" missing-branches="1295,1296"/>
						<line number="1295" hits="0"/>
						<line number="1296" hits="0"/>
						<line number="1297" hits="0"/>
						<line number="1298" hits="0" branch="true" condition-coverage="0% (0/2)" missing-branches="1289,1299"/>
						<line number="1299" hits="0"/>
						<line number="1300" hits="0" branch="true" condition-coverage="0% (0/2)" missing-branches="1301,1302"/>
						<line number="1301" hits="0"/>
						<line number="1302" hits="0" branch="true" condition-coverage="0% (0/2)" missing-branches="1289,1303"/>
						<line number="1303" hits="0"/>
						<line number="1306" hits="0"/>
						<line number="1307" hits="0" branch="true" condition-coverage="0% (0/2)" missing-branches="1308,1342"/>
						<line number="1308" hits="0"/>
						<line number="1309" hits="0"/>
						<line number="1310" hits="0" branch="true" condition-coverage="0% (0/2)" missing-branches="1311,1320"/>
						<line number="1311" hits="0"/>
						<line number="1312" hits="0"/>
						<line number="1319" hits="0"/>
						<line number="1320" hits="0" branch="true" condition-coverage="0% (0/2)" missing-branches="1321,1330"/>
						<line number="1321" hits="0"/>
						<line number="1322" hits="0"/>
						<line number="1329" hits="0"/>
						<line number="1330" hits="0" branch="true" condition-coverage="0% (0/2)" missing-branches="1331,1342"/>
						<line number="1331" hits="0"/>
						<line number="1332" hits="0"/>
						<line number="1339" hits="0"/>
						<line number="1342" hits="0"/>
						<line number="1343" hits="0" branch="true" condition-coverage="0% (0/2)" missing-branches="1345,1388"/>
						<line number="1345" hits="0"/>
						<line number="1355" hits="0"/>
						<line number="1356" hits="0" branch="true" condition-coverage="0% (0/2)" missing-branches="1357,1367"/>
						<line number="1357" hits="0"/>
						<line number="1358" hits="0"/>
						<line number="1359" hits="0" branch="true" condition-coverage="0% (0/2)" missing-branches="1360,1367"/>
						<line number="1360" hits="0"/>
						<line number="1361" hits="0" branch="true" condition-coverage="0% (0/2)" missing-branches="1359,1362"/>
						<line number="1362" hits="0" branch="true" condition-coverage="0% (0/2)" missing-branches="1363,1364"/>
						<line number="1363" hits="0"/>
						<line number="1364" hits="0"/>
						<line number="1367" hits="0"/>
						<line number="1376" hits="0"/>
						<line number="1377" hits="0" branch="true" condition-coverage="0% (0/2)" missing-branches="1378,1388"/>
						<line number="1378" hits="0"/>
						<line number="1379" hits="0"/>
						<line number="1380" hits="0" branch="true" condition-coverage="0% (0/2)" missing-branches="1381,1388"/>
						<line number="1381" hits="0"/>
						<line number="1382" hits="0" branch="true" condition-coverage="0% (0/2)" missing-branches="1380,1383"/>
						<line number="1383" hits="0" branch="true" condition-coverage="0% (0/2)" missing-branches="1384,1385"/>
						<line number="1384" hits="0"/>
						<line number="1385" hits="0"/>
						<line number="1388" hits="0"/>
						<line number="1389" hits="0" branch="true" condition-coverage="0% (0/2)" missing-branches="1390,1409"/>
						<line number="1390" hits="0"/>
						<line number="1391" hits="0"/>
						<line number="1392" hits="0" branch="true" condition-coverage="0% (0/2)" missing-branches="1394,1409"/>
						<line number="1394" hits="0" branch="true" condition-coverage="0% (0/2)" missing-branches="1395,1399"/>
						<line number="1395" hits="0"/>
						<line number="1396" hits="0" branch="true" condition-coverage="0% (0/2)" missing-branches="1397,1398"/>
						<line number="1397" hits="0"/>
						<line number="1398" hits="0"/>
						<line number="1399" hits="0" branch="true" condition-coverage="0% (0/2)" missing-branches="1400,1404"/>
						<line number="1400" hits="0"/>
						<line number="1401" hits="0" branch="true" condition-coverage="0% (0/2)" missing-branches="1402,1403"/>
						<line number="1402" hits="0"/>
						<line number="1403" hits="0"/>
						<line number="1404" hits="0" branch="true" condition-coverage="0% (0/2)" missing-branches="1405,1406"/>
						<line number="1405" hits="0"/>
						<line number="1406" hits="0" branch="true" condition-coverage="0% (0/2)" missing-branches="1392,1407"/>
						<line number="1407" hits="0"/>
						<line number="1409" hits="0"/>
						<line number="1410" hits="0" branch="true" condition-coverage="0% (0/2)" missing-branches="1411,1413"/>
						<line number="1411" hits="0"/>
						<line number="1413" hits="0"/>
						<line number="1415" hits="0"/>
						<line number="1416" hits="0"/>
						<line number="1418" hits="0"/>
						<line number="1419" hits="0"/>
						<line number="1420" hits="0"/>
						<line number="1423" hits="0"/>
						<line number="1424" hits="0"/>
						<line number="1426" hits="0"/>
						<line number="1429" hits="0"/>
						<line number="1430" hits="0"/>
						<line number="1431" hits="0"/>
						<line number="1432" hits="0"/>
						<line number="1434" hits="0"/>
						<line number="1436" hits="0" branch="true" condition-coverage="0% (0/2)" missing-branches="1437,1440"/>
						<line number="1437" hits="0"/>
						<line number="1438" hits="0"/>
						<line number="1440" hits="0" branch="true" condition-coverage="0% (0/2)" missing-branches="1442,1462"/>
						<line number="1442" hits="0"/>
						<line number="1443" hits="0"/>
						<line number="1450" hits="0"/>
						<line number="1452" hits="0"/>
						<line number="1453" hits="0" branch="true" condition-coverage="0% (0/2)" missing-branches="1454,1458"/>
						<line number="1454" hits="0"/>
						<line number="1458" hits="0"/>
						<line number="1459" hits="0"/>
						<line number="1462" hits="0"/>
						<line number="1464" hits="0"/>
						<line number="1465" hits="0"/>
						<line number="1467" hits="0"/>
						<line number="1468" hits="0"/>
						<line number="1469" hits="0"/>
						<line number="1472" hits="0"/>
						<line number="1473" hits="0"/>
						<line number="1475" hits="0"/>
						<line number="1477" hits="0" branch="true" condition-coverage="0% (0/2)" missing-branches="1478,1486"/>
						<line number="1478" hits="0"/>
						<line number="1479" hits="0" branch="true" condition-coverage="0% (0/2)" missing-branches="1480,1484"/>
						<line number="1480" hits="0"/>
						<line number="1481" hits="0"/>
						<line number="1482" hits="0"/>
						<line number="1484" hits="0"/>
						<line number="1486" hits="0"/>
						<line number="1487" hits="0"/>
						<line number="1488" hits="0"/>
						<line number="1491" hits="0"/>
						<line number="1492" hits="0"/>
						<line number="1494" hits="0"/>
						<line number="1495" hits="0"/>
						<line number="1498" hits="0"/>
						<line number="1499" hits="0"/>
						<line number="1505" hits="0"/>
						<line number="1507" hits="0" branch="true" condition-coverage="0% (0/2)" missing-branches="1508,1511"/>
						<line number="1508" hits="0"/>
						<line number="1509" hits="0"/>
						<line number="1511" hits="0"/>
						<line number="1512" hits="0"/>
						<line number="1515" hits="0"/>
						<line number="1516" hits="0"/>
						<line number="1517" hits="0" branch="true" condition-coverage="0% (0/2)" missing-branches="1518,1526"/>
						<line number="1518" hits="0"/>
						<line number="1519" hits="0"/>
						<line number="1522" hits="0"/>
						<line number="1523" hits="0"/>
						<line number="1524" hits="0"/>
						<line number="1526" hits="0"/>
						<line number="1527" hits="0"/>
						<line number="1528" hits="0"/>
						<line number="1530" hits="0" branch="true" condition-coverage="0% (0/2)" missing-branches="1531,1533"/>
						<line number="1531" hits="0"/>
						<line number="1533" hits="0" branch="true" condition-coverage="0% (0/2)" missing-branches="1534,1536"/>
						<line number="1534" hits="0"/>
						<line number="1536" hits="0"/>
						<line number="1537" hits="0"/>
						<line number="1538" hits="0"/>
						<line number="1539" hits="0" branch="true" condition-coverage="0% (0/2)" missing-branches="1526,1540"/>
						<line number="1540" hits="0"/>
						<line number="1541" hits="0"/>
						<line number="1542" hits="0"/>
						<line number="1544" hits="0"/>
						<line number="1545" hits="0"/>
						<line number="1546" hits="0"/>
						<line number="1548" hits="0"/>
						<line number="1551" hits="0"/>
						<line number="1552" hits="0"/>
						<line number="1553" hits="0"/>
						<line number="1554" hits="0"/>
						<line number="1555" hits="0"/>
						<line number="1569" hits="0"/>
						<line number="1571" hits="0" branch="true" condition-coverage="0% (0/2)" missing-branches="1572,1575"/>
						<line number="1572" hits="0"/>
						<line number="1573" hits="0"/>
						<line number="1575" hits="0" branch="true" condition-coverage="0% (0/2)" missing-branches="1577,1586"/>
						<line number="1577" hits="0"/>
						<line number="1586" hits="0"/>
						<line number="1610" hits="0"/>
						<line number="1611" hits="0"/>
						<line number="1612" hits="0"/>
						<line number="1613" hits="0"/>
						<line number="1615" hits="0" branch="true" condition-coverage="0% (0/2)" missing-branches="exit,1616"/>
						<line number="1616" hits="0"/>
						<line number="1618" hits="0"/>
						<line number="1619" hits="0"/>
						<line number="1620" hits="0"/>
						<line number="1623" hits="0"/>
						<line number="1624" hits="0"/>
						<line number="1626" hits="0"/>
						<line number="1628" hits="0" branch="true" condition-coverage="0% (0/2)" missing-branches="1629,1638"/>
						<line number="1629" hits="0"/>
						<line number="1630" hits="0"/>
						<line number="1631" hits="0"/>
						<line number="1632" hits="0"/>
						<line number="1633" hits="0"/>
						<line number="1634" hits="0"/>
						<line number="1635" hits="0"/>
						<line number="1636" hits="0"/>
						<line number="1638" hits="0"/>
						<line number="1639" hits="0"/>
						<line number="1642" hits="0"/>
						<line number="1643" hits="0"/>
						<line number="1650" hits="0"/>
						<line number="1651" hits="0"/>
						<line number="1652" hits="0"/>
						<line number="1668" hits="0"/>
						<line number="1670" hits="0"/>
						<line number="1672" hits="0" branch="true" condition-coverage="0% (0/2)" missing-branches="1673,1677"/>
						<line number="1673" hits="0"/>
						<line number="1674" hits="0"/>
						<line number="1677" hits="0"/>
						<line number="1679" hits="0" branch="true" condition-coverage="0% (0/2)" missing-branches="1680,1683"/>
						<line number="1680" hits="0"/>
						<line number="1681" hits="0"/>
						<line number="1683" hits="0"/>
						<line number="1685" hits="0"/>
						<line number="1686" hits="0"/>
						<line number="1688" hits="0" branch="true" condition-coverage="0% (0/2)" missing-branches="1689,1692"/>
						<line number="1689" hits="0"/>
						<line number="1690" hits="0"/>
						<line number="1692" hits="0"/>
						<line number="1695" hits="0" branch="true" condition-coverage="0% (0/2)" missing-branches="1696,1700"/>
						<line number="1696" hits="0"/>
						<line number="1697" hits="0"/>
						<line number="1700" hits="0"/>
						<line number="1701" hits="0"/>
						<line number="1704" hits="0"/>
						<line number="1706" hits="0" branch="true" condition-coverage="0% (0/2)" missing-branches="1707,1711"/>
						<line number="1707" hits="0"/>
						<line number="1708" hits="0"/>
						<line number="1711" hits="0" branch="true" condition-coverage="0% (0/2)" missing-branches="1713,1722"/>
						<line number="1713" hits="0"/>
						<line number="1714" hits="0"/>
						<line number="1716" hits="0"/>
						<line number="1717" hits="0"/>
						<line number="1718" hits="0"/>
						<line number="1719" hits="0"/>
						<line number="1720" hits="0"/>
						<line number="1722" hits="0"/>
						<line number="1725" hits="0"/>
						<line number="1726" hits="0"/>
						<line number="1729" hits="0"/>
						<line number="1739" hits="0" branch="true" condition-coverage="0% (0/2)" missing-branches="1740,1747"/>
						<line number="1740" hits="0" branch="true" condition-coverage="0% (0/2)" missing-branches="1739,1741"/>
						<line number="1741" hits="0"/>
						<line number="1742" hits="0"/>
						<line number="1743" hits="0"/>
						<line number="1744" hits="0"/>
						<line number="1747" hits="0" branch="true" condition-coverage="0% (0/2)" missing-branches="1748,1753"/>
						<line number="1748" hits="0"/>
						<line number="1749" hits="0"/>
						<line number="1750" hits="0"/>
						<line number="1753" hits="0" branch="true" condition-coverage="0% (0/2)" missing-branches="1754,1776"/>
						<line number="1754" hits="0" branch="true" condition-coverage="0% (0/2)" missing-branches="1753,1756"/>
						<line number="1756" hits="0"/>
						<line number="1757" hits="0"/>
						<line number="1758" hits="0"/>
						<line number="1761" hits="0" branch="true" condition-coverage="0% (0/2)" missing-branches="1753,1762"/>
						<line number="1762" hits="0"/>
						<line number="1763" hits="0"/>
						<line number="1766" hits="0"/>
						<line number="1767" hits="0"/>
						<line number="1768" hits="0"/>
						<line number="1776" hits="0" branch="true" condition-coverage="0% (0/2)" missing-branches="1777,1784"/>
						<line number="1777" hits="0"/>
						<line number="1778" hits="0" branch="true" condition-coverage="0% (0/2)" missing-branches="1779,1781"/>
						<line number="1779" hits="0" branch="true" condition-coverage="0% (0/2)" missing-branches="1778,1780"/>
						<line number="1780" hits="0"/>
						<line number="1781" hits="0"/>
						<line number="1784" hits="0"/>
						<line number="1787" hits="0"/>
						<line number="1790" hits="0"/>
						<line number="1791" hits="0" branch="true" condition-coverage="0% (0/2)" missing-branches="1792,1804"/>
						<line number="1792" hits="0"/>
						<line number="1797" hits="0" branch="true" condition-coverage="0% (0/2)" missing-branches="1799,1804"/>
						<line number="1799" hits="0"/>
						<line number="1804" hits="0" branch="true" condition-coverage="0% (0/2)" missing-branches="1805,1815"/>
						<line number="1805" hits="0"/>
						<line number="1806" hits="0"/>
						<line number="1807" hits="0"/>
						<line number="1815" hits="0" branch="true" condition-coverage="0% (0/2)" missing-branches="1816,1826"/>
						<line number="1816" hits="0" branch="true" condition-coverage="0% (0/2)" missing-branches="1815,1817"/>
						<line number="1817" hits="0"/>
						<line number="1818" hits="0"/>
						<line number="1826" hits="0" branch="true" condition-coverage="0% (0/2)" missing-branches="1827,1829"/>
						<line number="1827" hits="0"/>
						<line number="1829" hits="0"/>
						<line number="1830" hits="0"/>
						<line number="1832" hits="0"/>
						<line number="1833" hits="0"/>
						<line number="1835" hits="0" branch="true" condition-coverage="0% (0/2)" missing-branches="1836,1839"/>
						<line number="1836" hits="0"/>
						<line number="1837" hits="0"/>
						<line number="1839" hits="0" branch="true" condition-coverage="0% (0/2)" missing-branches="1840,1843"/>
						<line number="1840" hits="0"/>
						<line number="1841" hits="0"/>
						<line number="1843" hits="0"/>
						<line number="1845" hits="0"/>
						<line number="1846" hits="0"/>
						<line number="1847" hits="0"/>
						<line number="1848" hits="0"/>
						<line number="1849" hits="0"/>
						<line number="1850" hits="0"/>
						<line number="1853" hits="0" branch="true" condition-coverage="0% (0/2)" missing-branches="1854,1858"/>
						<line number="1854" hits="0"/>
						<line number="1855" hits="0"/>
						<line number="1858" hits="0"/>
						<line number="1860" hits="0" branch="true" condition-coverage="0% (0/2)" missing-branches="1862,1864"/>
						<line number="1862" hits="0"/>
						<line number="1863" hits="0"/>
						<line number="1864" hits="0" branch="true" condition-coverage="0% (0/2)" missing-branches="1866,1870"/>
						<line number="1866" hits="0"/>
						<line number="1867" hits="0"/>
						<line number="1870" hits="0"/>
						<line number="1873" hits="0"/>
						<line number="1874" hits="0" branch="true" condition-coverage="0% (0/2)" missing-branches="1875,1900"/>
						<line number="1875" hits="0"/>
						<line number="1876" hits="0"/>
						<line number="1877" hits="0"/>
						<line number="1879" hits="0"/>
						<line number="1880" hits="0"/>
						<line number="1881" hits="0"/>
						<line number="1882" hits="0"/>
						<line number="1884" hits="0"/>
						<line number="1885" hits="0"/>
						<line number="1887" hits="0"/>
						<line number="1888" hits="0"/>
						<line number="1889" hits="0" branch="true" condition-coverage="0% (0/2)" missing-branches="1890,1892"/>
						<line number="1890" hits="0"/>
						<line number="1892" hits="0"/>
						<line number="1894" hits="0"/>
						<line number="1895" hits="0"/>
						<line number="1897" hits="0"/>
						<line number="1898" hits="0"/>
						<line number="1900" hits="0"/>
						<line number="1902" hits="0"/>
						<line number="1903" hits="0"/>
						<line number="1904" hits="0"/>
						<line number="1907" hits="0"/>
						<line number="1908" hits="0"/>
						<line number="1909" hits="0"/>
						<line number="1910" hits="0"/>
						<line number="1911" hits="0"/>
						<line number="1924" hits="0"/>
						<line number="1926" hits="0" branch="true" condition-coverage="0% (0/2)" missing-branches="1927,1931"/>
						<line number="1927" hits="0"/>
						<line number="1928" hits="0"/>
						<line number="1931" hits="0" branch="true" condition-coverage="0% (0/2)" missing-branches="1933,1953"/>
						<line number="1933" hits="0"/>
						<line number="1934" hits="0"/>
						<line number="1944" hits="0"/>
						<line number="1945" hits="0" branch="true" condition-coverage="0% (0/2)" missing-branches="1946,1953"/>
						<line number="1946" hits="0"/>
						<line number="1947" hits="0"/>
						<line number="1948" hits="0"/>
						<line number="1953" hits="0" branch="true" condition-coverage="0% (0/2)" missing-branches="1954,1956"/>
						<line number="1954" hits="0"/>
						<line number="1956" hits="0"/>
						<line number="1957" hits="0"/>
						<line number="1958" hits="0" branch="true" condition-coverage="0% (0/2)" missing-branches="1959,1962"/>
						<line number="1959" hits="0"/>
						<line number="1960" hits="0"/>
						<line number="1962" hits="0"/>
						<line number="1963" hits="0"/>
						<line number="1964" hits="0"/>
						<line number="1965" hits="0"/>
						<line number="1968" hits="0"/>
						<line number="1969" hits="0"/>
						<line number="1970" hits="0"/>
						<line number="1974" hits="0"/>
						<line number="1975" hits="0"/>
						<line number="1977" hits="0"/>
						<line number="1978" hits="0"/>
						<line number="1980" hits="0" branch="true" condition-coverage="0% (0/2)" missing-branches="1981,1984"/>
						<line number="1981" hits="0"/>
						<line number="1982" hits="0"/>
						<line number="1984" hits="0"/>
						<line number="1985" hits="0" branch="true" condition-coverage="0% (0/2)" missing-branches="1986,1991"/>
						<line number="1986" hits="0"/>
						<line number="1987" hits="0" branch="true" condition-coverage="0% (0/2)" missing-branches="1988,1989"/>
						<line number="1988" hits="0"/>
						<line number="1989" hits="0"/>
						<line number="1991" hits="0"/>
						<line number="1993" hits="0"/>
						<line number="1994" hits="0"/>
						<line number="1995" hits="0"/>
						<line number="1998" hits="0"/>
						<line number="1999" hits="0"/>
						<line number="2000" hits="0"/>
						<line number="2001" hits="0"/>
						<line number="2013" hits="0"/>
						<line number="2014" hits="0"/>
						<line number="2017" hits="0"/>
						<line number="2018" hits="0"/>
						<line number="2019" hits="0"/>
						<line number="2031" hits="0"/>
						<line number="2033" hits="0" branch="true" condition-coverage="0% (0/2)" missing-branches="2034,2038"/>
						<line number="2034" hits="0"/>
						<line number="2035" hits="0"/>
						<line number="2038" hits="0" branch="true" condition-coverage="0% (0/2)" missing-branches="2040,2043"/>
						<line number="2040" hits="0"/>
						<line number="2043" hits="0"/>
						<line number="2064" hits="0"/>
						<line number="2065" hits="0"/>
						<line number="2067" hits="0" branch="true" condition-coverage="0% (0/2)" missing-branches="2068,2071"/>
						<line number="2068" hits="0"/>
						<line number="2069" hits="0"/>
						<line number="2071" hits="0"/>
						<line number="2072" hits="0" branch="true" condition-coverage="0% (0/2)" missing-branches="2073,2076"/>
						<line number="2073" hits="0"/>
						<line number="2074" hits="0"/>
						<line number="2076" hits="0"/>
						<line number="2079" hits="0"/>
						<line number="2080" hits="0"/>
						<line number="2082" hits="0"/>
						<line number="2083" hits="0"/>
						<line number="2084" hits="0"/>
						<line number="2087" hits="0"/>
						<line number="2088" hits="0"/>
						<line number="2103" hits="0"/>
						<line number="2105" hits="0" branch="true" condition-coverage="0% (0/2)" missing-branches="2106,2110"/>
						<line number="2106" hits="0"/>
						<line number="2107" hits="0"/>
						<line number="2110" hits="0"/>
						<line number="2112" hits="0"/>
						<line number="2113" hits="0"/>
						<line number="2114" hits="0"/>
						<line number="2115" hits="0"/>
						<line number="2116" hits="0"/>
						<line number="2117" hits="0"/>
						<line number="2119" hits="0"/>
						<line number="2120" hits="0"/>
						<line number="2122" hits="0" branch="true" condition-coverage="0% (0/2)" missing-branches="2123,2126"/>
						<line number="2123" hits="0"/>
						<line number="2124" hits="0"/>
						<line number="2126" hits="0"/>
						<line number="2127" hits="0" branch="true" condition-coverage="0% (0/2)" missing-branches="2128,2134"/>
						<line number="2128" hits="0"/>
						<line number="2129" hits="0" branch="true" condition-coverage="0% (0/2)" missing-branches="2130,2131"/>
						<line number="2130" hits="0"/>
						<line number="2131" hits="0"/>
						<line number="2134" hits="0"/>
						<line number="2135" hits="0"/>
						<line number="2137" hits="0" branch="true" condition-coverage="0% (0/2)" missing-branches="2138,2140"/>
						<line number="2138" hits="0"/>
						<line number="2140" hits="0" branch="true" condition-coverage="0% (0/2)" missing-branches="2141,2143"/>
						<line number="2141" hits="0"/>
						<line number="2143" hits="0" branch="true" condition-coverage="0% (0/2)" missing-branches="2144,2146"/>
						<line number="2144" hits="0"/>
						<line number="2146" hits="0" branch="true" condition-coverage="0% (0/2)" missing-branches="2147,2153"/>
						<line number="2147" hits="0"/>
						<line number="2148" hits="0" branch="true" condition-coverage="0% (0/2)" missing-branches="2149,2150"/>
						<line number="2149" hits="0"/>
						<line number="2150" hits="0"/>
						<line number="2153" hits="0"/>
						<line number="2154" hits="0"/>
						<line number="2155" hits="0"/>
						<line number="2156" hits="0"/>
						<line number="2157" hits="0"/>
						<line number="2162" hits="0"/>
						<line number="2163" hits="0"/>
						<line number="2164" hits="0"/>
						<line number="2165" hits="0"/>
						<line number="2166" hits="0" branch="true" condition-coverage="0% (0/2)" missing-branches="2167,2168"/>
						<line number="2167" hits="0"/>
						<line number="2168" hits="0" branch="true" condition-coverage="0% (0/2)" missing-branches="2169,2170"/>
						<line number="2169" hits="0"/>
						<line number="2170" hits="0" branch="true" condition-coverage="0% (0/2)" missing-branches="2171,2172"/>
						<line number="2171" hits="0"/>
						<line number="2172" hits="0" branch="true" condition-coverage="0% (0/2)" missing-branches="2173,2176"/>
						<line number="2173" hits="0"/>
						<line number="2176" hits="0"/>
						<line number="2177" hits="0"/>
						<line number="2178" hits="0"/>
						<line number="2181" hits="0"/>
						<line number="2182" hits="0"/>
						<line number="2183" hits="0" branch="true" condition-coverage="0% (0/2)" missing-branches="2185,2191"/>
						<line number="2185" hits="0"/>
						<line number="2188" hits="0"/>
						<line number="2189" hits="0"/>
						<line number="2191" hits="0"/>
						<line number="2192" hits="0" branch="true" condition-coverage="0% (0/2)" missing-branches="2193,2194"/>
						<line number="2193" hits="0"/>
						<line number="2194" hits="0" branch="true" condition-coverage="0% (0/2)" missing-branches="2195,2197"/>
						<line number="2195" hits="0"/>
						<line number="2197" hits="0" branch="true" condition-coverage="0% (0/2)" missing-branches="2198,2199"/>
						<line number="2198" hits="0"/>
						<line number="2199" hits="0" branch="true" condition-coverage="0% (0/2)" missing-branches="2200,2201"/>
						<line number="2200" hits="0"/>
						<line number="2201" hits="0" branch="true" condition-coverage="0% (0/2)" missing-branches="2202,2203"/>
						<line number="2202" hits="0"/>
						<line number="2203" hits="0"/>
						<line number="2204" hits="0" branch="true" condition-coverage="0% (0/2)" missing-branches="2205,2206"/>
						<line number="2205" hits="0"/>
						<line number="2206" hits="0" branch="true" condition-coverage="0% (0/2)" missing-branches="2207,2208"/>
						<line number="2207" hits="0"/>
						<line number="2208" hits="0" branch="true" condition-coverage="0% (0/2)" missing-branches="2209,2212"/>
						<line number="2209" hits="0"/>
						<line number="2212" hits="0"/>
						<line number="2213" hits="0" branch="true" condition-coverage="0% (0/2)" missing-branches="2218,2229"/>
						<line number="2218" hits="0"/>
						<line number="2219" hits="0" branch="true" condition-coverage="0% (0/2)" missing-branches="2220,2221"/>
						<line number="2220" hits="0"/>
						<line number="2221" hits="0" branch="true" condition-coverage="0% (0/2)" missing-branches="2222,2223"/>
						<line number="2222" hits="0"/>
						<line number="2223" hits="0" branch="true" condition-coverage="0% (0/2)" missing-branches="2224,2225"/>
						<line number="2224" hits="0"/>
						<line number="2225" hits="0" branch="true" condition-coverage="0% (0/2)" missing-branches="2226,2229"/>
						<line number="2226" hits="0"/>
						<line number="2229" hits="0"/>
						<line number="2230" hits="0"/>
						<line number="2233" hits="0"/>
						<line number="2234" hits="0" branch="true" condition-coverage="0% (0/2)" missing-branches="2235,2238"/>
						<line number="2235" hits="0"/>
						<line number="2238" hits="0" branch="true" condition-coverage="0% (0/2)" missing-branches="exit,2239"/>
						<line number="2239" hits="0"/>
						<line number="2240" hits="0" branch="true" condition-coverage="0% (0/2)" missing-branches="exit,2241"/>
						<line number="2241" hits="0" branch="true" condition-coverage="0% (0/2)" missing-branches="2242,2243"/>
						<line number="2242" hits="0"/>
						<line number="2243" hits="0"/>
						<line number="2245" hits="0"/>
						<line number="2246" hits="0"/>
						<line number="2247" hits="0"/>
						<line number="2250" hits="0"/>
						<line number="2251" hits="0"/>
						<line number="2252" hits="0"/>
						<line number="2267" hits="0"/>
						<line number="2270" hits="0"/>
						<line number="2271" hits="0"/>
						<line number="2272" hits="0"/>
						<line number="2283" hits="0"/>
						<line number="2286" hits="0"/>
						<line number="2287" hits="0"/>
						<line number="2288" hits="0"/>
						<line number="2290" hits="0"/>
						<line number="2293" hits="0"/>
						<line number="2294" hits="0"/>
						<line number="2295" hits="0"/>
						<line number="2306" hits="0"/>
						<line number="2309" hits="0"/>
						<line number="2310" hits="0"/>
						<line number="2311" hits="0"/>
						<line number="2313" hits="0"/>
						<line number="2316" hits="0"/>
						<line number="2318" hits="0"/>
						<line number="2320" hits="0" branch="true" condition-coverage="0% (0/2)" missing-branches="2321,2325"/>
						<line number="2321" hits="0"/>
						<line number="2322" hits="0"/>
						<line number="2325" hits="0"/>
						<line number="2327" hits="0"/>
						<line number="2328" hits="0"/>
						<line number="2329" hits="0"/>
						<line number="2330" hits="0"/>
						<line number="2331" hits="0"/>
						<line number="2332" hits="0"/>
						<line number="2336" hits="0"/>
						<line number="2337" hits="0"/>
						<line number="2339" hits="0"/>
						<line number="2340" hits="0"/>
						<line number="2342" hits="0" branch="true" condition-coverage="0% (0/2)" missing-branches="2343,2346"/>
						<line number="2343" hits="0"/>
						<line number="2344" hits="0"/>
						<line number="2346" hits="0"/>
						<line number="2348" hits="0" branch="true" condition-coverage="0% (0/2)" missing-branches="2349,2353"/>
						<line number="2349" hits="0"/>
						<line number="2350" hits="0"/>
						<line number="2353" hits="0"/>
						<line number="2359" hits="0"/>
						<line number="2360" hits="0"/>
						<line number="2361" hits="0" branch="true" condition-coverage="0% (0/2)" missing-branches="exit,2362"/>
						<line number="2362" hits="0"/>
						<line number="2364" hits="0"/>
						<line number="2365" hits="0"/>
						<line number="2366" hits="0"/>
						<line number="2369" hits="0"/>
						<line number="2370" hits="0"/>
						<line number="2371" hits="0"/>
						<line number="2372" hits="0"/>
						<line number="2373" hits="0"/>
						<line number="2374" hits="0"/>
						<line number="2375" hits="0"/>
						<line number="2397" hits="0"/>
						<line number="2399" hits="0" branch="true" condition-coverage="0% (0/2)" missing-branches="2400,2404"/>
						<line number="2400" hits="0"/>
						<line number="2401" hits="0"/>
						<line number="2404" hits="0" branch="true" condition-coverage="0% (0/2)" missing-branches="2405,2406"/>
						<line number="2405" hits="0"/>
						<line number="2406" hits="0" branch="true" condition-coverage="0% (0/2)" missing-branches="2407,2408"/>
						<line number="2407" hits="0"/>
						<line number="2408" hits="0" branch="true" condition-coverage="0% (0/2)" missing-branches="2409,2411"/>
						<line number="2409" hits="0"/>
						<line number="2411" hits="0"/>
						<line number="2414" hits="0"/>
						<line number="2416" hits="0"/>
						<line number="2417" hits="0"/>
						<line number="2418" hits="0"/>
						<line number="2419" hits="0"/>
						<line number="2420" hits="0"/>
						<line number="2421" hits="0"/>
						<line number="2424" hits="0"/>
						<line number="2426" hits="0"/>
						<line number="2427" hits="0"/>
						<line number="2428" hits="0"/>
						<line number="2429" hits="0"/>
						<line number="2432" hits="0"/>
						<line number="2439" hits="0"/>
						<line number="2441" hits="0"/>
						<line number="2443" hits="0"/>
						<line number="2445" hits="0" branch="true" condition-coverage="0% (0/2)" missing-branches="2446,2449"/>
						<line number="2446" hits="0"/>
						<line number="2447" hits="0"/>
						<line number="2449" hits="0"/>
						<line number="2451" hits="0" branch="true" condition-coverage="0% (0/2)" missing-branches="2452,2455"/>
						<line number="2452" hits="0"/>
						<line number="2453" hits="0"/>
						<line number="2455" hits="0" branch="true" condition-coverage="0% (0/2)" missing-branches="2456,2460"/>
						<line number="2456" hits="0"/>
						<line number="2457" hits="0"/>
						<line number="2460" hits="0"/>
						<line number="2461" hits="0"/>
						<line number="2462" hits="0" branch="true" condition-coverage="0% (0/2)" missing-branches="2463,2464"/>
						<line number="2463" hits="0"/>
						<line number="2464" hits="0"/>
						<line number="2466" hits="0"/>
						<line number="2467" hits="0"/>
						<line number="2468" hits="0"/>
						<line number="2471" hits="0"/>
						<line number="2472" hits="0"/>
						<line number="2473" hits="0"/>
						<line number="2474" hits="0"/>
						<line number="2481" hits="0"/>
						<line number="2495" hits="0"/>
						<line number="2497" hits="0" branch="true" condition-coverage="0% (0/2)" missing-branches="2498,2502"/>
						<line number="2498" hits="0"/>
						<line number="2499" hits="0"/>
[...]
						<line number="121" hits="0"/>
						<line number="122" hits="0"/>
						<line number="123" hits="0"/>
						<line number="125" hits="0"/>
						<line number="132" hits="0" branch="true" condition-coverage="0% (0/2)" missing-branches="exit,133"/>
						<line number="133" hits="0"/>
						<line number="134" hits="0"/>
						<line number="135" hits="0"/>
						<line number="137" hits="0"/>
						<line number="150" hits="0"/>
						<line number="151" hits="0" branch="true" condition-coverage="0% (0/2)" missing-branches="152,155"/>
						<line number="152" hits="0"/>
						<line number="153" hits="0"/>
						<line number="155" hits="0"/>
						<line number="156" hits="0"/>
						<line number="157" hits="0"/>
						<line number="158" hits="0"/>
						<line number="159" hits="0"/>
						<line number="160" hits="0"/>
						<line number="162" hits="0"/>
						<line number="181" hits="0"/>
						<line number="184" hits="0" branch="true" condition-coverage="0% (0/2)" missing-branches="185,190"/>
						<line number="185" hits="0"/>
						<line number="190" hits="0" branch="true" condition-coverage="0% (0/2)" missing-branches="191,194"/>
						<line number="191" hits="0"/>
						<line number="194" hits="0"/>
						<line number="197" hits="0"/>
						<line number="199" hits="0"/>
						<line number="201" hits="0"/>
						<line number="221" hits="0"/>
						<line number="222" hits="0" branch="true" condition-coverage="0% (0/2)" missing-branches="223,225"/>
						<line number="223" hits="0"/>
						<line number="225" hits="0"/>
						<line number="226" hits="0"/>
						<line number="234" hits="0"/>
						<line number="236" hits="0"/>
						<line number="237" hits="0"/>
						<line number="238" hits="0"/>
						<line number="240" hits="0"/>
						<line number="241" hits="0"/>
						<line number="242" hits="0" branch="true" condition-coverage="0% (0/2)" missing-branches="243,244"/>
						<line number="243" hits="0"/>
						<line number="244" hits="0"/>
						<line number="246" hits="0"/>
						<line number="253" hits="0"/>
						<line number="254" hits="0"/>
						<line number="255" hits="0"/>
						<line number="256" hits="0"/>
						<line number="257" hits="0"/>
						<line number="258" hits="0"/>
						<line number="259" hits="0"/>
						<line number="261" hits="0"/>
						<line number="279" hits="0"/>
						<line number="282" hits="0"/>
						<line number="288" hits="0"/>
						<line number="289" hits="0"/>
						<line number="296" hits="0" branch="true" condition-coverage="0% (0/2)" missing-branches="297,301"/>
						<line number="297" hits="0"/>
						<line number="298" hits="0"/>
						<line number="301" hits="0"/>
						<line number="302" hits="0"/>
						<line number="304" hits="0"/>
						<line number="321" hits="0"/>
						<line number="322" hits="0"/>
						<line number="323" hits="0"/>
						<line number="326" hits="0"/>
						<line number="332" hits="0"/>
						<line number="333" hits="0"/>
						<line number="340" hits="0" branch="true" condition-coverage="0% (0/2)" missing-branches="341,345"/>
						<line number="341" hits="0"/>
						<line number="342" hits="0"/>
						<line number="345" hits="0"/>
						<line number="346" hits="0"/>
						<line number="350" hits="0"/>
						<line number="353" hits="0"/>
						<line number="364" hits="0" branch="true" condition-coverage="0% (0/2)" missing-branches="365,366"/>
						<line number="365" hits="0"/>
						<line number="366" hits="0"/>
					</lines>
				</class>
				<class name="bridge_executor.py" filename="services/bridge_executor.py" complexity="0" line-rate="0" branch-rate="0">
					<methods/>
					<lines>
						<line number="12" hits="0"/>
						<line number="14" hits="0"/>
						<line number="15" hits="0"/>
						<line number="16" hits="0"/>
						<line number="17" hits="0"/>
						<line number="19" hits="0"/>
						<line number="21" hits="0"/>
						<line number="24" hits="0"/>
						<line number="27" hits="0"/>
						<line number="43" hits="0"/>
						<line number="44" hits="0"/>
						<line number="45" hits="0"/>
						<line number="46" hits="0"/>
						<line number="47" hits="0"/>
						<line number="49" hits="0"/>
						<line number="50" hits="0"/>
						<line number="52" hits="0" branch="true" condition-coverage="0% (0/2)" missing-branches="53,54"/>
						<line number="53" hits="0"/>
						<line number="54" hits="0"/>
						<line number="56" hits="0"/>
						<line number="63" hits="0"/>
						<line number="65" hits="0"/>
						<line number="72" hits="0" branch="true" condition-coverage="0% (0/2)" missing-branches="exit,73"/>
						<line number="73" hits="0"/>
						<line number="77" hits="0"/>
						<line number="79" hits="0"/>
						<line number="106" hits="0"/>
						<line number="108" hits="0"/>
						<line number="109" hits="0"/>
						<line number="111" hits="0" branch="true" condition-coverage="0% (0/2)" missing-branches="112,134"/>
						<line number="112" hits="0"/>
						<line number="113" hits="0"/>
						<line number="114" hits="0"/>
						<line number="116" hits="0"/>
						<line number="117" hits="0" branch="true" condition-coverage="0% (0/2)" missing-branches="118,126"/>
						<line number="118" hits="0"/>
						<line number="122" hits="0"/>
						<line number="123" hits="0"/>
						<line number="124" hits="0"/>
						<line number="126" hits="0"/>
						<line number="127" hits="0"/>
						<line number="129" hits="0"/>
						<line number="130" hits="0"/>
						<line number="131" hits="0"/>
						<line number="134" hits="0"/>
						<line number="135" hits="0"/>
						<line number="137" hits="0"/>
						<line number="157" hits="0"/>
						<line number="158" hits="0"/>
						<line number="159" hits="0"/>
						<line number="160" hits="0"/>
						<line number="161" hits="0"/>
						<line number="162" hits="0"/>
						<line number="164" hits="0"/>
						<line number="166" hits="0"/>
						<line number="189" hits="0"/>
						<line number="191" hits="0"/>
						<line number="192" hits="0"/>
						<line number="193" hits="0"/>
						<line number="194" hits="0"/>
						<line number="195" hits="0"/>
						<line number="196" hits="0"/>
						<line number="198" hits="0"/>
						<line number="200" hits="0"/>
						<line number="210" hits="0" branch="true" condition-coverage="0% (0/2)" missing-branches="exit,211"/>
						<line number="211" hits="0"/>
						<line number="212" hits="0"/>
						<line number="213" hits="0"/>
						<line number="215" hits="0"/>
						<line number="222" hits="0"/>
						<line number="224" hits="0"/>
						<line number="234" hits="0"/>
						<line number="238" hits="0"/>
						<line number="241" hits="0"/>
						<line number="258" hits="0" branch="true" condition-coverage="0% (0/2)" missing-branches="259,262"/>
						<line number="259" hits="0"/>
						<line number="262" hits="0"/>
					</lines>
				</class>
				<class name="content_cache.py" filename="services/content_cache.py" complexity="0" line-rate="0" branch-rate="0">
					<methods/>
					<lines>
						<line number="11" hits="0"/>
						<line number="13" hits="0"/>
						<line number="14" hits="0"/>
						<line number="15" hits="0"/>
						<line number="16" hits="0"/>
						<line number="17" hits="0"/>
						<line number="18" hits="0"/>
						<line number="20" hits="0"/>
						<line number="23" hits="0"/>
						<line number="26" hits="0"/>
						<line number="29" hits="0"/>
						<line number="30" hits="0" branch="true" condition-coverage="0% (0/2)" missing-branches="31,34"/>
						<line number="31" hits="0"/>
						<line number="34" hits="0"/>
						<line number="35" hits="0"/>
						<line number="38" hits="0"/>
						<line number="39" hits="0"/>
						<line number="40" hits="0"/>
						<line number="42" hits="0"/>
						<line number="44" hits="0"/>
						<line number="45" hits="0"/>
						<line number="46" hits="0"/>
						<line number="47" hits="0"/>
						<line number="48" hits="0"/>
						<line number="50" hits="0"/>
						<line number="52" hits="0"/>
						<line number="67" hits="0"/>
						<line number="69" hits="0"/>
						<line number="70" hits="0"/>
						<line number="73" hits="0"/>
						<line number="90" hits="0"/>
						<line number="97" hits="0"/>
						<line number="98" hits="0"/>
						<line number="100" hits="0"/>
						<line number="102" hits="0"/>
						<line number="103" hits="0"/>
						<line number="105" hits="0"/>
						<line number="111" hits="0"/>
						<line number="124" hits="0"/>
						<line number="126" hits="0"/>
						<line number="132" hits="0"/>
						<line number="133" hits="0"/>
						<line number="136" hits="0"/>
						<line number="137" hits="0"/>
						<line number="139" hits="0"/>
						<line number="146" hits="0"/>
						<line number="148" hits="0"/>
						<line number="154" hits="0"/>
						<line number="155" hits="0"/>
						<line number="156" hits="0"/>
						<line number="158" hits="0" branch="true" condition-coverage="0% (0/2)" missing-branches="159,160"/>
						<line number="159" hits="0"/>
						<line number="160" hits="0" branch="true" condition-coverage="0% (0/2)" missing-branches="161,163"/>
						<line number="161" hits="0"/>
						<line number="163" hits="0"/>
						<line number="164" hits="0"/>
						<line number="165" hits="0"/>
						<line number="167" hits="0"/>
						<line number="170" hits="0"/>
						<line number="173" hits="0"/>
						<line number="174" hits="0"/>
						<line number="175" hits="0" branch="true" condition-coverage="0% (0/2)" missing-branches="176,178"/>
						<line number="176" hits="0"/>
						<line number="178" hits="0"/>
						<line number="181" hits="0"/>
						<line number="182" hits="0"/>
						<line number="183" hits="0" branch="true" condition-coverage="0% (0/2)" missing-branches="184,186"/>
						<line number="184" hits="0"/>
						<line number="186" hits="0"/>
						<line number="189" hits="0"/>
						<line number="190" hits="0"/>
						<line number="191" hits="0"/>
						<line number="192" hits="0" branch="true" condition-coverage="0% (0/2)" missing-branches="193,199"/>
						<line number="193" hits="0"/>
						<line number="194" hits="0"/>
						<line number="195" hits="0" branch="true" condition-coverage="0% (0/2)" missing-branches="196,198"/>
						<line number="196" hits="0"/>
						<line number="198" hits="0"/>
						<line number="199" hits="0"/>
						<line number="202" hits="0"/>
						<line number="203" hits="0"/>
						<line number="204" hits="0"/>
						<line number="207" hits="0"/>
						<line number="214" hits="0"/>
						<line number="216" hits="0"/>
						<line number="219" hits="0"/>
						<line number="222" hits="0"/>
						<line number="225" hits="0"/>
						<line number="226" hits="0"/>
						<line number="227" hits="0" branch="true" condition-coverage="0% (0/2)" missing-branches="228,230"/>
						<line number="228" hits="0"/>
						<line number="230" hits="0"/>
						<line number="233" hits="0"/>
						<line number="236" hits="0"/>
						<line number="242" hits="0"/>
						<line number="244" hits="0"/>
						<line number="252" hits="0" branch="true" condition-coverage="0% (0/2)" missing-branches="253,255"/>
						<line number="253" hits="0"/>
						<line number="255" hits="0"/>
						<line number="256" hits="0"/>
						<line number="258" hits="0"/>
						<line number="260" hits="0"/>
						<line number="270" hits="0"/>
						<line number="271" hits="0" branch="true" condition-coverage="0% (0/2)" missing-branches="272,274"/>
						<line number="272" hits="0"/>
						<line number="274" hits="0"/>
						<line number="277" hits="0"/>
						<line number="278" hits="0" branch="true" condition-coverage="0% (0/2)" missing-branches="279,281"/>
						<line number="279" hits="0"/>
						<line number="281" hits="0"/>
						<line number="283" hits="0" branch="true" condition-coverage="0% (0/2)" missing-branches="284,287"/>
						<line number="284" hits="0"/>
						<line number="287" hits="0"/>
						<line number="288" hits="0"/>
						<line number="290" hits="0" branch="true" condition-coverage="0% (0/2)" missing-branches="291,294"/>
						<line number="291" hits="0"/>
						<line number="294" hits="0"/>
						<line number="302" hits="0"/>
						<line number="305" hits="0"/>
						<line number="307" hits="0"/>
						<line number="315" hits="0"/>
						<line number="317" hits="0"/>
						<line number="321" hits="0" branch="true" condition-coverage="0% (0/2)" missing-branches="322,324"/>
						<line number="322" hits="0"/>
						<line number="324" hits="0"/>
						<line number="325" hits="0"/>
						<line number="327" hits="0"/>
						<line number="328" hits="0"/>
						<line number="331" hits="0"/>
						<line number="345" hits="0"/>
						<line number="348" hits="0"/>
						<line number="349" hits="0"/>
						<line number="352" hits="0"/>
						<line number="354" hits="0"/>
						<line number="356" hits="0"/>
						<line number="357" hits="0"/>
						<line number="359" hits="0"/>
						<line number="372" hits="0"/>
						<line number="374" hits="0"/>
						<line number="375" hits="0"/>
						<line number="377" hits="0" branch="true" condition-coverage="0% (0/2)" missing-branches="378,380"/>
						<line number="378" hits="0"/>
						<line number="380" hits="0"/>
						<line number="382" hits="0"/>
						<line number="383" hits="0"/>
						<line number="385" hits="0"/>
						<line number="387" hits="0"/>
						<line number="388" hits="0"/>
						<line number="390" hits="0"/>
						<line number="392" hits="0"/>
						<line number="393" hits="0" branch="true" condition-coverage="0% (0/2)" missing-branches="395,411"/>
						<line number="395" hits="0"/>
						<line number="403" hits="0"/>
						<line number="404" hits="0"/>
						<line number="411" hits="0" branch="true" condition-coverage="0% (0/2)" missing-branches="412,428"/>
						<line number="412" hits="0"/>
						<line number="420" hits="0"/>
						<line number="421" hits="0"/>
						<line number="428" hits="0"/>
						<line number="430" hits="0"/>
					</lines>
				</class>
				<class name="control_manager.py" filename="services/control_manager.py" complexity="0" line-rate="0" branch-rate="0">
					<methods/>
					<lines>
						<line number="11" hits="0"/>
						<line number="13" hits="0"/>
						<line number="14" hits="0"/>
						<line number="16" hits="0"/>
						<line number="19" hits="0"/>
						<line number="22" hits="0"/>
						<line number="31" hits="0"/>
						<line number="32" hits="0"/>
						<line number="33" hits="0"/>
						<line number="35" hits="0"/>
						<line number="36" hits="0"/>
						<line number="38" hits="0"/>
						<line number="45" hits="0"/>
						<line number="48" hits="0"/>
						<line number="56" hits="0"/>
						<line number="57" hits="0"/>
						<line number="58" hits="0"/>
						<line number="60" hits="0"/>
						<line number="70" hits="0"/>
						<line number="71" hits="0"/>
						<line number="75" hits="0" branch="true" condition-coverage="0% (0/2)" missing-branches="76,86"/>
						<line number="76" hits="0"/>
						<line number="77" hits="0" branch="true" condition-coverage="0% (0/2)" missing-branches="78,86"/>
						<line number="78" hits="0"/>
						<line number="82" hits="0"/>
						<line number="84" hits="0"/>
						<line number="86" hits="0"/>
						<line number="88" hits="0"/>
						<line number="102" hits="0"/>
						<line number="105" hits="0"/>
						<line number="106" hits="0"/>
						<line number="109" hits="0" branch="true" condition-coverage="0% (0/2)" missing-branches="exit,110"/>
						<line number="110" hits="0"/>
						<line number="111" hits="0"/>
						<line number="117" hits="0"/>
						<line number="119" hits="0"/>
						<line number="121" hits="0"/>
						<line number="137" hits="0" branch="true" condition-coverage="0% (0/2)" missing-branches="138,141"/>
						<line number="138" hits="0"/>
						<line number="141" hits="0"/>
						<line number="144" hits="0" branch="true" condition-coverage="0% (0/2)" missing-branches="145,147"/>
						<line number="145" hits="0"/>
						<line number="147" hits="0"/>
						<line number="148" hits="0"/>
						<line number="154" hits="0"/>
						<line number="156" hits="0"/>
						<line number="158" hits="0"/>
						<line number="168" hits="0" branch="true" condition-coverage="0% (0/2)" missing-branches="169,171"/>
						<line number="169" hits="0"/>
						<line number="171" hits="0"/>
						<line number="172" hits="0" branch="true" condition-coverage="0% (0/2)" missing-branches="173,175"/>
						<line number="173" hits="0"/>
						<line number="175" hits="0"/>
						<line number="177" hits="0"/>
						<line number="187" hits="0" branch="true" condition-coverage="0% (0/2)" missing-branches="188,190"/>
						<line number="188" hits="0"/>
						<line number="190" hits="0"/>
						<line number="192" hits="0"/>
						<line number="202" hits="0" branch="true" condition-coverage="0% (0/2)" missing-branches="203,205"/>
						<line number="203" hits="0"/>
						<line number="205" hits="0"/>
						<line number="209" hits="0"/>
						<line number="212" hits="0"/>
						<line number="227" hits="0" branch="true" condition-coverage="0% (0/2)" missing-branches="228,229"/>
						<line number="228" hits="0"/>
						<line number="229" hits="0"/>
					</lines>
				</class>
				<class name="script_loader.py" filename="services/script_loader.py" complexity="0" line-rate="0" branch-rate="0">
					<methods/>
					<lines>
						<line number="10" hits="0"/>
						<line number="11" hits="0"/>
						<line number="13" hits="0"/>
						<line number="16" hits="0"/>
						<line number="19" hits="0"/>
						<line number="26" hits="0" branch="true" condition-coverage="0% (0/2)" missing-branches="28,30"/>
						<line number="28" hits="0"/>
						<line number="30" hits="0"/>
						<line number="32" hits="0"/>
						<line number="34" hits="0"/>
						<line number="46" hits="0"/>
						<line number="47" hits="0" branch="true" condition-coverage="0% (0/2)" missing-branches="48,49"/>
						<line number="48" hits="0"/>
						<line number="49" hits="0"/>
						<line number="51" hits="0"/>
						<line number="64" hits="0" branch="true" condition-coverage="0% (0/2)" missing-branches="65,67"/>
						<line number="65" hits="0"/>
						<line number="67" hits="0"/>
						<line number="68" hits="0"/>
						<line number="70" hits="0" branch="true" condition-coverage="0% (0/2)" missing-branches="71,73"/>
						<line number="71" hits="0"/>
						<line number="73" hits="0"/>
						<line number="75" hits="0"/>
						<line number="88" hits="0" branch="true" condition-coverage="0% (0/2)" missing-branches="89,91"/>
						<line number="89" hits="0"/>
						<line number="91" hits="0"/>
						<line number="92" hits="0"/>
						<line number="94" hits="0" branch="true" condition-coverage="0% (0/2)" missing-branches="95,97"/>
						<line number="95" hits="0"/>
						<line number="97" hits="0"/>
						<line number="99" hits="0"/>
						<line number="121" hits="0"/>
						<line number="122" hits="0" branch="true" condition-coverage="0% (0/2)" missing-branches="124,135"/>
						<line number="124" hits="0" branch="true" condition-coverage="0% (0/2)" missing-branches="125,126"/>
						<line number="125" hits="0"/>
						<line number="126" hits="0" branch="true" condition-coverage="0% (0/2)" missing-branches="127,131"/>
						<line number="127" hits="0"/>
						<line number="129" hits="0"/>
						<line number="131" hits="0"/>
						<line number="133" hits="0"/>
						<line number="135" hits="0"/>
						<line number="137" hits="0"/>
						<line number="153" hits="0"/>
						<line number="154" hits="0"/>
						<line number="156" hits="0"/>
						<line number="172" hits="0"/>
						<line number="173" hits="0"/>
						<line number="175" hits="0"/>
						<line number="184" hits="0"/>
						<line number="186" hits="0"/>
						<line number="195" hits="0"/>
						<line number="197" hits="0"/>
						<line number="199" hits="0"/>
						<line number="201" hits="0"/>
						<line number="207" hits="0"/>
					</lines>
				</class>
			</classes>
		</package>
	</packages>
</coverage>
