<?xml version="1.0" ?>
<coverage version="7.11.0" timestamp="1761597055341" lines-valid="2767" lines-covered="433" line-rate="0.1565" branches-valid="1078" branches-covered="22" branch-rate="0.02041" complexity="0">
	<!-- Generated by coverage.py: https://coverage.readthedocs.io/en/7.11.0 -->
	<!-- Based on https://raw.githubusercontent.com/cobertura/web/master/htdocs/xml/coverage-04.dtd -->
	<sources>
		<source>/Users/roelvangils/zen_bridge/zen</source>
	</sources>
	<packages>
		<package name="." line-rate="0.1117" branch-rate="0.01145" complexity="0">
			<classes>
				<class name="__init__.py" filename="__init__.py" complexity="0" line-rate="1" branch-rate="1">
					<methods/>
					<lines>
						<line number="5" hits="1"/>
					</lines>
				</class>
				<class name="bridge_ws.py" filename="bridge_ws.py" complexity="0" line-rate="0.14" branch-rate="0">
					<methods/>
					<lines>
						<line number="6" hits="1"/>
						<line number="7" hits="1"/>
						<line number="8" hits="1"/>
						<line number="9" hits="1"/>
						<line number="10" hits="1"/>
						<line number="11" hits="1"/>
						<line number="13" hits="1"/>
						<line number="15" hits="1"/>
						<line number="16" hits="1"/>
						<line number="17" hits="0"/>
						<line number="18" hits="0"/>
						<line number="19" hits="0"/>
						<line number="20" hits="0"/>
						<line number="22" hits="1"/>
						<line number="31" hits="1"/>
						<line number="33" hits="1"/>
						<line number="34" hits="1"/>
						<line number="37" hits="1"/>
						<line number="40" hits="1"/>
						<line number="43" hits="1"/>
						<line number="46" hits="1"/>
						<line number="49" hits="1"/>
						<line number="52" hits="1"/>
						<line number="55" hits="1"/>
						<line number="57" hits="0"/>
						<line number="58" hits="0"/>
						<line number="63" hits="0" branch="true" condition-coverage="0% (0/2)" missing-branches="64,66"/>
						<line number="64" hits="0"/>
						<line number="66" hits="0"/>
						<line number="71" hits="0" branch="true" condition-coverage="0% (0/2)" missing-branches="exit,72"/>
						<line number="72" hits="0"/>
						<line number="75" hits="1"/>
						<line number="77" hits="0"/>
						<line number="78" hits="0"/>
						<line number="80" hits="0"/>
						<line number="81" hits="0"/>
						<line number="82" hits="0"/>
						<line number="86" hits="0" branch="true" condition-coverage="0% (0/2)" missing-branches="87,98"/>
						<line number="87" hits="0"/>
						<line number="88" hits="0" branch="true" condition-coverage="0% (0/2)" missing-branches="89,98"/>
						<line number="89" hits="0"/>
						<line number="90" hits="0"/>
						<line number="93" hits="0"/>
						<line number="94" hits="0"/>
						<line number="95" hits="0"/>
						<line number="96" hits="0"/>
						<line number="98" hits="0"/>
						<line number="99" hits="0" branch="true" condition-coverage="0% (0/2)" missing-branches="100,190"/>
						<line number="100" hits="0" branch="true" condition-coverage="0% (0/2)" missing-branches="101,186"/>
						<line number="101" hits="0"/>
						<line number="102" hits="0"/>
						<line number="105" hits="0"/>
						<line number="106" hits="0"/>
						<line number="107" hits="0"/>
						<line number="108" hits="0"/>
						<line number="109" hits="0"/>
						<line number="111" hits="0"/>
						<line number="113" hits="0" branch="true" condition-coverage="0% (0/2)" missing-branches="115,128"/>
						<line number="115" hits="0"/>
						<line number="116" hits="0" branch="true" condition-coverage="0% (0/2)" missing-branches="99,117"/>
						<line number="117" hits="0"/>
						<line number="118" hits="0"/>
						<line number="126" hits="0"/>
						<line number="128" hits="0" branch="true" condition-coverage="0% (0/2)" missing-branches="130,166"/>
						<line number="130" hits="0"/>
						<line number="131" hits="0"/>
						<line number="133" hits="0"/>
						<line number="136" hits="0" branch="true" condition-coverage="0% (0/2)" missing-branches="137,143"/>
						<line number="137" hits="0"/>
						<line number="138" hits="0"/>
						<line number="139" hits="0"/>
						<line number="140" hits="0"/>
						<line number="143" hits="0"/>
						<line number="145" hits="0"/>
						<line number="148" hits="0"/>
						<line number="149" hits="0"/>
						<line number="154" hits="0"/>
						<line number="155" hits="0"/>
						<line number="158" hits="0"/>
						<line number="159" hits="0"/>
						<line number="161" hits="0"/>
						<line number="162" hits="0"/>
						<line number="163" hits="0"/>
						<line number="164" hits="0"/>
						<line number="166" hits="0" branch="true" condition-coverage="0% (0/2)" missing-branches="168,177"/>
						<line number="168" hits="0"/>
						<line number="174" hits="0"/>
						<line number="175" hits="0"/>
						<line number="177" hits="0" branch="true" condition-coverage="0% (0/2)" missing-branches="99,179"/>
						<line number="179" hits="0"/>
						<line number="181" hits="0"/>
						<line number="182" hits="0"/>
						<line number="183" hits="0"/>
						<line number="184" hits="0"/>
						<line number="186" hits="0" branch="true" condition-coverage="0% (0/2)" missing-branches="99,187"/>
						<line number="187" hits="0"/>
						<line number="190" hits="0"/>
						<line number="191" hits="0"/>
						<line number="192" hits="0"/>
						<line number="194" hits="0"/>
						<line number="197" hits="1"/>
						<line number="199" hits="0"/>
						<line number="200" hits="0"/>
						<line number="203" hits="0"/>
						<line number="205" hits="0" branch="true" condition-coverage="0% (0/2)" missing-branches="206,216"/>
						<line number="206" hits="0"/>
						<line number="207" hits="0" branch="true" condition-coverage="0% (0/2)" missing-branches="208,214"/>
						<line number="208" hits="0"/>
						<line number="209" hits="0"/>
						<line number="210" hits="0"/>
						<line number="211" hits="0"/>
						<line number="212" hits="0"/>
						<line number="213" hits="0"/>
						<line number="214" hits="0"/>
						<line number="216" hits="0"/>
						<line number="218" hits="0"/>
						<line number="221" hits="1"/>
						<line number="223" hits="0"/>
						<line number="225" hits="0"/>
						<line number="226" hits="0"/>
						<line number="227" hits="0"/>
						<line number="229" hits="0" branch="true" condition-coverage="0% (0/2)" missing-branches="230,232"/>
						<line number="230" hits="0"/>
						<line number="232" hits="0"/>
						<line number="234" hits="0"/>
						<line number="236" hits="0"/>
						<line number="237" hits="0"/>
						<line number="240" hits="1"/>
						<line number="242" hits="0"/>
						<line number="244" hits="0" branch="true" condition-coverage="0% (0/2)" missing-branches="245,247"/>
						<line number="245" hits="0"/>
						<line number="247" hits="0" branch="true" condition-coverage="0% (0/2)" missing-branches="248,249"/>
						<line number="248" hits="0"/>
						<line number="249" hits="0" branch="true" condition-coverage="0% (0/2)" missing-branches="251,260"/>
						<line number="251" hits="0"/>
						<line number="252" hits="0" branch="true" condition-coverage="0% (0/2)" missing-branches="254,258"/>
						<line number="254" hits="0"/>
						<line number="255" hits="0"/>
						<line number="258" hits="0"/>
						<line number="260" hits="0"/>
						<line number="263" hits="1"/>
						<line number="265" hits="0"/>
						<line number="266" hits="0"/>
						<line number="267" hits="0"/>
						<line number="269" hits="0"/>
						<line number="273" hits="0" branch="true" condition-coverage="0% (0/2)" missing-branches="274,283"/>
						<line number="274" hits="0"/>
						<line number="275" hits="0"/>
						<line number="276" hits="0"/>
						<line number="277" hits="0"/>
						<line number="278" hits="0"/>
						<line number="279" hits="0"/>
						<line number="280" hits="0"/>
						<line number="283" hits="0"/>
						<line number="285" hits="0"/>
						<line number="286" hits="0"/>
						<line number="287" hits="0"/>
						<line number="290" hits="0"/>
						<line number="292" hits="0"/>
						<line number="294" hits="0"/>
						<line number="296" hits="0"/>
						<line number="297" hits="0"/>
						<line number="298" hits="0"/>
						<line number="301" hits="1"/>
						<line number="306" hits="0"/>
						<line number="308" hits="0"/>
						<line number="310" hits="0"/>
						<line number="313" hits="1"/>
						<line number="315" hits="0"/>
						<line number="316" hits="0"/>
						<line number="327" hits="1"/>
						<line number="329" hits="0"/>
						<line number="330" hits="0"/>
						<line number="331" hits="0"/>
						<line number="332" hits="0"/>
						<line number="335" hits="0"/>
						<line number="336" hits="0"/>
						<line number="337" hits="0"/>
						<line number="338" hits="0"/>
						<line number="339" hits="0"/>
						<line number="340" hits="0"/>
						<line number="341" hits="0"/>
						<line number="342" hits="0"/>
						<line number="345" hits="0"/>
						<line number="348" hits="0"/>
						<line number="349" hits="0"/>
						<line number="350" hits="0"/>
						<line number="351" hits="0"/>
						<line number="352" hits="0"/>
						<line number="355" hits="0"/>
						<line number="358" hits="0"/>
						<line number="359" hits="0"/>
						<line number="362" hits="0"/>
						<line number="363" hits="0"/>
						<line number="364" hits="0"/>
						<line number="367" hits="0"/>
						<line number="368" hits="0"/>
						<line number="369" hits="0"/>
						<line number="370" hits="0"/>
						<line number="373" hits="0"/>
					</lines>
				</class>
				<class name="cli.py" filename="cli.py" complexity="0" line-rate="0.08178" branch-rate="0">
					<methods/>
					<lines>
						<line number="6" hits="1"/>
						<line number="7" hits="1"/>
						<line number="8" hits="1"/>
						<line number="9" hits="1"/>
						<line number="10" hits="1"/>
						<line number="11" hits="1"/>
						<line number="12" hits="1"/>
						<line number="14" hits="1"/>
						<line number="16" hits="1"/>
						<line number="17" hits="1"/>
						<line number="18" hits="1"/>
						<line number="21" hits="1"/>
						<line number="22" hits="1"/>
						<line number="25" hits="1"/>
						<line number="27" hits="0" branch="true" condition-coverage="0% (0/2)" missing-branches="28,31"/>
						<line number="28" hits="0"/>
						<line number="29" hits="0"/>
						<line number="31" hits="0"/>
						<line number="33" hits="0" branch="true" condition-coverage="0% (0/2)" missing-branches="34,35"/>
						<line number="34" hits="0"/>
						<line number="35" hits="0" branch="true" condition-coverage="0% (0/2)" missing-branches="36,38"/>
						<line number="36" hits="0"/>
						<line number="38" hits="0" branch="true" condition-coverage="0% (0/2)" missing-branches="39,40"/>
						<line number="39" hits="0"/>
						<line number="40" hits="0" branch="true" condition-coverage="0% (0/2)" missing-branches="41,42"/>
						<line number="41" hits="0"/>
						<line number="42" hits="0" branch="true" condition-coverage="0% (0/2)" missing-branches="43,45"/>
						<line number="43" hits="0"/>
						<line number="45" hits="0"/>
						<line number="48" hits="1"/>
						<line number="66" hits="0" branch="true" condition-coverage="0% (0/2)" missing-branches="67,70"/>
						<line number="67" hits="0"/>
						<line number="70" hits="0"/>
						<line number="71" hits="0"/>
						<line number="74" hits="0" branch="true" condition-coverage="0% (0/2)" missing-branches="75,78"/>
						<line number="75" hits="0"/>
						<line number="78" hits="0" branch="true" condition-coverage="0% (0/2)" missing-branches="79,82"/>
						<line number="79" hits="0"/>
						<line number="82" hits="0"/>
						<line number="85" hits="1"/>
						<line number="88" hits="1"/>
						<line number="89" hits="0"/>
						<line number="90" hits="0"/>
						<line number="91" hits="0"/>
						<line number="92" hits="0"/>
						<line number="93" hits="0"/>
						<line number="95" hits="1"/>
						<line number="97" hits="0"/>
						<line number="99" hits="0" branch="true" condition-coverage="0% (0/2)" missing-branches="exit,100"/>
						<line number="100" hits="0"/>
						<line number="101" hits="0"/>
						<line number="102" hits="0"/>
						<line number="104" hits="0" branch="true" condition-coverage="0% (0/2)" missing-branches="exit,105"/>
						<line number="105" hits="0"/>
						<line number="106" hits="0" branch="true" condition-coverage="0% (0/2)" missing-branches="107,110"/>
						<line number="107" hits="0"/>
						<line number="110" hits="0"/>
						<line number="111" hits="0"/>
						<line number="112" hits="0" branch="true" condition-coverage="0% (0/2)" missing-branches="113,116"/>
						<line number="113" hits="0"/>
						<line number="116" hits="0"/>
						<line number="117" hits="0" branch="true" condition-coverage="0% (0/2)" missing-branches="118,126"/>
						<line number="118" hits="0" branch="true" condition-coverage="0% (0/2)" missing-branches="119,126"/>
						<line number="119" hits="0"/>
						<line number="120" hits="0"/>
						<line number="121" hits="0"/>
						<line number="122" hits="0" branch="true" condition-coverage="0% (0/2)" missing-branches="123,124"/>
						<line number="123" hits="0"/>
						<line number="124" hits="0"/>
						<line number="126" hits="0"/>
						<line number="129" hits="1"/>
						<line number="130" hits="1"/>
						<line number="131" hits="1"/>
						<line number="133" hits="0"/>
						<line number="136" hits="1"/>
						<line number="137" hits="1"/>
						<line number="138" hits="1"/>
						<line number="139" hits="1"/>
						<line number="140" hits="1"/>
						<line number="143" hits="1"/>
						<line number="144" hits="1"/>
						<line number="145" hits="1"/>
						<line number="159" hits="0"/>
						<line number="162" hits="0" branch="true" condition-coverage="0% (0/2)" missing-branches="163,171"/>
						<line number="163" hits="0" branch="true" condition-coverage="0% (0/2)" missing-branches="164,166"/>
						<line number="164" hits="0"/>
						<line number="166" hits="0"/>
						<line number="169" hits="0"/>
						<line number="171" hits="0"/>
						<line number="172" hits="0" branch="true" condition-coverage="0% (0/2)" missing-branches="173,175"/>
						<line number="173" hits="0"/>
						<line number="175" hits="0"/>
						<line number="178" hits="0" branch="true" condition-coverage="0% (0/2)" missing-branches="179,180"/>
						<line number="179" hits="0"/>
						<line number="180" hits="0" branch="true" condition-coverage="0% (0/2)" missing-branches="181,184"/>
						<line number="181" hits="0"/>
						<line number="184" hits="0"/>
						<line number="185" hits="0"/>
						<line number="188" hits="0" branch="true" condition-coverage="0% (0/2)" missing-branches="exit,189"/>
						<line number="189" hits="0"/>
						<line number="191" hits="0"/>
						<line number="192" hits="0"/>
						<line number="193" hits="0"/>
						<line number="196" hits="1"/>
						<line number="197" hits="1"/>
						<line number="198" hits="1"/>
						<line number="199" hits="1"/>
						<line number="202" hits="1"/>
						<line number="210" hits="0"/>
						<line number="212" hits="0"/>
						<line number="213" hits="0"/>
						<line number="214" hits="0"/>
						<line number="215" hits="0"/>
						<line number="217" hits="0" branch="true" condition-coverage="0% (0/2)" missing-branches="exit,218"/>
						<line number="218" hits="0"/>
						<line number="220" hits="0"/>
						<line number="221" hits="0"/>
						<line number="222" hits="0"/>
						<line number="225" hits="1"/>
						<line number="227" hits="0" branch="true" condition-coverage="0% (0/2)" missing-branches="228,230"/>
						<line number="228" hits="0"/>
						<line number="230" hits="0"/>
						<line number="232" hits="0"/>
						<line number="233" hits="0"/>
						<line number="234" hits="0"/>
						<line number="235" hits="0"/>
						<line number="237" hits="0"/>
						<line number="240" hits="0"/>
						<line number="241" hits="0"/>
						<line number="242" hits="0"/>
						<line number="245" hits="0"/>
						<line number="246" hits="0"/>
						<line number="247" hits="0" branch="true" condition-coverage="0% (0/2)" missing-branches="248,264"/>
						<line number="248" hits="0"/>
						<line number="249" hits="0" branch="true" condition-coverage="0% (0/2)" missing-branches="250,264"/>
						<line number="250" hits="0"/>
						<line number="257" hits="0"/>
						<line number="258" hits="0"/>
						<line number="260" hits="0"/>
						<line number="261" hits="0"/>
						<line number="264" hits="0"/>
						<line number="265" hits="0"/>
						<line number="266" hits="0"/>
						<line number="267" hits="0"/>
						<line number="268" hits="0"/>
						<line number="271" hits="0"/>
						<line number="272" hits="0"/>
						<line number="277" hits="0"/>
						<line number="278" hits="0" branch="true" condition-coverage="0% (0/2)" missing-branches="279,291"/>
						<line number="279" hits="0"/>
						<line number="280" hits="0"/>
						<line number="282" hits="0"/>
						<line number="287" hits="0"/>
						<line number="288" hits="0"/>
						<line number="291" hits="0"/>
						<line number="292" hits="0"/>
						<line number="294" hits="0"/>
						<line number="295" hits="0"/>
						<line number="298" hits="0"/>
						<line number="299" hits="0" branch="true" condition-coverage="0% (0/2)" missing-branches="300,301"/>
						<line number="300" hits="0"/>
						<line number="301" hits="0" branch="true" condition-coverage="0% (0/2)" missing-branches="302,308"/>
						<line number="302" hits="0"/>
						<line number="308" hits="0"/>
						<line number="309" hits="0" branch="true" condition-coverage="0% (0/2)" missing-branches="310,311"/>
						<line number="310" hits="0"/>
						<line number="311" hits="0" branch="true" condition-coverage="0% (0/2)" missing-branches="312,318"/>
						<line number="312" hits="0"/>
						<line number="318" hits="0" branch="true" condition-coverage="0% (0/2)" missing-branches="319,327"/>
						<line number="319" hits="0"/>
						<line number="327" hits="0" branch="true" condition-coverage="0% (0/2)" missing-branches="328,337"/>
						<line number="328" hits="0"/>
						<line number="329" hits="0"/>
						<line number="330" hits="0"/>
						<line number="331" hits="0"/>
						<line number="332" hits="0"/>
						<line number="334" hits="0"/>
						<line number="335" hits="0"/>
						<line number="337" hits="0"/>
						<line number="340" hits="1"/>
						<line number="342" hits="0"/>
						<line number="343" hits="0"/>
						<line number="345" hits="0"/>
						<line number="346" hits="0"/>
						<line number="349" hits="0"/>
						<line number="365" hits="0"/>
						<line number="366" hits="0"/>
						<line number="369" hits="1"/>
						<line number="371" hits="0"/>
						<line number="372" hits="0"/>
						<line number="374" hits="0"/>
						<line number="376" hits="0"/>
						<line number="377" hits="0"/>
						<line number="379" hits="0"/>
						<line number="380" hits="0" branch="true" condition-coverage="0% (0/2)" missing-branches="381,415"/>
						<line number="381" hits="0"/>
						<line number="382" hits="0"/>
						<line number="385" hits="0"/>
						<line number="396" hits="0"/>
						<line number="397" hits="0" branch="true" condition-coverage="0% (0/2)" missing-branches="398,413"/>
						<line number="398" hits="0"/>
						<line number="399" hits="0" branch="true" condition-coverage="0% (0/2)" missing-branches="400,404"/>
						<line number="400" hits="0"/>
						<line number="401" hits="0" branch="true" condition-coverage="0% (0/2)" missing-branches="402,403"/>
						<line number="402" hits="0"/>
						<line number="403" hits="0"/>
						<line number="404" hits="0" branch="true" condition-coverage="0% (0/2)" missing-branches="405,406"/>
						<line number="405" hits="0"/>
						<line number="406" hits="0" branch="true" condition-coverage="0% (0/2)" missing-branches="407,408"/>
						<line number="407" hits="0"/>
						<line number="408" hits="0" branch="true" condition-coverage="0% (0/2)" missing-branches="397,409"/>
						<line number="409" hits="0"/>
						<line number="410" hits="0" branch="true" condition-coverage="0% (0/2)" missing-branches="397,411"/>
						<line number="411" hits="0"/>
						<line number="413" hits="0"/>
						<line number="415" hits="0"/>
						<line number="417" hits="0"/>
						<line number="418" hits="0"/>
						<line number="421" hits="1"/>
						<line number="422" hits="1"/>
						<line number="425" hits="1"/>
						<line number="426" hits="1"/>
						<line number="428" hits="0"/>
						<line number="430" hits="0" branch="true" condition-coverage="0% (0/2)" missing-branches="431,701"/>
						<line number="431" hits="0"/>
						<line number="701" hits="0"/>
						<line number="713" hits="0"/>
						<line number="714" hits="0"/>
						<line number="716" hits="0" branch="true" condition-coverage="0% (0/2)" missing-branches="717,1398"/>
						<line number="717" hits="0"/>
						<line number="720" hits="0"/>
						<line number="723" hits="0" branch="true" condition-coverage="0% (0/2)" missing-branches="724,777"/>
						<line number="724" hits="0"/>
						<line number="725" hits="0"/>
						<line number="726" hits="0" branch="true" condition-coverage="0% (0/2)" missing-branches="727,738"/>
						<line number="727" hits="0"/>
						<line number="728" hits="0"/>
						<line number="729" hits="0"/>
						<line number="730" hits="0" branch="true" condition-coverage="0% (0/2)" missing-branches="731,738"/>
						<line number="731" hits="0"/>
						<line number="733" hits="0"/>
						<line number="734" hits="0"/>
						<line number="735" hits="0"/>
						<line number="738" hits="0" branch="true" condition-coverage="0% (0/2)" missing-branches="740,777"/>
						<line number="740" hits="0"/>
						<line number="741" hits="0" branch="true" condition-coverage="0% (0/2)" missing-branches="742,745"/>
						<line number="742" hits="0"/>
						<line number="745" hits="0"/>
						<line number="746" hits="0" branch="true" condition-coverage="0% (0/2)" missing-branches="747,750"/>
						<line number="747" hits="0"/>
						<line number="750" hits="0"/>
						<line number="751" hits="0" branch="true" condition-coverage="0% (0/2)" missing-branches="752,755"/>
						<line number="752" hits="0"/>
						<line number="755" hits="0"/>
						<line number="756" hits="0"/>
						<line number="758" hits="0"/>
						<line number="759" hits="0"/>
						<line number="760" hits="0" branch="true" condition-coverage="0% (0/2)" missing-branches="761,777"/>
						<line number="761" hits="0"/>
						<line number="762" hits="0" branch="true" condition-coverage="0% (0/2)" missing-branches="763,777"/>
						<line number="763" hits="0"/>
						<line number="764" hits="0"/>
						<line number="765" hits="0"/>
						<line number="768" hits="0"/>
						<line number="769" hits="0" branch="true" condition-coverage="0% (0/2)" missing-branches="770,777"/>
						<line number="770" hits="0"/>
						<line number="771" hits="0"/>
						<line number="772" hits="0"/>
						<line number="773" hits="0"/>
						<line number="774" hits="0"/>
						<line number="777" hits="0" branch="true" condition-coverage="0% (0/2)" missing-branches="778,785"/>
						<line number="778" hits="0"/>
						<line number="780" hits="0"/>
						<line number="781" hits="0"/>
						<line number="782" hits="0"/>
						<line number="785" hits="0"/>
						<line number="786" hits="0"/>
						<line number="787" hits="0"/>
						<line number="788" hits="0"/>
						<line number="789" hits="0"/>
						<line number="790" hits="0"/>
						<line number="792" hits="0" branch="true" condition-coverage="0% (0/2)" missing-branches="793,1395"/>
						<line number="793" hits="0"/>
						<line number="794" hits="0"/>
						<line number="795" hits="0"/>
						<line number="798" hits="0"/>
						<line number="799" hits="0"/>
						<line number="802" hits="0"/>
						<line number="803" hits="0"/>
						<line number="806" hits="0"/>
						<line number="807" hits="0"/>
						<line number="808" hits="0" branch="true" condition-coverage="0% (0/2)" missing-branches="809,834"/>
						<line number="809" hits="0"/>
						<line number="810" hits="0" branch="true" condition-coverage="0% (0/2)" missing-branches="811,834"/>
						<line number="811" hits="0"/>
						<line number="812" hits="0"/>
						<line number="815" hits="0" branch="true" condition-coverage="0% (0/2)" missing-branches="817,834"/>
						<line number="817" hits="0" branch="true" condition-coverage="0% (0/2)" missing-branches="821,826"/>
						<line number="821" hits="0"/>
						<line number="822" hits="0"/>
						<line number="826" hits="0"/>
						<line number="827" hits="0"/>
						<line number="828" hits="0"/>
						<line number="829" hits="0"/>
						<line number="830" hits="0"/>
						<line number="831" hits="0"/>
						<line number="832" hits="0"/>
						<line number="834" hits="0"/>
						<line number="837" hits="0"/>
						<line number="838" hits="0"/>
						<line number="839" hits="0"/>
						<line number="840" hits="0"/>
						<line number="841" hits="0"/>
						<line number="842" hits="0"/>
						<line number="843" hits="0"/>
						<line number="844" hits="0"/>
						<line number="847" hits="0"/>
						<line number="848" hits="0"/>
						<line number="849" hits="0" branch="true" condition-coverage="0% (0/2)" missing-branches="850,866"/>
						<line number="850" hits="0"/>
						<line number="851" hits="0"/>
						<line number="852" hits="0" branch="true" condition-coverage="0% (0/2)" missing-branches="853,854"/>
						<line number="853" hits="0"/>
						<line number="854" hits="0" branch="true" condition-coverage="0% (0/2)" missing-branches="855,856"/>
						<line number="855" hits="0"/>
						<line number="856" hits="0" branch="true" condition-coverage="0% (0/2)" missing-branches="857,858"/>
						<line number="857" hits="0"/>
						<line number="858" hits="0" branch="true" condition-coverage="0% (0/2)" missing-branches="859,860"/>
						<line number="859" hits="0"/>
						<line number="860" hits="0" branch="true" condition-coverage="0% (0/2)" missing-branches="861,862"/>
						<line number="861" hits="0"/>
						<line number="862" hits="0" branch="true" condition-coverage="0% (0/2)" missing-branches="863,866"/>
						<line number="863" hits="0"/>
						<line number="866" hits="0"/>
						<line number="867" hits="0" branch="true" condition-coverage="0% (0/2)" missing-branches="872,882"/>
						<line number="872" hits="0"/>
						<line number="873" hits="0"/>
						<line number="874" hits="0" branch="true" condition-coverage="0% (0/2)" missing-branches="875,876"/>
						<line number="875" hits="0"/>
						<line number="876" hits="0" branch="true" condition-coverage="0% (0/2)" missing-branches="877,878"/>
						<line number="877" hits="0"/>
						<line number="878" hits="0" branch="true" condition-coverage="0% (0/2)" missing-branches="879,882"/>
						<line number="879" hits="0"/>
						<line number="882" hits="0"/>
						<line number="883" hits="0" branch="true" condition-coverage="0% (0/2)" missing-branches="884,900"/>
						<line number="884" hits="0"/>
						<line number="885" hits="0"/>
						<line number="886" hits="0" branch="true" condition-coverage="0% (0/2)" missing-branches="887,888"/>
						<line number="887" hits="0"/>
						<line number="888" hits="0" branch="true" condition-coverage="0% (0/2)" missing-branches="889,892"/>
						<line number="889" hits="0"/>
						<line number="892" hits="0" branch="true" condition-coverage="0% (0/2)" missing-branches="893,894"/>
						<line number="893" hits="0"/>
						<line number="894" hits="0" branch="true" condition-coverage="0% (0/2)" missing-branches="895,896"/>
						<line number="895" hits="0"/>
						<line number="896" hits="0" branch="true" condition-coverage="0% (0/2)" missing-branches="897,900"/>
						<line number="897" hits="0"/>
						<line number="900" hits="0"/>
						<line number="901" hits="0"/>
						<line number="902" hits="0"/>
						<line number="903" hits="0"/>
						<line number="906" hits="0"/>
						<line number="907" hits="0"/>
						<line number="908" hits="0"/>
						<line number="909" hits="0"/>
						<line number="912" hits="0" branch="true" condition-coverage="0% (0/2)" missing-branches="913,926"/>
						<line number="913" hits="0"/>
						<line number="914" hits="0"/>
						<line number="915" hits="0"/>
						<line number="916" hits="0" branch="true" condition-coverage="0% (0/2)" missing-branches="917,926"/>
						<line number="917" hits="0"/>
						<line number="918" hits="0" branch="true" condition-coverage="0% (0/2)" missing-branches="919,926"/>
						<line number="919" hits="0" branch="true" condition-coverage="0% (0/2)" missing-branches="920,921"/>
						<line number="920" hits="0"/>
						<line number="921" hits="0" branch="true" condition-coverage="0% (0/2)" missing-branches="922,926"/>
						<line number="922" hits="0"/>
						<line number="923" hits="0"/>
						<line number="924" hits="0"/>
						<line number="926" hits="0"/>
						<line number="927" hits="0"/>
						<line number="930" hits="0" branch="true" condition-coverage="0% (0/2)" missing-branches="931,944"/>
						<line number="931" hits="0"/>
						<line number="932" hits="0"/>
						<line number="933" hits="0"/>
						<line number="934" hits="0" branch="true" condition-coverage="0% (0/2)" missing-branches="935,944"/>
						<line number="935" hits="0"/>
						<line number="936" hits="0" branch="true" condition-coverage="0% (0/2)" missing-branches="937,944"/>
						<line number="937" hits="0" branch="true" condition-coverage="0% (0/2)" missing-branches="938,939"/>
						<line number="938" hits="0"/>
						<line number="939" hits="0" branch="true" condition-coverage="0% (0/2)" missing-branches="940,944"/>
						<line number="940" hits="0"/>
						<line number="941" hits="0"/>
						<line number="942" hits="0"/>
						<line number="944" hits="0"/>
						<line number="945" hits="0"/>
						<line number="948" hits="0" branch="true" condition-coverage="0% (0/2)" missing-branches="949,962"/>
						<line number="949" hits="0"/>
						<line number="950" hits="0"/>
						<line number="951" hits="0"/>
						<line number="952" hits="0" branch="true" condition-coverage="0% (0/2)" missing-branches="953,962"/>
						<line number="953" hits="0"/>
						<line number="954" hits="0" branch="true" condition-coverage="0% (0/2)" missing-branches="955,962"/>
						<line number="955" hits="0" branch="true" condition-coverage="0% (0/2)" missing-branches="956,957"/>
						<line number="956" hits="0"/>
						<line number="957" hits="0" branch="true" condition-coverage="0% (0/2)" missing-branches="958,962"/>
						<line number="958" hits="0"/>
						<line number="959" hits="0"/>
						<line number="960" hits="0"/>
						<line number="962" hits="0"/>
						<line number="965" hits="0"/>
						<line number="966" hits="0" branch="true" condition-coverage="0% (0/2)" missing-branches="967,981"/>
						<line number="967" hits="0"/>
						<line number="968" hits="0"/>
						<line number="969" hits="0"/>
						<line number="970" hits="0" branch="true" condition-coverage="0% (0/2)" missing-branches="971,972"/>
						<line number="971" hits="0"/>
						<line number="972" hits="0" branch="true" condition-coverage="0% (0/2)" missing-branches="973,977"/>
						<line number="973" hits="0"/>
						<line number="974" hits="0" branch="true" condition-coverage="0% (0/2)" missing-branches="975,976"/>
						<line number="975" hits="0"/>
						<line number="976" hits="0"/>
						<line number="977" hits="0" branch="true" condition-coverage="0% (0/2)" missing-branches="978,981"/>
						<line number="978" hits="0"/>
						<line number="981" hits="0"/>
						<line number="982" hits="0" branch="true" condition-coverage="0% (0/2)" missing-branches="983,1031"/>
						<line number="983" hits="0"/>
						<line number="984" hits="0"/>
						<line number="985" hits="0"/>
						<line number="986" hits="0"/>
						<line number="987" hits="0" branch="true" condition-coverage="0% (0/2)" missing-branches="988,992"/>
						<line number="988" hits="0" branch="true" condition-coverage="0% (0/2)" missing-branches="989,992"/>
						<line number="989" hits="0"/>
						<line number="992" hits="0"/>
						<line number="993" hits="0"/>
						<line number="994" hits="0" branch="true" condition-coverage="0% (0/2)" missing-branches="995,1002"/>
						<line number="995" hits="0"/>
						<line number="996" hits="0" branch="true" condition-coverage="0% (0/2)" missing-branches="997,1002"/>
						<line number="997" hits="0"/>
						<line number="998" hits="0" branch="true" condition-coverage="0% (0/2)" missing-branches="996,999"/>
						<line number="999" hits="0"/>
						<line number="1002" hits="0"/>
						<line number="1003" hits="0" branch="true" condition-coverage="0% (0/2)" missing-branches="1004,1006"/>
						<line number="1004" hits="0"/>
						<line number="1006" hits="0"/>
						<line number="1007" hits="0" branch="true" condition-coverage="0% (0/2)" missing-branches="1008,1013"/>
						<line number="1008" hits="0"/>
						<line number="1013" hits="0"/>
						<line number="1014" hits="0" branch="true" condition-coverage="0% (0/2)" missing-branches="1015,1031"/>
						<line number="1015" hits="0" branch="true" condition-coverage="0% (0/2)" missing-branches="1016,1017"/>
						<line number="1016" hits="0"/>
						<line number="1017" hits="0" branch="true" condition-coverage="0% (0/2)" missing-branches="1018,1021"/>
						<line number="1018" hits="0"/>
						<line number="1021" hits="0" branch="true" condition-coverage="0% (0/2)" missing-branches="1022,1023"/>
						<line number="1022" hits="0"/>
						<line number="1023" hits="0" branch="true" condition-coverage="0% (0/2)" missing-branches="1024,1025"/>
						<line number="1024" hits="0"/>
						<line number="1025" hits="0" branch="true" condition-coverage="0% (0/2)" missing-branches="1026,1031"/>
						<line number="1026" hits="0"/>
						<line number="1031" hits="0"/>
						<line number="1032" hits="0" branch="true" condition-coverage="0% (0/2)" missing-branches="1035,1046"/>
						<line number="1035" hits="0"/>
						<line number="1036" hits="0"/>
						<line number="1037" hits="0" branch="true" condition-coverage="0% (0/2)" missing-branches="1038,1042"/>
						<line number="1038" hits="0"/>
						<line number="1039" hits="0"/>
						<line number="1040" hits="0" branch="true" condition-coverage="0% (0/2)" missing-branches="1041,1042"/>
						<line number="1041" hits="0"/>
						<line number="1042" hits="0" branch="true" condition-coverage="0% (0/2)" missing-branches="1043,1046"/>
						<line number="1043" hits="0"/>
						<line number="1046" hits="0"/>
						<line number="1047" hits="0" branch="true" condition-coverage="0% (0/2)" missing-branches="1048,1107"/>
						<line number="1048" hits="0"/>
						<line number="1049" hits="0"/>
						<line number="1050" hits="0" branch="true" condition-coverage="0% (0/2)" missing-branches="1051,1055"/>
						<line number="1051" hits="0"/>
						<line number="1052" hits="0" branch="true" condition-coverage="0% (0/2)" missing-branches="1053,1054"/>
						<line number="1053" hits="0"/>
						<line number="1054" hits="0"/>
						<line number="1055" hits="0" branch="true" condition-coverage="0% (0/2)" missing-branches="1056,1060"/>
						<line number="1056" hits="0"/>
						<line number="1057" hits="0" branch="true" condition-coverage="0% (0/2)" missing-branches="1058,1059"/>
						<line number="1058" hits="0"/>
						<line number="1059" hits="0"/>
						<line number="1060" hits="0" branch="true" condition-coverage="0% (0/2)" missing-branches="1061,1065"/>
						<line number="1061" hits="0"/>
						<line number="1062" hits="0" branch="true" condition-coverage="0% (0/2)" missing-branches="1063,1064"/>
						<line number="1063" hits="0"/>
						<line number="1064" hits="0"/>
						<line number="1065" hits="0" branch="true" condition-coverage="0% (0/2)" missing-branches="1066,1069"/>
						<line number="1066" hits="0"/>
						<line number="1069" hits="0"/>
						<line number="1070" hits="0" branch="true" condition-coverage="0% (0/2)" missing-branches="1071,1080"/>
						<line number="1071" hits="0"/>
						<line number="1072" hits="0" branch="true" condition-coverage="0% (0/2)" missing-branches="1073,1080"/>
						<line number="1073" hits="0" branch="true" condition-coverage="0% (0/2)" missing-branches="1072,1074"/>
						<line number="1074" hits="0"/>
						<line number="1075" hits="0" branch="true" condition-coverage="0% (0/2)" missing-branches="1076,1077"/>
						<line number="1076" hits="0"/>
						<line number="1077" hits="0"/>
						<line number="1080" hits="0"/>
						<line number="1081" hits="0" branch="true" condition-coverage="0% (0/2)" missing-branches="1082,1091"/>
						<line number="1082" hits="0"/>
						<line number="1083" hits="0" branch="true" condition-coverage="0% (0/2)" missing-branches="1084,1091"/>
						<line number="1084" hits="0" branch="true" condition-coverage="0% (0/2)" missing-branches="1083,1085"/>
						<line number="1085" hits="0"/>
						<line number="1086" hits="0" branch="true" condition-coverage="0% (0/2)" missing-branches="1087,1088"/>
						<line number="1087" hits="0"/>
						<line number="1088" hits="0"/>
						<line number="1091" hits="0"/>
						<line number="1092" hits="0" branch="true" condition-coverage="0% (0/2)" missing-branches="1093,1107"/>
						<line number="1093" hits="0" branch="true" condition-coverage="0% (0/2)" missing-branches="1094,1095"/>
						<line number="1094" hits="0"/>
						<line number="1095" hits="0" branch="true" condition-coverage="0% (0/2)" missing-branches="1096,1100"/>
						<line number="1096" hits="0"/>
						<line number="1097" hits="0" branch="true" condition-coverage="0% (0/2)" missing-branches="1098,1099"/>
						<line number="1098" hits="0"/>
						<line number="1099" hits="0"/>
						<line number="1100" hits="0"/>
						<line number="1101" hits="0" branch="true" condition-coverage="0% (0/2)" missing-branches="1102,1107"/>
						<line number="1102" hits="0"/>
						<line number="1103" hits="0" branch="true" condition-coverage="0% (0/2)" missing-branches="1104,1107"/>
						<line number="1104" hits="0"/>
						<line number="1107" hits="0"/>
						<line number="1108" hits="0" branch="true" condition-coverage="0% (0/2)" missing-branches="1109,1134"/>
						<line number="1109" hits="0"/>
						<line number="1110" hits="0"/>
						<line number="1111" hits="0"/>
						<line number="1112" hits="0"/>
						<line number="1115" hits="0" branch="true" condition-coverage="0% (0/2)" missing-branches="1116,1121"/>
						<line number="1116" hits="0"/>
						<line number="1117" hits="0" branch="true" condition-coverage="0% (0/2)" missing-branches="1118,1120"/>
						<line number="1118" hits="0"/>
						<line number="1120" hits="0"/>
						<line number="1121" hits="0" branch="true" condition-coverage="0% (0/2)" missing-branches="1122,1123"/>
						<line number="1122" hits="0"/>
						<line number="1123" hits="0" branch="true" condition-coverage="0% (0/2)" missing-branches="1124,1125"/>
						<line number="1124" hits="0"/>
						<line number="1125" hits="0" branch="true" condition-coverage="0% (0/2)" missing-branches="1126,1134"/>
						<line number="1126" hits="0"/>
						<line number="1127" hits="0"/>
						<line number="1128" hits="0" branch="true" condition-coverage="0% (0/2)" missing-branches="1129,1134"/>
						<line number="1129" hits="0" branch="true" condition-coverage="0% (0/2)" missing-branches="1130,1131"/>
						<line number="1130" hits="0"/>
						<line number="1131" hits="0"/>
						<line number="1134" hits="0"/>
						<line number="1135" hits="0" branch="true" condition-coverage="0% (0/2)" missing-branches="1136,1145"/>
						<line number="1136" hits="0"/>
						<line number="1137" hits="0"/>
						<line number="1138" hits="0"/>
						<line number="1139" hits="0"/>
						<line number="1140" hits="0" branch="true" condition-coverage="0% (0/2)" missing-branches="1141,1145"/>
						<line number="1141" hits="0" branch="true" condition-coverage="0% (0/2)" missing-branches="1142,1145"/>
						<line number="1142" hits="0"/>
						<line number="1145" hits="0"/>
						<line number="1146" hits="0" branch="true" condition-coverage="0% (0/2)" missing-branches="1147,1177"/>
						<line number="1147" hits="0"/>
						<line number="1148" hits="0"/>
						<line number="1149" hits="0"/>
						<line number="1150" hits="0"/>
						<line number="1151" hits="0"/>
						<line number="1152" hits="0"/>
						<line number="1153" hits="0"/>
						<line number="1154" hits="0"/>
						<line number="1157" hits="0"/>
						<line number="1160" hits="0"/>
						<line number="1164" hits="0"/>
						<line number="1165" hits="0" branch="true" condition-coverage="0% (0/2)" missing-branches="1166,1177"/>
						<line number="1166" hits="0" branch="true" condition-coverage="0% (0/2)" missing-branches="1168,1174"/>
						<line number="1168" hits="0"/>
						<line number="1169" hits="0"/>
						<line number="1170" hits="0" branch="true" condition-coverage="0% (0/2)" missing-branches="1171,1172"/>
						<line number="1171" hits="0"/>
						<line number="1172" hits="0"/>
						<line number="1174" hits="0"/>
						<line number="1177" hits="0"/>
						<line number="1178" hits="0" branch="true" condition-coverage="0% (0/2)" missing-branches="1179,1188"/>
						<line number="1179" hits="0"/>
						<line number="1180" hits="0"/>
						<line number="1181" hits="0" branch="true" condition-coverage="0% (0/2)" missing-branches="1182,1188"/>
						<line number="1182" hits="0" branch="true" condition-coverage="0% (0/2)" missing-branches="1181,1183"/>
						<line number="1183" hits="0"/>
						<line number="1184" hits="0" branch="true" condition-coverage="0% (0/2)" missing-branches="1181,1185"/>
						<line number="1185" hits="0"/>
						<line number="1188" hits="0"/>
						<line number="1189" hits="0" branch="true" condition-coverage="0% (0/2)" missing-branches="1190,1230"/>
						<line number="1190" hits="0"/>
						<line number="1191" hits="0"/>
						<line number="1193" hits="0" branch="true" condition-coverage="0% (0/2)" missing-branches="1194,1196"/>
						<line number="1194" hits="0"/>
						<line number="1196" hits="0"/>
						<line number="1197" hits="0" branch="true" condition-coverage="0% (0/2)" missing-branches="1198,1207"/>
						<line number="1198" hits="0"/>
						<line number="1199" hits="0"/>
						<line number="1200" hits="0" branch="true" condition-coverage="0% (0/2)" missing-branches="1201,1202"/>
						<line number="1201" hits="0"/>
						<line number="1202" hits="0" branch="true" condition-coverage="0% (0/2)" missing-branches="1203,1204"/>
						<line number="1203" hits="0"/>
						<line number="1204" hits="0" branch="true" condition-coverage="0% (0/2)" missing-branches="1205,1207"/>
						<line number="1205" hits="0"/>
						<line number="1207" hits="0"/>
						<line number="1208" hits="0" branch="true" condition-coverage="0% (0/2)" missing-branches="1209,1216"/>
						<line number="1209" hits="0" branch="true" condition-coverage="0% (0/2)" missing-branches="1210,1211"/>
						<line number="1210" hits="0"/>
						<line number="1211" hits="0" branch="true" condition-coverage="0% (0/2)" missing-branches="1212,1213"/>
						<line number="1212" hits="0"/>
						<line number="1213" hits="0" branch="true" condition-coverage="0% (0/2)" missing-branches="1214,1216"/>
						<line number="1214" hits="0"/>
						<line number="1216" hits="0"/>
						<line number="1217" hits="0" branch="true" condition-coverage="0% (0/2)" missing-branches="1218,1230"/>
						<line number="1218" hits="0" branch="true" condition-coverage="0% (0/2)" missing-branches="1219,1220"/>
						<line number="1219" hits="0"/>
						<line number="1220" hits="0" branch="true" condition-coverage="0% (0/2)" missing-branches="1221,1222"/>
						<line number="1221" hits="0"/>
						<line number="1222" hits="0" branch="true" condition-coverage="0% (0/2)" missing-branches="1223,1230"/>
						<line number="1223" hits="0"/>
						<line number="1224" hits="0" branch="true" condition-coverage="0% (0/2)" missing-branches="1225,1227"/>
						<line number="1225" hits="0"/>
						<line number="1227" hits="0"/>
						<line number="1230" hits="0"/>
						<line number="1231" hits="0" branch="true" condition-coverage="0% (0/2)" missing-branches="1232,1245"/>
						<line number="1232" hits="0"/>
						<line number="1233" hits="0"/>
						<line number="1234" hits="0" branch="true" condition-coverage="0% (0/2)" missing-branches="1235,1236"/>
						<line number="1235" hits="0"/>
						<line number="1236" hits="0" branch="true" condition-coverage="0% (0/2)" missing-branches="1237,1239"/>
						<line number="1237" hits="0"/>
						<line number="1238" hits="0"/>
						<line number="1239" hits="0"/>
						<line number="1240" hits="0" branch="true" condition-coverage="0% (0/2)" missing-branches="1241,1245"/>
						<line number="1241" hits="0"/>
						<line number="1242" hits="0"/>
						<line number="1245" hits="0"/>
						<line number="1246" hits="0" branch="true" condition-coverage="0% (0/2)" missing-branches="1251,1271"/>
						<line number="1251" hits="0"/>
						<line number="1252" hits="0"/>
						<line number="1253" hits="0"/>
						<line number="1254" hits="0" branch="true" condition-coverage="0% (0/2)" missing-branches="1255,1260"/>
						<line number="1255" hits="0"/>
						<line number="1256" hits="0" branch="true" condition-coverage="0% (0/2)" missing-branches="1257,1258"/>
						<line number="1257" hits="0"/>
						<line number="1258" hits="0" branch="true" condition-coverage="0% (0/2)" missing-branches="1259,1260"/>
						<line number="1259" hits="0"/>
						<line number="1260" hits="0"/>
						<line number="1261" hits="0" branch="true" condition-coverage="0% (0/2)" missing-branches="1262,1267"/>
						<line number="1262" hits="0"/>
						<line number="1263" hits="0" branch="true" condition-coverage="0% (0/2)" missing-branches="1264,1265"/>
						<line number="1264" hits="0"/>
						<line number="1265" hits="0" branch="true" condition-coverage="0% (0/2)" missing-branches="1266,1267"/>
						<line number="1266" hits="0"/>
						<line number="1267" hits="0" branch="true" condition-coverage="0% (0/2)" missing-branches="1268,1271"/>
						<line number="1268" hits="0"/>
						<line number="1271" hits="0"/>
						<line number="1272" hits="0" branch="true" condition-coverage="0% (0/2)" missing-branches="1273,1292"/>
						<line number="1273" hits="0"/>
						<line number="1274" hits="0"/>
						<line number="1275" hits="0" branch="true" condition-coverage="0% (0/2)" missing-branches="1276,1292"/>
						<line number="1276" hits="0"/>
						<line number="1277" hits="0"/>
						<line number="1278" hits="0" branch="true" condition-coverage="0% (0/2)" missing-branches="1279,1283"/>
						<line number="1279" hits="0"/>
						<line number="1280" hits="0" branch="true" condition-coverage="0% (0/2)" missing-branches="1281,1282"/>
						<line number="1281" hits="0"/>
						<line number="1282" hits="0"/>
						<line number="1283" hits="0"/>
						<line number="1284" hits="0" branch="true" condition-coverage="0% (0/2)" missing-branches="1275,1285"/>
						<line number="1285" hits="0"/>
						<line number="1286" hits="0" branch="true" condition-coverage="0% (0/2)" missing-branches="1287,1288"/>
						<line number="1287" hits="0"/>
						<line number="1288" hits="0" branch="true" condition-coverage="0% (0/2)" missing-branches="1275,1289"/>
						<line number="1289" hits="0"/>
						<line number="1292" hits="0"/>
						<line number="1293" hits="0" branch="true" condition-coverage="0% (0/2)" missing-branches="1294,1328"/>
						<line number="1294" hits="0"/>
						<line number="1295" hits="0"/>
						<line number="1296" hits="0" branch="true" condition-coverage="0% (0/2)" missing-branches="1297,1306"/>
						<line number="1297" hits="0"/>
						<line number="1298" hits="0"/>
						<line number="1305" hits="0"/>
						<line number="1306" hits="0" branch="true" condition-coverage="0% (0/2)" missing-branches="1307,1316"/>
						<line number="1307" hits="0"/>
						<line number="1308" hits="0"/>
						<line number="1315" hits="0"/>
						<line number="1316" hits="0" branch="true" condition-coverage="0% (0/2)" missing-branches="1317,1328"/>
						<line number="1317" hits="0"/>
						<line number="1318" hits="0"/>
						<line number="1325" hits="0"/>
						<line number="1328" hits="0"/>
						<line number="1329" hits="0" branch="true" condition-coverage="0% (0/2)" missing-branches="1331,1374"/>
						<line number="1331" hits="0"/>
						<line number="1341" hits="0"/>
						<line number="1342" hits="0" branch="true" condition-coverage="0% (0/2)" missing-branches="1343,1353"/>
						<line number="1343" hits="0"/>
						<line number="1344" hits="0"/>
						<line number="1345" hits="0" branch="true" condition-coverage="0% (0/2)" missing-branches="1346,1353"/>
						<line number="1346" hits="0"/>
						<line number="1347" hits="0" branch="true" condition-coverage="0% (0/2)" missing-branches="1345,1348"/>
						<line number="1348" hits="0" branch="true" condition-coverage="0% (0/2)" missing-branches="1349,1350"/>
						<line number="1349" hits="0"/>
						<line number="1350" hits="0"/>
						<line number="1353" hits="0"/>
						<line number="1362" hits="0"/>
						<line number="1363" hits="0" branch="true" condition-coverage="0% (0/2)" missing-branches="1364,1374"/>
						<line number="1364" hits="0"/>
						<line number="1365" hits="0"/>
						<line number="1366" hits="0" branch="true" condition-coverage="0% (0/2)" missing-branches="1367,1374"/>
						<line number="1367" hits="0"/>
						<line number="1368" hits="0" branch="true" condition-coverage="0% (0/2)" missing-branches="1366,1369"/>
						<line number="1369" hits="0" branch="true" condition-coverage="0% (0/2)" missing-branches="1370,1371"/>
						<line number="1370" hits="0"/>
						<line number="1371" hits="0"/>
						<line number="1374" hits="0"/>
						<line number="1375" hits="0" branch="true" condition-coverage="0% (0/2)" missing-branches="1376,1395"/>
						<line number="1376" hits="0"/>
						<line number="1377" hits="0"/>
						<line number="1378" hits="0" branch="true" condition-coverage="0% (0/2)" missing-branches="1380,1395"/>
						<line number="1380" hits="0" branch="true" condition-coverage="0% (0/2)" missing-branches="1381,1385"/>
						<line number="1381" hits="0"/>
						<line number="1382" hits="0" branch="true" condition-coverage="0% (0/2)" missing-branches="1383,1384"/>
						<line number="1383" hits="0"/>
						<line number="1384" hits="0"/>
						<line number="1385" hits="0" branch="true" condition-coverage="0% (0/2)" missing-branches="1386,1390"/>
						<line number="1386" hits="0"/>
						<line number="1387" hits="0" branch="true" condition-coverage="0% (0/2)" missing-branches="1388,1389"/>
						<line number="1388" hits="0"/>
						<line number="1389" hits="0"/>
						<line number="1390" hits="0" branch="true" condition-coverage="0% (0/2)" missing-branches="1391,1392"/>
						<line number="1391" hits="0"/>
						<line number="1392" hits="0" branch="true" condition-coverage="0% (0/2)" missing-branches="1378,1393"/>
						<line number="1393" hits="0"/>
						<line number="1395" hits="0"/>
						<line number="1396" hits="0"/>
						<line number="1398" hits="0"/>
						<line number="1399" hits="0"/>
						<line number="1401" hits="0"/>
						<line number="1402" hits="0"/>
						<line number="1403" hits="0"/>
						<line number="1406" hits="1"/>
						<line number="1407" hits="1"/>
						<line number="1409" hits="0"/>
						<line number="1412" hits="1"/>
						<line number="1413" hits="1"/>
						<line number="1414" hits="1"/>
						<line number="1415" hits="1"/>
						<line number="1417" hits="0"/>
						<line number="1419" hits="0" branch="true" condition-coverage="0% (0/2)" missing-branches="1420,1423"/>
						<line number="1420" hits="0"/>
						<line number="1421" hits="0"/>
						<line number="1423" hits="0" branch="true" condition-coverage="0% (0/2)" missing-branches="1425,1445"/>
						<line number="1425" hits="0"/>
						<line number="1426" hits="0"/>
						<line number="1433" hits="0"/>
						<line number="1435" hits="0"/>
						<line number="1436" hits="0" branch="true" condition-coverage="0% (0/2)" missing-branches="1437,1441"/>
						<line number="1437" hits="0"/>
						<line number="1441" hits="0"/>
						<line number="1442" hits="0"/>
						<line number="1445" hits="0"/>
						<line number="1447" hits="0"/>
						<line number="1448" hits="0"/>
						<line number="1450" hits="0"/>
						<line number="1451" hits="0"/>
						<line number="1452" hits="0"/>
						<line number="1455" hits="1"/>
						<line number="1456" hits="1"/>
						<line number="1458" hits="0"/>
						<line number="1460" hits="0" branch="true" condition-coverage="0% (0/2)" missing-branches="1461,1469"/>
						<line number="1461" hits="0"/>
						<line number="1462" hits="0" branch="true" condition-coverage="0% (0/2)" missing-branches="1463,1467"/>
						<line number="1463" hits="0"/>
						<line number="1464" hits="0"/>
						<line number="1465" hits="0"/>
						<line number="1467" hits="0"/>
						<line number="1469" hits="0"/>
						<line number="1470" hits="0"/>
						<line number="1471" hits="0"/>
						<line number="1474" hits="1"/>
						<line number="1475" hits="1"/>
						<line number="1477" hits="0"/>
						<line number="1478" hits="0"/>
						<line number="1481" hits="1"/>
						<line number="1482" hits="1"/>
						<line number="1488" hits="0"/>
						<line number="1490" hits="0" branch="true" condition-coverage="0% (0/2)" missing-branches="1491,1494"/>
						<line number="1491" hits="0"/>
						<line number="1492" hits="0"/>
						<line number="1494" hits="0"/>
						<line number="1495" hits="0"/>
						<line number="1498" hits="0"/>
						<line number="1499" hits="0"/>
						<line number="1500" hits="0" branch="true" condition-coverage="0% (0/2)" missing-branches="1501,1509"/>
						<line number="1501" hits="0"/>
						<line number="1502" hits="0"/>
						<line number="1505" hits="0"/>
						<line number="1506" hits="0"/>
						<line number="1507" hits="0"/>
						<line number="1509" hits="0"/>
						<line number="1510" hits="0"/>
						<line number="1511" hits="0"/>
						<line number="1513" hits="0" branch="true" condition-coverage="0% (0/2)" missing-branches="1514,1516"/>
						<line number="1514" hits="0"/>
						<line number="1516" hits="0" branch="true" condition-coverage="0% (0/2)" missing-branches="1517,1519"/>
						<line number="1517" hits="0"/>
						<line number="1519" hits="0"/>
						<line number="1520" hits="0"/>
						<line number="1521" hits="0"/>
						<line number="1522" hits="0" branch="true" condition-coverage="0% (0/2)" missing-branches="1509,1523"/>
						<line number="1523" hits="0"/>
						<line number="1524" hits="0"/>
						<line number="1525" hits="0"/>
						<line number="1527" hits="0"/>
						<line number="1528" hits="0"/>
						<line number="1529" hits="0"/>
						<line number="1531" hits="0"/>
						<line number="1534" hits="1"/>
						<line number="1535" hits="1"/>
						<line number="1536" hits="1"/>
						<line number="1537" hits="1"/>
						<line number="1538" hits="1"/>
						<line number="1552" hits="0"/>
						<line number="1554" hits="0" branch="true" condition-coverage="0% (0/2)" missing-branches="1555,1558"/>
						<line number="1555" hits="0"/>
						<line number="1556" hits="0"/>
						<line number="1558" hits="0" branch="true" condition-coverage="0% (0/2)" missing-branches="1560,1569"/>
						<line number="1560" hits="0"/>
						<line number="1569" hits="0"/>
						<line number="1593" hits="0"/>
						<line number="1594" hits="0"/>
						<line number="1595" hits="0"/>
						<line number="1596" hits="0"/>
						<line number="1598" hits="0" branch="true" condition-coverage="0% (0/2)" missing-branches="exit,1599"/>
						<line number="1599" hits="0"/>
						<line number="1601" hits="0"/>
						<line number="1602" hits="0"/>
						<line number="1603" hits="0"/>
						<line number="1606" hits="1"/>
						<line number="1607" hits="1"/>
						<line number="1609" hits="0"/>
						<line number="1611" hits="0" branch="true" condition-coverage="0% (0/2)" missing-branches="1612,1621"/>
						<line number="1612" hits="0"/>
						<line number="1613" hits="0"/>
						<line number="1614" hits="0"/>
						<line number="1615" hits="0"/>
						<line number="1616" hits="0"/>
						<line number="1617" hits="0"/>
						<line number="1618" hits="0"/>
						<line number="1619" hits="0"/>
						<line number="1621" hits="0"/>
						<line number="1622" hits="0"/>
						<line number="1625" hits="1"/>
						<line number="1626" hits="1"/>
						<line number="1633" hits="1"/>
						<line number="1634" hits="1"/>
						<line number="1635" hits="1"/>
						<line number="1651" hits="0"/>
						<line number="1653" hits="0"/>
						<line number="1655" hits="0" branch="true" condition-coverage="0% (0/2)" missing-branches="1656,1660"/>
						<line number="1656" hits="0"/>
						<line number="1657" hits="0"/>
						<line number="1660" hits="0"/>
						<line number="1662" hits="0" branch="true" condition-coverage="0% (0/2)" missing-branches="1663,1666"/>
						<line number="1663" hits="0"/>
						<line number="1664" hits="0"/>
						<line number="1666" hits="0"/>
						<line number="1668" hits="0"/>
						<line number="1669" hits="0"/>
						<line number="1671" hits="0" branch="true" condition-coverage="0% (0/2)" missing-branches="1672,1675"/>
						<line number="1672" hits="0"/>
						<line number="1673" hits="0"/>
						<line number="1675" hits="0"/>
						<line number="1678" hits="0" branch="true" condition-coverage="0% (0/2)" missing-branches="1679,1683"/>
						<line number="1679" hits="0"/>
						<line number="1680" hits="0"/>
						<line number="1683" hits="0"/>
						<line number="1684" hits="0"/>
						<line number="1687" hits="0"/>
						<line number="1689" hits="0" branch="true" condition-coverage="0% (0/2)" missing-branches="1690,1694"/>
						<line number="1690" hits="0"/>
						<line number="1691" hits="0"/>
						<line number="1694" hits="0" branch="true" condition-coverage="0% (0/2)" missing-branches="1696,1705"/>
						<line number="1696" hits="0"/>
						<line number="1697" hits="0"/>
						<line number="1699" hits="0"/>
						<line number="1700" hits="0"/>
						<line number="1701" hits="0"/>
						<line number="1702" hits="0"/>
						<line number="1703" hits="0"/>
						<line number="1705" hits="0"/>
						<line number="1708" hits="0"/>
						<line number="1709" hits="0"/>
						<line number="1712" hits="0"/>
						<line number="1722" hits="0" branch="true" condition-coverage="0% (0/2)" missing-branches="1723,1730"/>
						<line number="1723" hits="0" branch="true" condition-coverage="0% (0/2)" missing-branches="1722,1724"/>
						<line number="1724" hits="0"/>
						<line number="1725" hits="0"/>
						<line number="1726" hits="0"/>
						<line number="1727" hits="0"/>
						<line number="1730" hits="0" branch="true" condition-coverage="0% (0/2)" missing-branches="1731,1736"/>
						<line number="1731" hits="0"/>
						<line number="1732" hits="0"/>
						<line number="1733" hits="0"/>
						<line number="1736" hits="0" branch="true" condition-coverage="0% (0/2)" missing-branches="1737,1759"/>
						<line number="1737" hits="0" branch="true" condition-coverage="0% (0/2)" missing-branches="1736,1739"/>
						<line number="1739" hits="0"/>
						<line number="1740" hits="0"/>
						<line number="1741" hits="0"/>
						<line number="1744" hits="0" branch="true" condition-coverage="0% (0/2)" missing-branches="1736,1745"/>
						<line number="1745" hits="0"/>
						<line number="1746" hits="0"/>
						<line number="1749" hits="0"/>
						<line number="1750" hits="0"/>
						<line number="1751" hits="0"/>
						<line number="1759" hits="0" branch="true" condition-coverage="0% (0/2)" missing-branches="1760,1767"/>
						<line number="1760" hits="0"/>
						<line number="1761" hits="0" branch="true" condition-coverage="0% (0/2)" missing-branches="1762,1764"/>
						<line number="1762" hits="0" branch="true" condition-coverage="0% (0/2)" missing-branches="1761,1763"/>
						<line number="1763" hits="0"/>
						<line number="1764" hits="0"/>
						<line number="1767" hits="0"/>
						<line number="1770" hits="0"/>
						<line number="1773" hits="0"/>
						<line number="1774" hits="0" branch="true" condition-coverage="0% (0/2)" missing-branches="1775,1787"/>
						<line number="1775" hits="0"/>
						<line number="1780" hits="0" branch="true" condition-coverage="0% (0/2)" missing-branches="1782,1787"/>
						<line number="1782" hits="0"/>
						<line number="1787" hits="0" branch="true" condition-coverage="0% (0/2)" missing-branches="1788,1798"/>
						<line number="1788" hits="0"/>
						<line number="1789" hits="0"/>
						<line number="1790" hits="0"/>
						<line number="1798" hits="0" branch="true" condition-coverage="0% (0/2)" missing-branches="1799,1809"/>
						<line number="1799" hits="0" branch="true" condition-coverage="0% (0/2)" missing-branches="1798,1800"/>
						<line number="1800" hits="0"/>
						<line number="1801" hits="0"/>
						<line number="1809" hits="0" branch="true" condition-coverage="0% (0/2)" missing-branches="1810,1812"/>
						<line number="1810" hits="0"/>
						<line number="1812" hits="0"/>
						<line number="1813" hits="0"/>
						<line number="1815" hits="0"/>
						<line number="1816" hits="0"/>
						<line number="1818" hits="0" branch="true" condition-coverage="0% (0/2)" missing-branches="1819,1822"/>
						<line number="1819" hits="0"/>
						<line number="1820" hits="0"/>
						<line number="1822" hits="0" branch="true" condition-coverage="0% (0/2)" missing-branches="1823,1826"/>
						<line number="1823" hits="0"/>
						<line number="1824" hits="0"/>
						<line number="1826" hits="0"/>
						<line number="1828" hits="0"/>
						<line number="1829" hits="0"/>
						<line number="1830" hits="0"/>
						<line number="1831" hits="0"/>
						<line number="1832" hits="0"/>
						<line number="1833" hits="0"/>
						<line number="1836" hits="0" branch="true" condition-coverage="0% (0/2)" missing-branches="1837,1841"/>
						<line number="1837" hits="0"/>
						<line number="1838" hits="0"/>
						<line number="1841" hits="0"/>
						<line number="1843" hits="0" branch="true" condition-coverage="0% (0/2)" missing-branches="1845,1847"/>
						<line number="1845" hits="0"/>
						<line number="1846" hits="0"/>
						<line number="1847" hits="0" branch="true" condition-coverage="0% (0/2)" missing-branches="1849,1853"/>
						<line number="1849" hits="0"/>
						<line number="1850" hits="0"/>
						<line number="1853" hits="0"/>
						<line number="1856" hits="0"/>
						<line number="1857" hits="0" branch="true" condition-coverage="0% (0/2)" missing-branches="1858,1883"/>
						<line number="1858" hits="0"/>
						<line number="1859" hits="0"/>
						<line number="1860" hits="0"/>
						<line number="1862" hits="0"/>
						<line number="1863" hits="0"/>
						<line number="1864" hits="0"/>
						<line number="1865" hits="0"/>
						<line number="1867" hits="0"/>
						<line number="1868" hits="0"/>
						<line number="1870" hits="0"/>
						<line number="1871" hits="0"/>
						<line number="1872" hits="0" branch="true" condition-coverage="0% (0/2)" missing-branches="1873,1875"/>
						<line number="1873" hits="0"/>
						<line number="1875" hits="0"/>
						<line number="1877" hits="0"/>
						<line number="1878" hits="0"/>
						<line number="1880" hits="0"/>
						<line number="1881" hits="0"/>
						<line number="1883" hits="0"/>
						<line number="1885" hits="0"/>
						<line number="1886" hits="0"/>
						<line number="1887" hits="0"/>
						<line number="1890" hits="1"/>
						<line number="1891" hits="1"/>
						<line number="1892" hits="1"/>
						<line number="1893" hits="1"/>
						<line number="1904" hits="0"/>
						<line number="1906" hits="0" branch="true" condition-coverage="0% (0/2)" missing-branches="1907,1911"/>
						<line number="1907" hits="0"/>
						<line number="1908" hits="0"/>
						<line number="1911" hits="0" branch="true" condition-coverage="0% (0/2)" missing-branches="1912,1929"/>
						<line number="1912" hits="0"/>
						<line number="1922" hits="0"/>
						<line number="1923" hits="0" branch="true" condition-coverage="0% (0/2)" missing-branches="1924,1929"/>
						<line number="1924" hits="0"/>
						<line number="1925" hits="0"/>
						<line number="1926" hits="0"/>
						<line number="1929" hits="0"/>
						<line number="1930" hits="0"/>
						<line number="1931" hits="0"/>
						<line number="1935" hits="0"/>
						<line number="1936" hits="0"/>
						<line number="1938" hits="0"/>
						<line number="1939" hits="0"/>
						<line number="1941" hits="0" branch="true" condition-coverage="0% (0/2)" missing-branches="1942,1945"/>
						<line number="1942" hits="0"/>
						<line number="1943" hits="0"/>
						<line number="1945" hits="0"/>
						<line number="1946" hits="0" branch="true" condition-coverage="0% (0/2)" missing-branches="1947,1952"/>
						<line number="1947" hits="0"/>
						<line number="1948" hits="0" branch="true" condition-coverage="0% (0/2)" missing-branches="1949,1950"/>
						<line number="1949" hits="0"/>
						<line number="1950" hits="0"/>
						<line number="1952" hits="0"/>
						<line number="1954" hits="0"/>
						<line number="1955" hits="0"/>
						<line number="1956" hits="0"/>
						<line number="1959" hits="1"/>
						<line number="1960" hits="1"/>
						<line number="1961" hits="1"/>
						<line number="1973" hits="0"/>
						<line number="1975" hits="0" branch="true" condition-coverage="0% (0/2)" missing-branches="1976,1980"/>
						<line number="1976" hits="0"/>
						<line number="1977" hits="0"/>
						<line number="1980" hits="0" branch="true" condition-coverage="0% (0/2)" missing-branches="1982,1985"/>
						<line number="1982" hits="0"/>
						<line number="1985" hits="0"/>
						<line number="2006" hits="0"/>
						<line number="2007" hits="0"/>
						<line number="2009" hits="0" branch="true" condition-coverage="0% (0/2)" missing-branches="2010,2013"/>
						<line number="2010" hits="0"/>
						<line number="2011" hits="0"/>
						<line number="2013" hits="0"/>
						<line number="2014" hits="0" branch="true" condition-coverage="0% (0/2)" missing-branches="2015,2018"/>
						<line number="2015" hits="0"/>
						<line number="2016" hits="0"/>
						<line number="2018" hits="0"/>
						<line number="2021" hits="0"/>
						<line number="2022" hits="0"/>
						<line number="2024" hits="0"/>
						<line number="2025" hits="0"/>
						<line number="2026" hits="0"/>
						<line number="2029" hits="1"/>
						<line number="2030" hits="1"/>
						<line number="2045" hits="0"/>
						<line number="2047" hits="0" branch="true" condition-coverage="0% (0/2)" missing-branches="2048,2052"/>
						<line number="2048" hits="0"/>
						<line number="2049" hits="0"/>
						<line number="2052" hits="0"/>
						<line number="2054" hits="0"/>
						<line number="2055" hits="0"/>
						<line number="2056" hits="0"/>
						<line number="2057" hits="0"/>
						<line number="2058" hits="0"/>
						<line number="2059" hits="0"/>
						<line number="2061" hits="0"/>
						<line number="2062" hits="0"/>
						<line number="2064" hits="0" branch="true" condition-coverage="0% (0/2)" missing-branches="2065,2068"/>
						<line number="2065" hits="0"/>
						<line number="2066" hits="0"/>
						<line number="2068" hits="0"/>
						<line number="2069" hits="0" branch="true" condition-coverage="0% (0/2)" missing-branches="2070,2076"/>
						<line number="2070" hits="0"/>
						<line number="2071" hits="0" branch="true" condition-coverage="0% (0/2)" missing-branches="2072,2073"/>
						<line number="2072" hits="0"/>
						<line number="2073" hits="0"/>
						<line number="2076" hits="0"/>
						<line number="2077" hits="0"/>
						<line number="2079" hits="0" branch="true" condition-coverage="0% (0/2)" missing-branches="2080,2082"/>
						<line number="2080" hits="0"/>
						<line number="2082" hits="0" branch="true" condition-coverage="0% (0/2)" missing-branches="2083,2085"/>
						<line number="2083" hits="0"/>
						<line number="2085" hits="0" branch="true" condition-coverage="0% (0/2)" missing-branches="2086,2088"/>
						<line number="2086" hits="0"/>
						<line number="2088" hits="0" branch="true" condition-coverage="0% (0/2)" missing-branches="2089,2095"/>
						<line number="2089" hits="0"/>
						<line number="2090" hits="0" branch="true" condition-coverage="0% (0/2)" missing-branches="2091,2092"/>
						<line number="2091" hits="0"/>
						<line number="2092" hits="0"/>
						<line number="2095" hits="0"/>
						<line number="2096" hits="0"/>
						<line number="2097" hits="0"/>
						<line number="2098" hits="0"/>
						<line number="2099" hits="0"/>
						<line number="2104" hits="0"/>
						<line number="2105" hits="0"/>
						<line number="2106" hits="0"/>
						<line number="2107" hits="0"/>
						<line number="2108" hits="0" branch="true" condition-coverage="0% (0/2)" missing-branches="2109,2110"/>
						<line number="2109" hits="0"/>
						<line number="2110" hits="0" branch="true" condition-coverage="0% (0/2)" missing-branches="2111,2112"/>
						<line number="2111" hits="0"/>
						<line number="2112" hits="0" branch="true" condition-coverage="0% (0/2)" missing-branches="2113,2114"/>
						<line number="2113" hits="0"/>
						<line number="2114" hits="0" branch="true" condition-coverage="0% (0/2)" missing-branches="2115,2118"/>
						<line number="2115" hits="0"/>
						<line number="2118" hits="0"/>
						<line number="2119" hits="0"/>
						<line number="2120" hits="0"/>
						<line number="2123" hits="0"/>
						<line number="2124" hits="0"/>
						<line number="2125" hits="0" branch="true" condition-coverage="0% (0/2)" missing-branches="2127,2133"/>
						<line number="2127" hits="0"/>
						<line number="2130" hits="0"/>
						<line number="2131" hits="0"/>
						<line number="2133" hits="0"/>
						<line number="2134" hits="0" branch="true" condition-coverage="0% (0/2)" missing-branches="2135,2136"/>
						<line number="2135" hits="0"/>
						<line number="2136" hits="0" branch="true" condition-coverage="0% (0/2)" missing-branches="2137,2139"/>
						<line number="2137" hits="0"/>
						<line number="2139" hits="0" branch="true" condition-coverage="0% (0/2)" missing-branches="2140,2141"/>
						<line number="2140" hits="0"/>
						<line number="2141" hits="0" branch="true" condition-coverage="0% (0/2)" missing-branches="2142,2143"/>
						<line number="2142" hits="0"/>
						<line number="2143" hits="0" branch="true" condition-coverage="0% (0/2)" missing-branches="2144,2145"/>
						<line number="2144" hits="0"/>
						<line number="2145" hits="0"/>
						<line number="2146" hits="0" branch="true" condition-coverage="0% (0/2)" missing-branches="2147,2148"/>
						<line number="2147" hits="0"/>
						<line number="2148" hits="0" branch="true" condition-coverage="0% (0/2)" missing-branches="2149,2150"/>
						<line number="2149" hits="0"/>
						<line number="2150" hits="0" branch="true" condition-coverage="0% (0/2)" missing-branches="2151,2154"/>
						<line number="2151" hits="0"/>
						<line number="2154" hits="0"/>
						<line number="2155" hits="0" branch="true" condition-coverage="0% (0/2)" missing-branches="2160,2171"/>
						<line number="2160" hits="0"/>
						<line number="2161" hits="0" branch="true" condition-coverage="0% (0/2)" missing-branches="2162,2163"/>
						<line number="2162" hits="0"/>
						<line number="2163" hits="0" branch="true" condition-coverage="0% (0/2)" missing-branches="2164,2165"/>
						<line number="2164" hits="0"/>
						<line number="2165" hits="0" branch="true" condition-coverage="0% (0/2)" missing-branches="2166,2167"/>
						<line number="2166" hits="0"/>
						<line number="2167" hits="0" branch="true" condition-coverage="0% (0/2)" missing-branches="2168,2171"/>
						<line number="2168" hits="0"/>
						<line number="2171" hits="0"/>
						<line number="2172" hits="0"/>
						<line number="2175" hits="0"/>
						<line number="2176" hits="0" branch="true" condition-coverage="0% (0/2)" missing-branches="2177,2180"/>
						<line number="2177" hits="0"/>
						<line number="2180" hits="0" branch="true" condition-coverage="0% (0/2)" missing-branches="exit,2181"/>
						<line number="2181" hits="0"/>
						<line number="2182" hits="0" branch="true" condition-coverage="0% (0/2)" missing-branches="exit,2183"/>
						<line number="2183" hits="0" branch="true" condition-coverage="0% (0/2)" missing-branches="2184,2185"/>
						<line number="2184" hits="0"/>
						<line number="2185" hits="0"/>
						<line number="2187" hits="0"/>
						<line number="2188" hits="0"/>
						<line number="2189" hits="0"/>
						<line number="2192" hits="1"/>
						<line number="2193" hits="1"/>
						<line number="2194" hits="1"/>
						<line number="2209" hits="0"/>
						<line number="2212" hits="1"/>
						<line number="2213" hits="1"/>
						<line number="2214" hits="1"/>
						<line number="2225" hits="0"/>
						<line number="2228" hits="1"/>
						<line number="2229" hits="1"/>
						<line number="2230" hits="1"/>
						<line number="2232" hits="0"/>
						<line number="2235" hits="1"/>
						<line number="2236" hits="1"/>
						<line number="2237" hits="1"/>
						<line number="2248" hits="0"/>
						<line number="2251" hits="1"/>
						<line number="2252" hits="1"/>
						<line number="2253" hits="1"/>
						<line number="2255" hits="0"/>
						<line number="2258" hits="1"/>
						<line number="2260" hits="0"/>
						<line number="2262" hits="0" branch="true" condition-coverage="0% (0/2)" missing-branches="2263,2267"/>
						<line number="2263" hits="0"/>
						<line number="2264" hits="0"/>
						<line number="2267" hits="0"/>
						<line number="2269" hits="0"/>
						<line number="2270" hits="0"/>
						<line number="2271" hits="0"/>
						<line number="2272" hits="0"/>
						<line number="2273" hits="0"/>
						<line number="2274" hits="0"/>
						<line number="2277" hits="0"/>
						<line number="2278" hits="0"/>
						<line number="2279" hits="0"/>
						<line number="2281" hits="0"/>
						<line number="2282" hits="0"/>
						<line number="2284" hits="0" branch="true" condition-coverage="0% (0/2)" missing-branches="2285,2288"/>
						<line number="2285" hits="0"/>
						<line number="2286" hits="0"/>
						<line number="2288" hits="0"/>
						<line number="2290" hits="0" branch="true" condition-coverage="0% (0/2)" missing-branches="2291,2295"/>
						<line number="2291" hits="0"/>
						<line number="2292" hits="0"/>
						<line number="2295" hits="0"/>
						<line number="2301" hits="0"/>
						<line number="2302" hits="0"/>
						<line number="2303" hits="0" branch="true" condition-coverage="0% (0/2)" missing-branches="exit,2304"/>
						<line number="2304" hits="0"/>
						<line number="2306" hits="0"/>
						<line number="2307" hits="0"/>
						<line number="2308" hits="0"/>
						<line number="2311" hits="1"/>
						<line number="2312" hits="1"/>
						<line number="2313" hits="1"/>
						<line number="2314" hits="1"/>
						<line number="2315" hits="1"/>
						<line number="2316" hits="1"/>
						<line number="2317" hits="1"/>
						<line number="2339" hits="0"/>
						<line number="2341" hits="0" branch="true" condition-coverage="0% (0/2)" missing-branches="2342,2346"/>
						<line number="2342" hits="0"/>
						<line number="2343" hits="0"/>
						<line number="2346" hits="0" branch="true" condition-coverage="0% (0/2)" missing-branches="2347,2348"/>
						<line number="2347" hits="0"/>
						<line number="2348" hits="0" branch="true" condition-coverage="0% (0/2)" missing-branches="2349,2350"/>
						<line number="2349" hits="0"/>
						<line number="2350" hits="0" branch="true" condition-coverage="0% (0/2)" missing-branches="2351,2353"/>
						<line number="2351" hits="0"/>
						<line number="2353" hits="0"/>
						<line number="2356" hits="0"/>
						<line number="2358" hits="0"/>
						<line number="2359" hits="0"/>
						<line number="2360" hits="0"/>
						<line number="2361" hits="0"/>
						<line number="2362" hits="0"/>
						<line number="2363" hits="0"/>
						<line number="2366" hits="0"/>
						<line number="2367" hits="0"/>
						<line number="2368" hits="0"/>
						<line number="2370" hits="0"/>
						<line number="2371" hits="0"/>
						<line number="2372" hits="0"/>
						<line number="2373" hits="0"/>
						<line number="2376" hits="0"/>
						<line number="2383" hits="0"/>
						<line number="2385" hits="0"/>
						<line number="2387" hits="0"/>
						<line number="2389" hits="0" branch="true" condition-coverage="0% (0/2)" missing-branches="2390,2393"/>
						<line number="2390" hits="0"/>
						<line number="2391" hits="0"/>
						<line number="2393" hits="0"/>
						<line number="2395" hits="0" branch="true" condition-coverage="0% (0/2)" missing-branches="2396,2399"/>
						<line number="2396" hits="0"/>
						<line number="2397" hits="0"/>
						<line number="2399" hits="0" branch="true" condition-coverage="0% (0/2)" missing-branches="2400,2404"/>
						<line number="2400" hits="0"/>
						<line number="2401" hits="0"/>
						<line number="2404" hits="0"/>
						<line number="2405" hits="0"/>
						<line number="2406" hits="0" branch="true" condition-coverage="0% (0/2)" missing-branches="2407,2408"/>
						<line number="2407" hits="0"/>
						<line number="2408" hits="0"/>
						<line number="2410" hits="0"/>
						<line number="2411" hits="0"/>
						<line number="2412" hits="0"/>
						<line number="2415" hits="1"/>
						<line number="2416" hits="1"/>
						<line number="2417" hits="1"/>
						<line number="2418" hits="1"/>
						<line number="2425" hits="1"/>
						<line number="2439" hits="0"/>
						<line number="2441" hits="0" branch="true" condition-coverage="0% (0/2)" missing-branches="2442,2446"/>
						<line number="2442" hits="0"/>
						<line number="2443" hits="0"/>
						<line number="2446" hits="0"/>
						<line number="2452" hits="0" branch="true" condition-coverage="0% (0/2)" missing-branches="2453,2484"/>
						<line number="2453" hits="0"/>
						<line number="2484" hits="0"/>
						<line number="2485" hits="0"/>
						<line number="2486" hits="0"/>
						<line number="2488" hits="0" branch="true" condition-coverage="0% (0/2)" missing-branches="2489,2492"/>
						<line number="2489" hits="0"/>
						<line number="2490" hits="0"/>
						<line number="2492" hits="0" branch="true" condition-coverage="0% (0/2)" missing-branches="2493,2499"/>
						<line number="2493" hits="0"/>
						<line number="2494" hits="0" branch="true" condition-coverage="0% (0/2)" missing-branches="2495,2497"/>
						<line number="2495" hits="0"/>
						<line number="2497" hits="0"/>
						<line number="2499" hits="0"/>
						<line number="2501" hits="0"/>
						<line number="2502" hits="0"/>
						<line number="2503" hits="0"/>
						<line number="2506" hits="1"/>
						<line number="2507" hits="1"/>
						<line number="2514" hits="0"/>
						<line number="2516" hits="0" branch="true" condition-coverage="0% (0/2)" missing-branches="2517,2520"/>
						<line number="2517" hits="0"/>
						<line number="2518" hits="0"/>
						<line number="2520" hits="0"/>
						<line number="2522" hits="0"/>
						<line number="2523" hits="0"/>
						<line number="2525" hits="0" branch="true" condition-coverage="0% (0/2)" missing-branches="2526,2529"/>
						<line number="2526" hits="0"/>
						<line number="2527" hits="0"/>
						<line number="2529" hits="0"/>
						<line number="2531" hits="0"/>
						<line number="2532" hits="0"/>
						<line number="2533" hits="0"/>
						<line number="2536" hits="1"/>
						<line number="2537" hits="1"/>
						<line number="2539" hits="0"/>
[...]
				<class name="client.py" filename="client.py" complexity="0" line-rate="0.1382" branch-rate="0">
					<methods/>
					<lines>
						<line number="5" hits="1"/>
						<line number="6" hits="1"/>
						<line number="7" hits="1"/>
						<line number="8" hits="1"/>
						<line number="10" hits="1"/>
						<line number="13" hits="1"/>
						<line number="22" hits="0"/>
						<line number="23" hits="0"/>
						<line number="25" hits="0" branch="true" condition-coverage="0% (0/2)" missing-branches="27,29"/>
						<line number="27" hits="0"/>
						<line number="29" hits="0" branch="true" condition-coverage="0% (0/2)" missing-branches="30,32"/>
						<line number="30" hits="0"/>
						<line number="32" hits="0"/>
						<line number="33" hits="0"/>
						<line number="34" hits="0"/>
						<line number="37" hits="0"/>
						<line number="38" hits="0" branch="true" condition-coverage="0% (0/2)" missing-branches="39,42"/>
						<line number="39" hits="0"/>
						<line number="42" hits="0"/>
						<line number="45" hits="0" branch="true" condition-coverage="0% (0/2)" missing-branches="46,50"/>
						<line number="46" hits="0"/>
						<line number="47" hits="0"/>
						<line number="48" hits="0"/>
						<line number="50" hits="0"/>
						<line number="53" hits="1"/>
						<line number="56" hits="1"/>
						<line number="57" hits="1"/>
						<line number="58" hits="1"/>
						<line number="59" hits="1"/>
						<line number="61" hits="1"/>
						<line number="63" hits="0"/>
						<line number="64" hits="0"/>
						<line number="65" hits="0"/>
						<line number="66" hits="0"/>
						<line number="67" hits="0"/>
						<line number="69" hits="1"/>
						<line number="71" hits="0"/>
						<line number="72" hits="0"/>
						<line number="73" hits="0" branch="true" condition-coverage="0% (0/2)" missing-branches="74,77"/>
						<line number="74" hits="0"/>
						<line number="75" hits="0"/>
						<line number="76" hits="0"/>
						<line number="77" hits="0"/>
						<line number="79" hits="1"/>
						<line number="81" hits="0"/>
						<line number="82" hits="0"/>
						<line number="83" hits="0" branch="true" condition-coverage="0% (0/2)" missing-branches="84,87"/>
						<line number="84" hits="0"/>
						<line number="85" hits="0"/>
						<line number="86" hits="0"/>
						<line number="87" hits="0"/>
						<line number="89" hits="1"/>
						<line number="99" hits="0" branch="true" condition-coverage="0% (0/2)" missing-branches="100,102"/>
						<line number="100" hits="0"/>
						<line number="102" hits="0"/>
						<line number="104" hits="0"/>
						<line number="105" hits="0"/>
						<line number="106" hits="0" branch="true" condition-coverage="0% (0/2)" missing-branches="107,110"/>
						<line number="107" hits="0"/>
						<line number="110" hits="0"/>
						<line number="111" hits="0"/>
						<line number="116" hits="0"/>
						<line number="117" hits="0"/>
						<line number="118" hits="0"/>
						<line number="121" hits="0" branch="true" condition-coverage="0% (0/2)" missing-branches="122,134"/>
						<line number="122" hits="0"/>
						<line number="127" hits="0" branch="true" condition-coverage="0% (0/2)" missing-branches="128,132"/>
						<line number="128" hits="0"/>
						<line number="129" hits="0" branch="true" condition-coverage="0% (0/2)" missing-branches="130,132"/>
						<line number="130" hits="0"/>
						<line number="131" hits="0"/>
						<line number="132" hits="0"/>
						<line number="134" hits="0"/>
						<line number="135" hits="0"/>
						<line number="136" hits="0"/>
						<line number="138" hits="0" branch="true" condition-coverage="0% (0/2)" missing-branches="140,151"/>
						<line number="140" hits="0"/>
						<line number="145" hits="0" branch="true" condition-coverage="0% (0/2)" missing-branches="146,149"/>
						<line number="146" hits="0"/>
						<line number="148" hits="0"/>
						<line number="149" hits="0"/>
						<line number="151" hits="0" branch="true" condition-coverage="0% (0/2)" missing-branches="152,167"/>
						<line number="152" hits="0"/>
						<line number="158" hits="0" branch="true" condition-coverage="0% (0/2)" missing-branches="159,162"/>
						<line number="159" hits="0"/>
						<line number="161" hits="0"/>
						<line number="162" hits="0"/>
						<line number="164" hits="0"/>
						<line number="165" hits="0"/>
						<line number="167" hits="0"/>
						<line number="169" hits="1"/>
						<line number="185" hits="0" branch="true" condition-coverage="0% (0/2)" missing-branches="186,189"/>
						<line number="186" hits="0"/>
						<line number="189" hits="0" branch="true" condition-coverage="0% (0/2)" missing-branches="190,193"/>
						<line number="190" hits="0"/>
						<line number="193" hits="0"/>
						<line number="194" hits="0"/>
						<line number="197" hits="0"/>
						<line number="198" hits="0"/>
						<line number="200" hits="0" branch="true" condition-coverage="0% (0/2)" missing-branches="201,203"/>
						<line number="201" hits="0"/>
						<line number="203" hits="0"/>
						<line number="204" hits="0"/>
						<line number="205" hits="0"/>
						<line number="208" hits="0"/>
						<line number="209" hits="0"/>
						<line number="211" hits="0" branch="true" condition-coverage="0% (0/2)" missing-branches="212,233"/>
						<line number="212" hits="0"/>
						<line number="213" hits="0"/>
						<line number="219" hits="0" branch="true" condition-coverage="0% (0/2)" missing-branches="211,220"/>
						<line number="220" hits="0"/>
						<line number="222" hits="0" branch="true" condition-coverage="0% (0/2)" missing-branches="224,228"/>
						<line number="224" hits="0"/>
						<line number="225" hits="0"/>
						<line number="226" hits="0"/>
						<line number="228" hits="0"/>
						<line number="230" hits="0"/>
						<line number="231" hits="0"/>
						<line number="233" hits="0"/>
						<line number="238" hits="1"/>
						<line number="249" hits="0"/>
						<line number="250" hits="0"/>
						<line number="251" hits="0"/>
					</lines>
				</class>
				<class name="config.py" filename="config.py" complexity="0" line-rate="0.7529" branch-rate="0.6">
					<methods/>
					<lines>
						<line number="3" hits="1"/>
						<line number="4" hits="1"/>
						<line number="5" hits="1"/>
						<line number="8" hits="1"/>
						<line number="33" hits="1"/>
						<line number="45" hits="1"/>
						<line number="46" hits="1" branch="true" condition-coverage="50% (1/2)" missing-branches="50"/>
						<line number="47" hits="1"/>
						<line number="50" hits="0"/>
						<line number="51" hits="0" branch="true" condition-coverage="0% (0/2)" missing-branches="52,54"/>
						<line number="52" hits="0"/>
						<line number="54" hits="0"/>
						<line number="57" hits="1"/>
						<line number="64" hits="1"/>
						<line number="66" hits="1" branch="true" condition-coverage="50% (1/2)" missing-branches="67"/>
						<line number="67" hits="0"/>
						<line number="69" hits="1"/>
						<line number="70" hits="1"/>
						<line number="71" hits="1"/>
						<line number="74" hits="1"/>
						<line number="77" hits="1" branch="true" condition-coverage="100% (2/2)"/>
						<line number="78" hits="1" branch="true" condition-coverage="100% (2/2)"/>
						<line number="80" hits="1" branch="true" condition-coverage="50% (1/2)" missing-branches="77"/>
						<line number="81" hits="1"/>
						<line number="84" hits="1"/>
						<line number="86" hits="1"/>
						<line number="87" hits="0"/>
						<line number="90" hits="0"/>
						<line number="93" hits="1"/>
						<line number="103" hits="1"/>
						<line number="104" hits="1"/>
						<line number="107" hits="1"/>
						<line number="108" hits="1" branch="true" condition-coverage="100% (2/2)"/>
						<line number="109" hits="1"/>
						<line number="110" hits="1"/>
						<line number="113" hits="1"/>
						<line number="114" hits="1" branch="true" condition-coverage="50% (1/2)" missing-branches="115"/>
						<line number="115" hits="0"/>
						<line number="116" hits="1"/>
						<line number="119" hits="1"/>
						<line number="122" hits="1"/>
						<line number="125" hits="1"/>
						<line number="128" hits="1"/>
						<line number="131" hits="1"/>
						<line number="134" hits="1"/>
						<line number="137" hits="1"/>
						<line number="138" hits="1"/>
						<line number="139" hits="1"/>
						<line number="140" hits="0"/>
						<line number="141" hits="0"/>
						<line number="142" hits="1"/>
						<line number="145" hits="1"/>
						<line number="148" hits="1"/>
						<line number="149" hits="1"/>
						<line number="150" hits="1"/>
						<line number="151" hits="0"/>
						<line number="152" hits="0"/>
						<line number="153" hits="1"/>
						<line number="156" hits="1"/>
						<line number="159" hits="1"/>
						<line number="162" hits="1"/>
						<line number="163" hits="1" branch="true" condition-coverage="50% (1/2)" missing-branches="164"/>
						<line number="164" hits="0"/>
						<line number="165" hits="1"/>
						<line number="168" hits="1"/>
						<line number="169" hits="1" branch="true" condition-coverage="50% (1/2)" missing-branches="170"/>
						<line number="170" hits="0"/>
						<line number="171" hits="1"/>
						<line number="174" hits="1"/>
						<line number="175" hits="1"/>
						<line number="176" hits="1"/>
						<line number="177" hits="0"/>
						<line number="178" hits="0"/>
						<line number="179" hits="1"/>
						<line number="182" hits="1"/>
						<line number="185" hits="1"/>
						<line number="187" hits="1"/>
						<line number="190" hits="1"/>
						<line number="197" hits="0"/>
						<line number="198" hits="0"/>
						<line number="202" hits="1"/>
						<line number="204" hits="0"/>
						<line number="208" hits="1"/>
						<line number="210" hits="0"/>
						<line number="211" hits="0"/>
					</lines>
				</class>
			</classes>
		</package>
		<package name="adapters" line-rate="0.4194" branch-rate="1" complexity="0">
			<classes>
				<class name="__init__.py" filename="adapters/__init__.py" complexity="0" line-rate="1" branch-rate="1">
					<methods/>
					<lines/>
				</class>
				<class name="filesystem.py" filename="adapters/filesystem.py" complexity="0" line-rate="0.4194" branch-rate="1">
					<methods/>
					<lines>
						<line number="10" hits="1"/>
						<line number="11" hits="1"/>
						<line number="13" hits="1"/>
						<line number="16" hits="1"/>
						<line number="35" hits="0"/>
						<line number="36" hits="0"/>
						<line number="39" hits="1"/>
						<line number="58" hits="0"/>
						<line number="59" hits="0"/>
						<line number="62" hits="1"/>
						<line number="75" hits="0"/>
						<line number="76" hits="0"/>
						<line number="79" hits="1"/>
						<line number="92" hits="0"/>
						<line number="93" hits="0"/>
						<line number="96" hits="1"/>
						<line number="107" hits="0"/>
						<line number="108" hits="0"/>
						<line number="111" hits="1"/>
						<line number="122" hits="0"/>
						<line number="123" hits="0"/>
						<line number="126" hits="1"/>
						<line number="136" hits="0"/>
						<line number="137" hits="0"/>
						<line number="140" hits="1"/>
						<line number="150" hits="0"/>
						<line number="151" hits="0"/>
						<line number="154" hits="1"/>
						<line number="163" hits="0"/>
						<line number="166" hits="1"/>
						<line number="175" hits="0"/>
					</lines>
				</class>
			</classes>
		</package>
		<package name="app" line-rate="1" branch-rate="1" complexity="0">
			<classes>
				<class name="__init__.py" filename="app/__init__.py" complexity="0" line-rate="1" branch-rate="1">
					<methods/>
					<lines/>
				</class>
			</classes>
		</package>
		<package name="app.cli" line-rate="1" branch-rate="1" complexity="0">
			<classes>
				<class name="__init__.py" filename="app/cli/__init__.py" complexity="0" line-rate="1" branch-rate="1">
					<methods/>
					<lines/>
				</class>
			</classes>
		</package>
		<package name="domain" line-rate="0.9667" branch-rate="0.75" complexity="0">
			<classes>
				<class name="__init__.py" filename="domain/__init__.py" complexity="0" line-rate="1" branch-rate="1">
					<methods/>
					<lines/>
				</class>
				<class name="models.py" filename="domain/models.py" complexity="0" line-rate="0.9667" branch-rate="0.75">
					<methods/>
					<lines>
						<line number="11" hits="1"/>
						<line number="13" hits="1"/>
						<line number="21" hits="1"/>
						<line number="27" hits="1"/>
						<line number="28" hits="1"/>
						<line number="29" hits="1"/>
						<line number="31" hits="1"/>
						<line number="34" hits="1"/>
						<line number="40" hits="1"/>
						<line number="41" hits="1"/>
						<line number="42" hits="1"/>
						<line number="43" hits="1"/>
						<line number="44" hits="1"/>
						<line number="45" hits="1"/>
						<line number="46" hits="1"/>
						<line number="48" hits="1"/>
						<line number="51" hits="1"/>
						<line number="57" hits="1"/>
						<line number="58" hits="1"/>
						<line number="62" hits="1"/>
						<line number="65" hits="1"/>
						<line number="71" hits="1"/>
						<line number="72" hits="1"/>
						<line number="73" hits="1"/>
						<line number="75" hits="1"/>
						<line number="78" hits="1"/>
						<line number="84" hits="1"/>
						<line number="86" hits="1"/>
						<line number="89" hits="1"/>
						<line number="95" hits="1"/>
						<line number="97" hits="1"/>
						<line number="101" hits="1"/>
						<line number="106" hits="1"/>
						<line number="114" hits="1"/>
						<line number="117" hits="1"/>
						<line number="119" hits="1"/>
						<line number="122" hits="1"/>
						<line number="125" hits="1"/>
						<line number="126" hits="1"/>
						<line number="127" hits="1"/>
						<line number="129" hits="1"/>
						<line number="132" hits="1"/>
						<line number="135" hits="1"/>
						<line number="136" hits="1"/>
						<line number="137" hits="1"/>
						<line number="138" hits="1"/>
						<line number="139" hits="1"/>
						<line number="140" hits="1"/>
						<line number="142" hits="1"/>
						<line number="145" hits="1"/>
						<line number="148" hits="1"/>
						<line number="149" hits="1"/>
						<line number="150" hits="1"/>
						<line number="151" hits="1"/>
						<line number="152" hits="1"/>
						<line number="154" hits="1"/>
						<line number="157" hits="1"/>
						<line number="160" hits="1"/>
						<line number="161" hits="1"/>
						<line number="162" hits="1"/>
						<line number="163" hits="1"/>
						<line number="165" hits="1"/>
						<line number="168" hits="1"/>
						<line number="171" hits="1"/>
						<line number="172" hits="1"/>
						<line number="174" hits="1"/>
						<line number="177" hits="1"/>
						<line number="180" hits="1"/>
						<line number="182" hits="1"/>
						<line number="190" hits="1"/>
						<line number="196" hits="1"/>
						<line number="202" hits="1"/>
						<line number="208" hits="1"/>
						<line number="214" hits="1"/>
						<line number="220" hits="1"/>
						<line number="226" hits="1"/>
						<line number="232" hits="1"/>
						<line number="238" hits="1"/>
						<line number="244" hits="1"/>
						<line number="251" hits="1"/>
						<line number="257" hits="1"/>
						<line number="264" hits="1"/>
						<line number="270" hits="1"/>
						<line number="276" hits="1"/>
						<line number="282" hits="1"/>
						<line number="288" hits="1"/>
						<line number="295" hits="1"/>
						<line number="300" hits="1"/>
						<line number="306" hits="1"/>
						<line number="308" hits="1"/>
						<line number="309" hits="1"/>
						<line number="310" hits="1"/>
						<line number="314" hits="0" branch="true" condition-coverage="0% (0/2)" missing-branches="315,316"/>
						<line number="315" hits="0"/>
						<line number="316" hits="0"/>
						<line number="319" hits="1"/>
						<line number="325" hits="1"/>
						<line number="331" hits="1"/>
						<line number="336" hits="1"/>
						<line number="338" hits="1"/>
						<line number="339" hits="1"/>
						<line number="340" hits="1"/>
						<line number="342" hits="1" branch="true" condition-coverage="50% (1/2)" missing-branches="343"/>
						<line number="343" hits="0"/>
						<line number="344" hits="1"/>
						<line number="352" hits="1"/>
						<line number="364" hits="1"/>
						<line number="366" hits="1" branch="true" condition-coverage="100% (2/2)"/>
						<line number="367" hits="1"/>
						<line number="368" hits="1" branch="true" condition-coverage="100% (2/2)"/>
						<line number="369" hits="1"/>
						<line number="370" hits="1" branch="true" condition-coverage="100% (2/2)"/>
						<line number="371" hits="1"/>
						<line number="372" hits="1" branch="true" condition-coverage="100% (2/2)"/>
						<line number="373" hits="1"/>
						<line number="375" hits="1"/>
						<line number="378" hits="1"/>
						<line number="388" hits="1"/>
						<line number="391" hits="1"/>
						<line number="397" hits="1"/>
					</lines>
				</class>
			</classes>
		</package>
		<package name="services" line-rate="0.3273" branch-rate="0.05556" complexity="0">
			<classes>
				<class name="__init__.py" filename="services/__init__.py" complexity="0" line-rate="1" branch-rate="1">
					<methods/>
					<lines/>
				</class>
				<class name="script_loader.py" filename="services/script_loader.py" complexity="0" line-rate="0.3273" branch-rate="0.05556">
					<methods/>
					<lines>
						<line number="10" hits="1"/>
						<line number="11" hits="1"/>
						<line number="13" hits="1"/>
						<line number="16" hits="1"/>
						<line number="19" hits="1"/>
						<line number="26" hits="1" branch="true" condition-coverage="50% (1/2)" missing-branches="30"/>
						<line number="28" hits="1"/>
						<line number="30" hits="0"/>
						<line number="32" hits="1"/>
						<line number="34" hits="1"/>
						<line number="46" hits="0"/>
						<line number="47" hits="0" branch="true" condition-coverage="0% (0/2)" missing-branches="48,49"/>
						<line number="48" hits="0"/>
						<line number="49" hits="0"/>
						<line number="51" hits="1"/>
						<line number="64" hits="0" branch="true" condition-coverage="0% (0/2)" missing-branches="65,67"/>
						<line number="65" hits="0"/>
						<line number="67" hits="0"/>
						<line number="68" hits="0"/>
						<line number="70" hits="0" branch="true" condition-coverage="0% (0/2)" missing-branches="71,73"/>
						<line number="71" hits="0"/>
						<line number="73" hits="0"/>
						<line number="75" hits="1"/>
						<line number="88" hits="0" branch="true" condition-coverage="0% (0/2)" missing-branches="89,91"/>
						<line number="89" hits="0"/>
						<line number="91" hits="0"/>
						<line number="92" hits="0"/>
						<line number="94" hits="0" branch="true" condition-coverage="0% (0/2)" missing-branches="95,97"/>
						<line number="95" hits="0"/>
						<line number="97" hits="0"/>
						<line number="99" hits="1"/>
						<line number="121" hits="0"/>
						<line number="122" hits="0" branch="true" condition-coverage="0% (0/2)" missing-branches="124,135"/>
						<line number="124" hits="0" branch="true" condition-coverage="0% (0/2)" missing-branches="125,126"/>
						<line number="125" hits="0"/>
						<line number="126" hits="0" branch="true" condition-coverage="0% (0/2)" missing-branches="127,131"/>
						<line number="127" hits="0"/>
						<line number="129" hits="0"/>
						<line number="131" hits="0"/>
						<line number="133" hits="0"/>
						<line number="135" hits="0"/>
						<line number="137" hits="1"/>
						<line number="153" hits="0"/>
						<line number="154" hits="0"/>
						<line number="156" hits="1"/>
						<line number="172" hits="0"/>
						<line number="173" hits="0"/>
						<line number="175" hits="1"/>
						<line number="184" hits="0"/>
						<line number="186" hits="1"/>
						<line number="195" hits="0"/>
						<line number="197" hits="1"/>
						<line number="199" hits="0"/>
						<line number="201" hits="1"/>
						<line number="207" hits="0"/>
					</lines>
				</class>
			</classes>
		</package>
	</packages>
</coverage>
